{
  "stats": {
    "suites": 2,
    "tests": 16,
    "passes": 16,
    "pending": 0,
    "failures": 0,
    "testsRegistered": 16,
    "passPercent": 100,
    "pendingPercent": 0,
    "other": 0,
    "hasOther": false,
    "skipped": 0,
    "hasSkipped": false,
    "start": "2025-08-24T09:13:50.883Z",
    "end": "2025-08-24T09:16:59.254Z",
    "duration": 188371
  },
  "results": [
    {
      "uuid": "4d4e0cbc-758b-43e9-ad9e-c41618b0e186",
      "title": "",
      "fullFile": "cypress/e2e/basic-ui.cy.js",
      "file": "cypress/e2e/basic-ui.cy.js",
      "beforeHooks": [],
      "afterHooks": [],
      "tests": [],
      "suites": [
        {
          "uuid": "36ed5f4e-98d3-4503-837c-45b1a81b3aaf",
          "title": "Basic UI Functionality",
          "fullFile": "",
          "file": "",
          "beforeHooks": [],
          "afterHooks": [],
          "tests": [
            {
              "title": "should load the application successfully",
              "fullTitle": "Basic UI Functionality should load the application successfully",
              "timedOut": null,
              "duration": 6462,
              "state": "passed",
              "speed": "medium",
              "pass": true,
              "fail": false,
              "pending": false,
              "context": null,
              "code": "cy.get('body').should('be.visible');\ncy.get('global-store-migrated').should('exist');\ncy.get('.sidebar-nav').should('be.visible');\n// Take screenshot of initial load\ncy.takeNamedScreenshot('app-initial-load');\n// Measure page load performance\ncy.measurePageLoad('Jobs Application');",
              "err": {},
              "uuid": "8921efb0-f193-435d-9300-9724aade2106",
              "parentUUID": "36ed5f4e-98d3-4503-837c-45b1a81b3aaf",
              "isHook": false,
              "skipped": false
            },
            {
              "title": "should navigate between sections",
              "fullTitle": "Basic UI Functionality should navigate between sections",
              "timedOut": null,
              "duration": 8056,
              "state": "passed",
              "speed": "medium",
              "pass": true,
              "fail": false,
              "pending": false,
              "context": null,
              "code": "const sections = ['jobs', 'resumes', 'settings'];\nsections.forEach(section => {\n  cy.navigateToSection(section);\n  cy.takeNamedScreenshot(`section-${section}`);\n  cy.wait(500); // Allow section to fully load\n});",
              "err": {},
              "uuid": "649d9aba-9fdf-43ee-98ef-2dd592490ef7",
              "parentUUID": "36ed5f4e-98d3-4503-837c-45b1a81b3aaf",
              "isHook": false,
              "skipped": false
            },
            {
              "title": "should display job list interface correctly",
              "fullTitle": "Basic UI Functionality should display job list interface correctly",
              "timedOut": null,
              "duration": 4216,
              "state": "passed",
              "speed": "fast",
              "pass": true,
              "fail": false,
              "pending": false,
              "context": null,
              "code": "// Check that the job list interface is visible and functional\ncy.get('#items-list').should('be.visible');\ncy.get('#items-header').should('contain.text', 'Jobs');\n// The list should be empty by default (no jobs seeded)\ncy.get('.empty-state').should('be.visible');\ncy.takeNamedScreenshot('job-list-interface');",
              "err": {},
              "uuid": "69305152-ca80-4015-9eec-6003b8426edd",
              "parentUUID": "36ed5f4e-98d3-4503-837c-45b1a81b3aaf",
              "isHook": false,
              "skipped": false
            },
            {
              "title": "should handle empty state properly",
              "fullTitle": "Basic UI Functionality should handle empty state properly",
              "timedOut": null,
              "duration": 5885,
              "state": "passed",
              "speed": "medium",
              "pass": true,
              "fail": false,
              "pending": false,
              "context": null,
              "code": "cy.get('#items-list').should('be.visible');\ncy.get('.empty-state').should('be.visible');\ncy.takeNamedScreenshot('empty-state');",
              "err": {},
              "uuid": "f62c111e-8d9a-4e5c-85ec-00a939e42db9",
              "parentUUID": "36ed5f4e-98d3-4503-837c-45b1a81b3aaf",
              "isHook": false,
              "skipped": false
            },
            {
              "title": "should display settings section",
              "fullTitle": "Basic UI Functionality should display settings section",
              "timedOut": null,
              "duration": 4111,
              "state": "passed",
              "speed": "fast",
              "pass": true,
              "fail": false,
              "pending": false,
              "context": null,
              "code": "cy.navigateToSection('settings');\ncy.get('#settings-panel').should('be.visible');\ncy.takeNamedScreenshot('settings-section');",
              "err": {},
              "uuid": "f98e6968-e581-495c-9d4d-74690066b52f",
              "parentUUID": "36ed5f4e-98d3-4503-837c-45b1a81b3aaf",
              "isHook": false,
              "skipped": false
            },
            {
              "title": "should be responsive on different viewports",
              "fullTitle": "Basic UI Functionality should be responsive on different viewports",
              "timedOut": null,
              "duration": 6492,
              "state": "passed",
              "speed": "medium",
              "pass": true,
              "fail": false,
              "pending": false,
              "context": null,
              "code": "const viewports = [{\n  width: 1280,\n  height: 720,\n  name: 'desktop'\n}, {\n  width: 768,\n  height: 1024,\n  name: 'tablet'\n}, {\n  width: 375,\n  height: 667,\n  name: 'mobile'\n}];\nviewports.forEach(viewport => {\n  cy.viewport(viewport.width, viewport.height);\n  cy.wait(500);\n  cy.takeNamedScreenshot(`responsive-${viewport.name}`);\n  // Check that key elements are still visible and accessible\n  cy.get('.sidebar-nav').should('be.visible');\n  cy.get('#section-title').should('be.visible');\n});",
              "err": {},
              "uuid": "fe8e4c41-f887-4b46-9771-68c22434edc4",
              "parentUUID": "36ed5f4e-98d3-4503-837c-45b1a81b3aaf",
              "isHook": false,
              "skipped": false
            },
            {
              "title": "should maintain application state across page reloads",
              "fullTitle": "Basic UI Functionality should maintain application state across page reloads",
              "timedOut": null,
              "duration": 5410,
              "state": "passed",
              "speed": "medium",
              "pass": true,
              "fail": false,
              "pending": false,
              "context": null,
              "code": "// Reload the page and verify it still works\ncy.reload();\ncy.waitForStore();\n// Check that the application still loads properly\ncy.get('.sidebar-nav').should('be.visible');\ncy.get('#items-list').should('be.visible');\ncy.get('#section-title').should('contain.text', 'Jobs');\ncy.takeNamedScreenshot('page-reload-test');",
              "err": {},
              "uuid": "d15f0a40-ab80-455f-8a7f-e077cb7baedf",
              "parentUUID": "36ed5f4e-98d3-4503-837c-45b1a81b3aaf",
              "isHook": false,
              "skipped": false
            },
            {
              "title": "should perform basic accessibility checks",
              "fullTitle": "Basic UI Functionality should perform basic accessibility checks",
              "timedOut": null,
              "duration": 3650,
              "state": "passed",
              "speed": "fast",
              "pass": true,
              "fail": false,
              "pending": false,
              "context": null,
              "code": "cy.checkA11y();\ncy.takeNamedScreenshot('accessibility-check');",
              "err": {},
              "uuid": "85b4820b-6d6c-4c35-a024-edd4acf0ef23",
              "parentUUID": "36ed5f4e-98d3-4503-837c-45b1a81b3aaf",
              "isHook": false,
              "skipped": false
            }
          ],
          "suites": [],
          "passes": [
            "8921efb0-f193-435d-9300-9724aade2106",
            "649d9aba-9fdf-43ee-98ef-2dd592490ef7",
            "69305152-ca80-4015-9eec-6003b8426edd",
            "f62c111e-8d9a-4e5c-85ec-00a939e42db9",
            "f98e6968-e581-495c-9d4d-74690066b52f",
            "fe8e4c41-f887-4b46-9771-68c22434edc4",
            "d15f0a40-ab80-455f-8a7f-e077cb7baedf",
            "85b4820b-6d6c-4c35-a024-edd4acf0ef23"
          ],
          "failures": [],
          "pending": [],
          "skipped": [],
          "duration": 44282,
          "root": false,
          "rootEmpty": false,
          "_timeout": 2000
        }
      ],
      "passes": [],
      "failures": [],
      "pending": [],
      "skipped": [],
      "duration": 0,
      "root": true,
      "rootEmpty": true,
      "_timeout": 2000
    },
    {
      "uuid": "aa9248ca-63b1-4ee7-8890-5ae642876a49",
      "title": "",
      "fullFile": "cypress/e2e/basic-ui.cy.js",
      "file": "cypress/e2e/basic-ui.cy.js",
      "beforeHooks": [],
      "afterHooks": [],
      "tests": [],
      "suites": [
        {
          "uuid": "14d61b95-4292-4985-9fd3-ea2d88a09e8f",
          "title": "Basic UI Functionality",
          "fullFile": "",
          "file": "",
          "beforeHooks": [],
          "afterHooks": [],
          "tests": [
            {
              "title": "should load the application successfully",
              "fullTitle": "Basic UI Functionality should load the application successfully",
              "timedOut": null,
              "duration": 8827,
              "state": "passed",
              "speed": "medium",
              "pass": true,
              "fail": false,
              "pending": false,
              "context": null,
              "code": "cy.get('body').should('be.visible');\ncy.get('global-store-migrated').should('exist');\ncy.get('.sidebar-nav').should('be.visible');\n// Take screenshot of initial load\ncy.takeNamedScreenshot('app-initial-load');\n// Measure page load performance\ncy.measurePageLoad('Jobs Application');",
              "err": {},
              "uuid": "80f69f47-6543-4d38-8f03-f8fdeccf2ace",
              "parentUUID": "14d61b95-4292-4985-9fd3-ea2d88a09e8f",
              "isHook": false,
              "skipped": false
            },
            {
              "title": "should navigate between sections",
              "fullTitle": "Basic UI Functionality should navigate between sections",
              "timedOut": null,
              "duration": 8598,
              "state": "passed",
              "speed": "medium",
              "pass": true,
              "fail": false,
              "pending": false,
              "context": null,
              "code": "const sections = ['jobs', 'resumes', 'settings'];\nsections.forEach(section => {\n  cy.navigateToSection(section);\n  cy.takeNamedScreenshot(`section-${section}`);\n  cy.wait(500); // Allow section to fully load\n});",
              "err": {},
              "uuid": "c6585077-84c2-4e74-b6fe-aa502becb031",
              "parentUUID": "14d61b95-4292-4985-9fd3-ea2d88a09e8f",
              "isHook": false,
              "skipped": false
            },
            {
              "title": "should display job list interface correctly",
              "fullTitle": "Basic UI Functionality should display job list interface correctly",
              "timedOut": null,
              "duration": 5776,
              "state": "passed",
              "speed": "medium",
              "pass": true,
              "fail": false,
              "pending": false,
              "context": null,
              "code": "// Check that the job list interface is visible and functional\ncy.get('#items-list').should('be.visible');\ncy.get('#items-header').should('contain.text', 'Jobs');\n// The list should be empty by default (no jobs seeded)\ncy.get('.empty-state').should('be.visible');\ncy.takeNamedScreenshot('job-list-interface');",
              "err": {},
              "uuid": "052765c3-1da1-4002-8ce2-82ed42a46909",
              "parentUUID": "14d61b95-4292-4985-9fd3-ea2d88a09e8f",
              "isHook": false,
              "skipped": false
            },
            {
              "title": "should handle empty state properly",
              "fullTitle": "Basic UI Functionality should handle empty state properly",
              "timedOut": null,
              "duration": 4767,
              "state": "passed",
              "speed": "fast",
              "pass": true,
              "fail": false,
              "pending": false,
              "context": null,
              "code": "cy.get('#items-list').should('be.visible');\ncy.get('.empty-state').should('be.visible');\ncy.takeNamedScreenshot('empty-state');",
              "err": {},
              "uuid": "1e3728c7-fba5-46ed-ab73-146f9ebcce57",
              "parentUUID": "14d61b95-4292-4985-9fd3-ea2d88a09e8f",
              "isHook": false,
              "skipped": false
            },
            {
              "title": "should display settings section",
              "fullTitle": "Basic UI Functionality should display settings section",
              "timedOut": null,
              "duration": 5152,
              "state": "passed",
              "speed": "medium",
              "pass": true,
              "fail": false,
              "pending": false,
              "context": null,
              "code": "cy.navigateToSection('settings');\ncy.get('#settings-panel').should('be.visible');\ncy.takeNamedScreenshot('settings-section');",
              "err": {},
              "uuid": "dba9701b-6cce-4fbf-b65d-47a91351dd40",
              "parentUUID": "14d61b95-4292-4985-9fd3-ea2d88a09e8f",
              "isHook": false,
              "skipped": false
            },
            {
              "title": "should be responsive on different viewports",
              "fullTitle": "Basic UI Functionality should be responsive on different viewports",
              "timedOut": null,
              "duration": 8054,
              "state": "passed",
              "speed": "medium",
              "pass": true,
              "fail": false,
              "pending": false,
              "context": null,
              "code": "const viewports = [{\n  width: 1280,\n  height: 720,\n  name: 'desktop'\n}, {\n  width: 768,\n  height: 1024,\n  name: 'tablet'\n}, {\n  width: 375,\n  height: 667,\n  name: 'mobile'\n}];\nviewports.forEach(viewport => {\n  cy.viewport(viewport.width, viewport.height);\n  cy.wait(500);\n  cy.takeNamedScreenshot(`responsive-${viewport.name}`);\n  // Check that key elements are still visible and accessible\n  cy.get('.sidebar-nav').should('be.visible');\n  cy.get('#section-title').should('be.visible');\n});",
              "err": {},
              "uuid": "a110c494-a371-4554-af13-938b6ebf5193",
              "parentUUID": "14d61b95-4292-4985-9fd3-ea2d88a09e8f",
              "isHook": false,
              "skipped": false
            },
            {
              "title": "should maintain application state across page reloads",
              "fullTitle": "Basic UI Functionality should maintain application state across page reloads",
              "timedOut": null,
              "duration": 6344,
              "state": "passed",
              "speed": "medium",
              "pass": true,
              "fail": false,
              "pending": false,
              "context": null,
              "code": "// Reload the page and verify it still works\ncy.reload();\ncy.waitForStore();\n// Check that the application still loads properly\ncy.get('.sidebar-nav').should('be.visible');\ncy.get('#items-list').should('be.visible');\ncy.get('#section-title').should('contain.text', 'Jobs');\ncy.takeNamedScreenshot('page-reload-test');",
              "err": {},
              "uuid": "dcff1c7e-0af3-4101-856d-43c6ff787aa3",
              "parentUUID": "14d61b95-4292-4985-9fd3-ea2d88a09e8f",
              "isHook": false,
              "skipped": false
            },
            {
              "title": "should perform basic accessibility checks",
              "fullTitle": "Basic UI Functionality should perform basic accessibility checks",
              "timedOut": null,
              "duration": 4219,
              "state": "passed",
              "speed": "fast",
              "pass": true,
              "fail": false,
              "pending": false,
              "context": null,
              "code": "cy.checkA11y();\ncy.takeNamedScreenshot('accessibility-check');",
              "err": {},
              "uuid": "0c56a5a8-a1be-474c-800d-fda5318dfc63",
              "parentUUID": "14d61b95-4292-4985-9fd3-ea2d88a09e8f",
              "isHook": false,
              "skipped": false
            }
          ],
          "suites": [],
          "passes": [
            "80f69f47-6543-4d38-8f03-f8fdeccf2ace",
            "c6585077-84c2-4e74-b6fe-aa502becb031",
            "052765c3-1da1-4002-8ce2-82ed42a46909",
            "1e3728c7-fba5-46ed-ab73-146f9ebcce57",
            "dba9701b-6cce-4fbf-b65d-47a91351dd40",
            "a110c494-a371-4554-af13-938b6ebf5193",
            "dcff1c7e-0af3-4101-856d-43c6ff787aa3",
            "0c56a5a8-a1be-474c-800d-fda5318dfc63"
          ],
          "failures": [],
          "pending": [],
          "skipped": [],
          "duration": 51737,
          "root": false,
          "rootEmpty": false,
          "_timeout": 2000
        }
      ],
      "passes": [],
      "failures": [],
      "pending": [],
      "skipped": [],
      "duration": 0,
      "root": true,
      "rootEmpty": true,
      "_timeout": 2000
    }
  ],
  "meta": {
    "mocha": {
      "version": "7.0.1"
    },
    "mochawesome": {
      "options": {
        "quiet": false,
        "reportFilename": "mochawesome",
        "saveHtml": false,
        "saveJson": true,
        "consoleReporter": "spec",
        "useInlineDiffs": false,
        "code": true
      },
      "version": "7.1.3"
    },
    "marge": {
      "options": {
        "reportDir": "cypress/reports",
        "overwrite": false,
        "html": false,
        "json": true,
        "timestamp": "mmddyyyy_HHMMss"
      },
      "version": "6.2.0"
    }
  }
}