{
  "stats": {
    "suites": 1,
    "tests": 8,
    "passes": 8,
    "pending": 0,
    "failures": 0,
    "start": "2025-08-26T06:27:08.718Z",
    "end": "2025-08-26T06:27:51.367Z",
    "duration": 42649,
    "testsRegistered": 8,
    "passPercent": 100,
    "pendingPercent": 0,
    "other": 0,
    "hasOther": false,
    "skipped": 0,
    "hasSkipped": false
  },
  "results": [
    {
      "uuid": "bb2015c0-7adc-4899-8d05-8533e27420e1",
      "title": "",
      "fullFile": "cypress/e2e/basic-ui.cy.js",
      "file": "cypress/e2e/basic-ui.cy.js",
      "beforeHooks": [],
      "afterHooks": [],
      "tests": [],
      "suites": [
        {
          "uuid": "838f6fca-6207-40d2-9d66-785ef6bd6bfc",
          "title": "Basic UI Functionality",
          "fullFile": "",
          "file": "",
          "beforeHooks": [],
          "afterHooks": [],
          "tests": [
            {
              "title": "should load the application successfully",
              "fullTitle": "Basic UI Functionality should load the application successfully",
              "timedOut": null,
              "duration": 6597,
              "state": "passed",
              "speed": "medium",
              "pass": true,
              "fail": false,
              "pending": false,
              "context": null,
              "code": "cy.get('body').should('be.visible');\ncy.get('global-store-migrated').should('exist');\ncy.get('.sidebar-nav').should('be.visible');\n// Take screenshot of initial load\ncy.takeNamedScreenshot('app-initial-load');\n// Measure page load performance\ncy.measurePageLoad('Jobs Application');",
              "err": {},
              "uuid": "5fb73e16-5e90-4081-b0b6-69ef08f8bde2",
              "parentUUID": "838f6fca-6207-40d2-9d66-785ef6bd6bfc",
              "isHook": false,
              "skipped": false
            },
            {
              "title": "should navigate between sections",
              "fullTitle": "Basic UI Functionality should navigate between sections",
              "timedOut": null,
              "duration": 8619,
              "state": "passed",
              "speed": "medium",
              "pass": true,
              "fail": false,
              "pending": false,
              "context": null,
              "code": "const sections = ['jobs', 'resumes', 'settings'];\nsections.forEach(section => {\n  cy.navigateToSection(section);\n  cy.takeNamedScreenshot(`section-${section}`);\n  cy.wait(500); // Allow section to fully load\n});",
              "err": {},
              "uuid": "850a7750-e7b8-40f5-b410-e3b958fa054b",
              "parentUUID": "838f6fca-6207-40d2-9d66-785ef6bd6bfc",
              "isHook": false,
              "skipped": false
            },
            {
              "title": "should display job list interface correctly",
              "fullTitle": "Basic UI Functionality should display job list interface correctly",
              "timedOut": null,
              "duration": 3664,
              "state": "passed",
              "speed": "fast",
              "pass": true,
              "fail": false,
              "pending": false,
              "context": null,
              "code": "// Check that the job list interface is visible and functional\ncy.get('#items-list').should('be.visible');\ncy.get('#items-header').should('contain.text', 'Jobs');\n// The list should be empty by default (no jobs seeded)\ncy.get('.empty-state').should('be.visible');\ncy.takeNamedScreenshot('job-list-interface');",
              "err": {},
              "uuid": "0e3e4e1a-b65d-4a48-8f8f-906fdce7d3bd",
              "parentUUID": "838f6fca-6207-40d2-9d66-785ef6bd6bfc",
              "isHook": false,
              "skipped": false
            },
            {
              "title": "should handle empty state properly",
              "fullTitle": "Basic UI Functionality should handle empty state properly",
              "timedOut": null,
              "duration": 3515,
              "state": "passed",
              "speed": "fast",
              "pass": true,
              "fail": false,
              "pending": false,
              "context": null,
              "code": "cy.get('#items-list').should('be.visible');\ncy.get('.empty-state').should('be.visible');\ncy.takeNamedScreenshot('empty-state');",
              "err": {},
              "uuid": "2d3fa9ad-2bdf-4624-a1f2-1464fde07337",
              "parentUUID": "838f6fca-6207-40d2-9d66-785ef6bd6bfc",
              "isHook": false,
              "skipped": false
            },
            {
              "title": "should display settings section",
              "fullTitle": "Basic UI Functionality should display settings section",
              "timedOut": null,
              "duration": 3881,
              "state": "passed",
              "speed": "fast",
              "pass": true,
              "fail": false,
              "pending": false,
              "context": null,
              "code": "cy.navigateToSection('settings');\ncy.get('#settings-panel').should('be.visible');\ncy.takeNamedScreenshot('settings-section');",
              "err": {},
              "uuid": "11736662-a1ef-4853-b294-477e406f472e",
              "parentUUID": "838f6fca-6207-40d2-9d66-785ef6bd6bfc",
              "isHook": false,
              "skipped": false
            },
            {
              "title": "should be responsive on different viewports",
              "fullTitle": "Basic UI Functionality should be responsive on different viewports",
              "timedOut": null,
              "duration": 6161,
              "state": "passed",
              "speed": "medium",
              "pass": true,
              "fail": false,
              "pending": false,
              "context": null,
              "code": "const viewports = [{\n  width: 1280,\n  height: 720,\n  name: 'desktop'\n}, {\n  width: 768,\n  height: 1024,\n  name: 'tablet'\n}, {\n  width: 375,\n  height: 667,\n  name: 'mobile'\n}];\nviewports.forEach(viewport => {\n  cy.viewport(viewport.width, viewport.height);\n  cy.wait(500);\n  cy.takeNamedScreenshot(`responsive-${viewport.name}`);\n  // Check that key elements are still visible and accessible\n  cy.get('.sidebar-nav').should('be.visible');\n  cy.get('#section-title').should('be.visible');\n});",
              "err": {},
              "uuid": "eab2dfcd-6722-4953-a00d-7757f439d940",
              "parentUUID": "838f6fca-6207-40d2-9d66-785ef6bd6bfc",
              "isHook": false,
              "skipped": false
            },
            {
              "title": "should maintain application state across page reloads",
              "fullTitle": "Basic UI Functionality should maintain application state across page reloads",
              "timedOut": null,
              "duration": 4686,
              "state": "passed",
              "speed": "fast",
              "pass": true,
              "fail": false,
              "pending": false,
              "context": null,
              "code": "// Reload the page and verify it still works\ncy.reload();\ncy.waitForStore();\n// Check that the application still loads properly\ncy.get('.sidebar-nav').should('be.visible');\ncy.get('#items-list').should('be.visible');\ncy.get('#section-title').should('contain.text', 'Jobs');\ncy.takeNamedScreenshot('page-reload-test');",
              "err": {},
              "uuid": "29b68995-b078-41a2-ace0-6230f2803076",
              "parentUUID": "838f6fca-6207-40d2-9d66-785ef6bd6bfc",
              "isHook": false,
              "skipped": false
            },
            {
              "title": "should perform basic accessibility checks",
              "fullTitle": "Basic UI Functionality should perform basic accessibility checks",
              "timedOut": null,
              "duration": 3382,
              "state": "passed",
              "speed": "fast",
              "pass": true,
              "fail": false,
              "pending": false,
              "context": null,
              "code": "cy.checkA11y();\ncy.takeNamedScreenshot('accessibility-check');",
              "err": {},
              "uuid": "f9d14f39-6d93-4297-8935-6942e059f753",
              "parentUUID": "838f6fca-6207-40d2-9d66-785ef6bd6bfc",
              "isHook": false,
              "skipped": false
            }
          ],
          "suites": [],
          "passes": [
            "5fb73e16-5e90-4081-b0b6-69ef08f8bde2",
            "850a7750-e7b8-40f5-b410-e3b958fa054b",
            "0e3e4e1a-b65d-4a48-8f8f-906fdce7d3bd",
            "2d3fa9ad-2bdf-4624-a1f2-1464fde07337",
            "11736662-a1ef-4853-b294-477e406f472e",
            "eab2dfcd-6722-4953-a00d-7757f439d940",
            "29b68995-b078-41a2-ace0-6230f2803076",
            "f9d14f39-6d93-4297-8935-6942e059f753"
          ],
          "failures": [],
          "pending": [],
          "skipped": [],
          "duration": 40505,
          "root": false,
          "rootEmpty": false,
          "_timeout": 2000
        }
      ],
      "passes": [],
      "failures": [],
      "pending": [],
      "skipped": [],
      "duration": 0,
      "root": true,
      "rootEmpty": true,
      "_timeout": 2000
    }
  ],
  "meta": {
    "mocha": {
      "version": "7.0.1"
    },
    "mochawesome": {
      "options": {
        "quiet": false,
        "reportFilename": "mochawesome",
        "saveHtml": false,
        "saveJson": true,
        "consoleReporter": "spec",
        "useInlineDiffs": false,
        "code": true
      },
      "version": "7.1.3"
    },
    "marge": {
      "options": {
        "reportDir": "cypress/reports",
        "overwrite": false,
        "html": false,
        "json": true,
        "timestamp": "mmddyyyy_HHMMss"
      },
      "version": "6.2.0"
    }
  }
}