{
  "stats": {
    "suites": 6,
    "tests": 11,
    "passes": 9,
    "pending": 0,
    "failures": 2,
    "start": "2025-08-25T11:52:48.203Z",
    "end": "2025-08-25T11:54:30.223Z",
    "duration": 102020,
    "testsRegistered": 11,
    "passPercent": 81.81818181818183,
    "pendingPercent": 0,
    "other": 0,
    "hasOther": false,
    "skipped": 0,
    "hasSkipped": false
  },
  "results": [
    {
      "uuid": "b3747e4f-c05e-4649-b50e-b2d4d18705ca",
      "title": "",
      "fullFile": "cypress/e2e/component-functionality.cy.js",
      "file": "cypress/e2e/component-functionality.cy.js",
      "beforeHooks": [],
      "afterHooks": [],
      "tests": [],
      "suites": [
        {
          "uuid": "b88ffeaf-077f-429f-bfab-b2afd0a96c1b",
          "title": "Component Functionality Tests",
          "fullFile": "",
          "file": "",
          "beforeHooks": [],
          "afterHooks": [],
          "tests": [],
          "suites": [
            {
              "uuid": "3bcf2492-17dd-428d-a1b5-0e4379a9d8de",
              "title": "Job Manager Component",
              "fullFile": "",
              "file": "",
              "beforeHooks": [],
              "afterHooks": [],
              "tests": [
                {
                  "title": "should create a new job successfully",
                  "fullTitle": "Component Functionality Tests Job Manager Component should create a new job successfully",
                  "timedOut": null,
                  "duration": 14247,
                  "state": "passed",
                  "speed": "slow",
                  "pass": true,
                  "fail": false,
                  "pending": false,
                  "context": null,
                  "code": "// Use generic Add button (migrated UI)\ncy.get('#add-item-btn').should('be.visible').click();\ncy.openModal('form-modal');\n// Fill job form using form field names\ncy.fixture('test-data').then(testData => {\n  const job = testData.formTestData.validJob;\n  cy.get('#form-modal').within(() => {\n    cy.get('form [name=\"company\"]').clear().type(job.company);\n    cy.get('form [name=\"position\"]').clear().type(job.position);\n    cy.get('form [name=\"location\"]').clear().type(job.location);\n    cy.get('form [name=\"description\"]').clear().type(job.description || '');\n    cy.get('form [name=\"url\"]').clear().type(job.url || '');\n  });\n});\ncy.takeNamedScreenshot('job-manager-create-job');\n// Save job (generic form save)\ncy.get('#form-save').click();\n// Verify job appears in list (card renderer uses .item-card)\ncy.get('.item-card').should('contain.text', 'Test Company');\ncy.takeNamedScreenshot('job-manager-job-created');",
                  "err": {},
                  "uuid": "ed6b57ec-b767-49c7-8703-fc3d9f4aae37",
                  "parentUUID": "3bcf2492-17dd-428d-a1b5-0e4379a9d8de",
                  "isHook": false,
                  "skipped": false
                },
                {
                  "title": "should update job status",
                  "fullTitle": "Component Functionality Tests Job Manager Component should update job status",
                  "timedOut": null,
                  "duration": 8158,
                  "state": "failed",
                  "speed": null,
                  "pass": false,
                  "fail": true,
                  "pending": false,
                  "context": null,
                  "code": "// Seed test data first\ncy.fixture('test-data').then(testData => {\n  cy.seedJobData([testData.testJobs[0]]);\n});\ncy.visitJobsApp('new');\ncy.waitForStore();\n// Click on job to open details (cards are .item-card)\ncy.get('.item-card').first().click();\n// Wait for details panel status select to appear and change it\ncy.get('#details-content').find('[name=\"status\"]', {\n  timeout: 10000\n}).should('exist').select('interviewing');\ncy.takeNamedScreenshot('job-manager-status-change');\n// Verify status updated in select and on card badges\ncy.get('#details-content').find('[name=\"status\"]').should('have.value', 'interviewing');\n// Ensure at least one rendered item card shows the updated status badge\ncy.get('.item-card').then(cards => {\n  const matchCount = [...cards].filter(c => {\n    var _c$querySelector;\n    const txt = ((_c$querySelector = c.querySelector('.status-badge')) === null || _c$querySelector === void 0 ? void 0 : _c$querySelector.textContent) || '';\n    return /interview/i.test(txt.trim());\n  }).length;\n  expect(matchCount).to.be.greaterThan(0);\n});",
                  "err": {
                    "message": "AssertionError: expected 0 to be above 0",
                    "estack": "AssertionError: expected 0 to be above 0\n    at Context.eval (webpack://job-hunt-manager/./cypress/e2e/component-functionality.cy.js:60:33)",
                    "diff": ""
                  },
                  "uuid": "8f194442-d58b-41c9-ac37-575d6dfbbcac",
                  "parentUUID": "3bcf2492-17dd-428d-a1b5-0e4379a9d8de",
                  "isHook": false,
                  "skipped": false
                },
                {
                  "title": "should filter jobs by status",
                  "fullTitle": "Component Functionality Tests Job Manager Component should filter jobs by status",
                  "timedOut": null,
                  "duration": 6284,
                  "state": "passed",
                  "speed": "medium",
                  "pass": true,
                  "fail": false,
                  "pending": false,
                  "context": null,
                  "code": "// Seed multiple jobs with different statuses\ncy.fixture('test-data').then(testData => {\n  cy.seedJobData(testData.testJobs);\n});\ncy.visitJobsApp('new');\ncy.waitForStore();\n// Instead of relying on a UI filter (migrated UI has no global #status-filter),\n// verify counts by inspecting rendered item cards and their status badges.\ncy.fixture('test-data').then(testData => {\n  const jobs = testData.testJobs;\n  const counts = jobs.reduce((acc, j) => {\n    acc[j.status] = (acc[j.status] || 0) + 1;\n    return acc;\n  }, {});\n  // Wait for cards to render\n  cy.get('.item-card').should('have.length', jobs.length);\n  // For each status in the fixture, assert the rendered badge count\n  Object.entries(counts).forEach(([status, expected]) => {\n    cy.get('.item-card').then(cards => {\n      const matchCount = [...cards].filter(c => {\n        var _c$querySelector2;\n        return ((_c$querySelector2 = c.querySelector(`.status-badge`)) === null || _c$querySelector2 === void 0 || (_c$querySelector2 = _c$querySelector2.textContent) === null || _c$querySelector2 === void 0 ? void 0 : _c$querySelector2.trim()) === status;\n      }).length;\n      expect(matchCount).to.equal(expected);\n    });\n  });\n});\ncy.takeNamedScreenshot('job-manager-filter-by-badge-counts');",
                  "err": {},
                  "uuid": "73942652-4339-4e25-9e54-ef74d744869d",
                  "parentUUID": "3bcf2492-17dd-428d-a1b5-0e4379a9d8de",
                  "isHook": false,
                  "skipped": false
                }
              ],
              "suites": [],
              "passes": [
                "ed6b57ec-b767-49c7-8703-fc3d9f4aae37",
                "73942652-4339-4e25-9e54-ef74d744869d"
              ],
              "failures": [
                "8f194442-d58b-41c9-ac37-575d6dfbbcac"
              ],
              "pending": [],
              "skipped": [],
              "duration": 28689,
              "root": false,
              "rootEmpty": false,
              "_timeout": 2000
            },
            {
              "uuid": "ac8cda5d-f905-4ded-adac-f4322d4777b6",
              "title": "Resume Editor Component",
              "fullFile": "",
              "file": "",
              "beforeHooks": [],
              "afterHooks": [],
              "tests": [
                {
                  "title": "should create a new resume",
                  "fullTitle": "Component Functionality Tests Resume Editor Component should create a new resume",
                  "timedOut": null,
                  "duration": 5624,
                  "state": "passed",
                  "speed": "medium",
                  "pass": true,
                  "fail": false,
                  "pending": false,
                  "context": null,
                  "code": "// Use migrated UI: navigate to resumes and click generic Add button\ncy.get('#section-title').should('contain.text', 'Resumes');\ncy.get('#add-item-btn').should('be.visible').click();\n// The form for 'resumes' will include a text field for the resume name\ncy.get('#form-modal').within(() => {\n  cy.get('form [name=\"name\"]').clear().type('Test User');\n  cy.get('#form-save').click();\n});\n// Verify resume was saved (card renderer .item-card used for resumes)\ncy.get('.item-card').should('contain.text', 'Test User');\ncy.takeNamedScreenshot('resume-editor-resume-saved');",
                  "err": {},
                  "uuid": "ac1228e4-b8f4-4c1a-9386-421c51ce203d",
                  "parentUUID": "ac8cda5d-f905-4ded-adac-f4322d4777b6",
                  "isHook": false,
                  "skipped": false
                },
                {
                  "title": "should add work experience (via seeded resume)",
                  "fullTitle": "Component Functionality Tests Resume Editor Component should add work experience (via seeded resume)",
                  "timedOut": null,
                  "duration": 8011,
                  "state": "passed",
                  "speed": "medium",
                  "pass": true,
                  "fail": false,
                  "pending": false,
                  "context": null,
                  "code": "// Seed a resume that already includes work experience and verify it's rendered\ncy.fixture('test-data').then(testData => {\n  // Ensure the fixture's resume includes at least one work entry and a recognizable name\n  const r = testData.testResumes[0];\n  r.name = r.name || 'Seeded Co';\n  if (!r.content) r.content = {};\n  if (!r.content.work || r.content.work.length === 0) {\n    r.content = r.content || {};\n    r.content.work = [{\n      name: 'Seeded Co',\n      position: 'Engineer',\n      startDate: '2020-01-01'\n    }];\n  }\n  cy.seedResumeData([r]);\n});\ncy.visitJobsApp('new');\ncy.waitForStore();\ncy.navigateToSection('resumes');\n// Open the resume and verify that work entries are shown in the resume card or details\ncy.get('.item-card').first().click();\ncy.get('.item-card').first().should('contain.text', 'Seeded Co');\ncy.takeNamedScreenshot('resume-editor-seeded-work');",
                  "err": {},
                  "uuid": "064e15d2-53f8-4ecc-8c55-09f5e6c68982",
                  "parentUUID": "ac8cda5d-f905-4ded-adac-f4322d4777b6",
                  "isHook": false,
                  "skipped": false
                }
              ],
              "suites": [],
              "passes": [
                "ac1228e4-b8f4-4c1a-9386-421c51ce203d",
                "064e15d2-53f8-4ecc-8c55-09f5e6c68982"
              ],
              "failures": [],
              "pending": [],
              "skipped": [],
              "duration": 13635,
              "root": false,
              "rootEmpty": false,
              "_timeout": 2000
            },
            {
              "uuid": "c272f7f4-4e80-4d05-a2c1-72367f77ba16",
              "title": "Settings Manager Component",
              "fullFile": "",
              "file": "",
              "beforeHooks": [],
              "afterHooks": [],
              "tests": [
                {
                  "title": "should configure API keys",
                  "fullTitle": "Component Functionality Tests Settings Manager Component should configure API keys",
                  "timedOut": null,
                  "duration": 16608,
                  "state": "failed",
                  "speed": null,
                  "pass": false,
                  "fail": true,
                  "pending": false,
                  "context": null,
                  "code": "cy.waitForComponent('settings-manager-migrated');\n// Seed settings via global store in localStorage so component renders enabled inputs\ncy.window().then(win => {\n  const defaultState = JSON.parse(win.localStorage.getItem('global-store-state') || '{}');\n  defaultState.settings = defaultState.settings || {};\n  defaultState.settings.apiProviders = defaultState.settings.apiProviders || {};\n  defaultState.settings.apiProviders.claude = {\n    apiKey: 'test-claude-key',\n    model: 'claude-3-5-sonnet-20241022',\n    enabled: true\n  };\n  defaultState.settings.apiProviders.openai = {\n    apiKey: 'test-openai-key',\n    model: 'gpt-4o',\n    enabled: true\n  };\n  defaultState.settings.preferences = defaultState.settings.preferences || {};\n  defaultState.settings.preferences.theme = 'modern';\n  win.localStorage.setItem('global-store-state', JSON.stringify(defaultState));\n});\n// Re-render page state and navigate to settings\ncy.reload();\ncy.waitForStore();\ncy.navigateToSection('settings');\n// Interact with settings component now that values are present\ncy.get('settings-manager-migrated').shadow().within(() => {\n  cy.get('#claude-api-key').should('have.value', 'test-claude-key');\n  cy.get('#openai-api-key').should('have.value', 'test-openai-key');\n  cy.takeNamedScreenshot('settings-manager-api-keys');\n  // Test API connection for Claude (button should be enabled)\n  cy.get('[data-test-provider=\"claude\"]').click();\n  cy.get('#claude-test-result').should('exist');\n});\ncy.takeNamedScreenshot('settings-manager-api-test');",
                  "err": {
                    "message": "AssertionError: Timed out retrying after 10000ms: expected '<input#claude-api-key>' to have value 'test-claude-key', but the value was ''",
                    "estack": "AssertionError: Timed out retrying after 10000ms: expected '<input#claude-api-key>' to have value 'test-claude-key', but the value was ''\n    at Context.eval (webpack://job-hunt-manager/./cypress/e2e/component-functionality.cy.js:170:34)",
                    "diff": "+ 'test-claude-key'\n"
                  },
                  "uuid": "3a47e298-9d1a-4457-a920-a6ca13b1494b",
                  "parentUUID": "c272f7f4-4e80-4d05-a2c1-72367f77ba16",
                  "isHook": false,
                  "skipped": false
                },
                {
                  "title": "should change theme settings",
                  "fullTitle": "Component Functionality Tests Settings Manager Component should change theme settings",
                  "timedOut": null,
                  "duration": 6080,
                  "state": "passed",
                  "speed": "medium",
                  "pass": true,
                  "fail": false,
                  "pending": false,
                  "context": null,
                  "code": "cy.waitForComponent('settings-manager-migrated');\n// Switch to Preferences tab inside the settings component, then change theme\ncy.get('settings-manager-migrated').shadow().within(() => {\n  cy.get('.tab-btn[data-tab=\"preferences\"]').click();\n  cy.get('#theme-select').should('exist');\n  cy.get('#theme-select').select('dark');\n  cy.takeNamedScreenshot('settings-manager-theme-dark');\n  // Ensure 'modern' option exists before selecting\n  cy.get('#theme-select').find('option').then(opts => {\n    const texts = [...opts].map(o => o.value || o.text);\n    if (texts.includes('modern') || texts.includes('Modern')) {\n      cy.get('#theme-select').select('modern');\n      cy.takeNamedScreenshot('settings-manager-theme-modern');\n    }\n  });\n});",
                  "err": {},
                  "uuid": "0e5ff023-3e1b-48bf-ac48-61eb7fd1449e",
                  "parentUUID": "c272f7f4-4e80-4d05-a2c1-72367f77ba16",
                  "isHook": false,
                  "skipped": false
                }
              ],
              "suites": [],
              "passes": [
                "0e5ff023-3e1b-48bf-ac48-61eb7fd1449e"
              ],
              "failures": [
                "3a47e298-9d1a-4457-a920-a6ca13b1494b"
              ],
              "pending": [],
              "skipped": [],
              "duration": 22688,
              "root": false,
              "rootEmpty": false,
              "_timeout": 2000
            },
            {
              "uuid": "98f3debc-227e-4b8a-abea-76a21ffd2d5b",
              "title": "Global Store Component",
              "fullFile": "",
              "file": "",
              "beforeHooks": [],
              "afterHooks": [],
              "tests": [
                {
                  "title": "should maintain state across components",
                  "fullTitle": "Component Functionality Tests Global Store Component should maintain state across components",
                  "timedOut": null,
                  "duration": 9975,
                  "state": "passed",
                  "speed": "medium",
                  "pass": true,
                  "fail": false,
                  "pending": false,
                  "context": null,
                  "code": "// Add a job via migrated generic Add button\ncy.get('#add-item-btn').click();\ncy.openModal('form-modal');\ncy.fixture('test-data').then(testData => {\n  const job = testData.formTestData.validJob;\n  cy.get('#form-modal').within(() => {\n    cy.get('form [name=\"company\"]').clear().type(job.company);\n    cy.get('form [name=\"position\"]').clear().type(job.position);\n    cy.get('form [name=\"location\"]').clear().type(job.location);\n  });\n  cy.get('#form-save').click();\n});\n// Navigate to different section and back\ncy.navigateToSection('resumes');\ncy.navigateToSection('jobs');\n// Verify job still exists (item cards)\ncy.get('.item-card').should('contain.text', 'Test Company');\ncy.takeNamedScreenshot('global-store-state-persistence');",
                  "err": {},
                  "uuid": "d8450199-1289-40ce-a994-ec94dfb9cee6",
                  "parentUUID": "98f3debc-227e-4b8a-abea-76a21ffd2d5b",
                  "isHook": false,
                  "skipped": false
                },
                {
                  "title": "should handle state updates across components",
                  "fullTitle": "Component Functionality Tests Global Store Component should handle state updates across components",
                  "timedOut": null,
                  "duration": 10569,
                  "state": "passed",
                  "speed": "slow",
                  "pass": true,
                  "fail": false,
                  "pending": false,
                  "context": null,
                  "code": "// Seed test data\ncy.fixture('test-data').then(testData => {\n  cy.seedJobData([testData.testJobs[0]]);\n  cy.seedResumeData([testData.testResumes[0]]);\n});\ncy.visitJobsApp('new');\ncy.waitForStore();\n// Check initial statistics via item-card count\ncy.get('.item-card').should('have.length', 1);\n// Add another job via migrated UI\ncy.get('#add-item-btn').click();\ncy.openModal('form-modal');\ncy.fixture('test-data').then(testData => {\n  const job = testData.formTestData.validJob;\n  cy.get('#form-modal').within(() => {\n    cy.get('form [name=\"company\"]').clear().type(job.company + ' 2');\n    cy.get('form [name=\"position\"]').clear().type(job.position);\n    cy.get('form [name=\"location\"]').clear().type(job.location);\n    cy.get('#form-save').click();\n  });\n});\n// Verify statistics updated via item-card count\ncy.get('.item-card').should('have.length.greaterThan', 1);\ncy.takeNamedScreenshot('global-store-state-updates');",
                  "err": {},
                  "uuid": "6ff12329-f522-4a28-ad53-e852cec5e13d",
                  "parentUUID": "98f3debc-227e-4b8a-abea-76a21ffd2d5b",
                  "isHook": false,
                  "skipped": false
                }
              ],
              "suites": [],
              "passes": [
                "d8450199-1289-40ce-a994-ec94dfb9cee6",
                "6ff12329-f522-4a28-ad53-e852cec5e13d"
              ],
              "failures": [],
              "pending": [],
              "skipped": [],
              "duration": 20544,
              "root": false,
              "rootEmpty": false,
              "_timeout": 2000
            },
            {
              "uuid": "d9894eb5-4087-47ec-8789-8d8621a1ac7f",
              "title": "Modal System",
              "fullFile": "",
              "file": "",
              "beforeHooks": [],
              "afterHooks": [],
              "tests": [
                {
                  "title": "should handle multiple modals",
                  "fullTitle": "Component Functionality Tests Modal System should handle multiple modals",
                  "timedOut": null,
                  "duration": 6614,
                  "state": "passed",
                  "speed": "medium",
                  "pass": true,
                  "fail": false,
                  "pending": false,
                  "context": null,
                  "code": "// Open job modal via migrated UI\ncy.get('#add-item-btn').click();\ncy.openModal('form-modal');\ncy.takeNamedScreenshot('modal-system-job-modal');\ncy.closeModal('form-modal');\n// Open import job modal\ncy.get('#import-job-btn').click();\ncy.openModal('import-job-modal');\ncy.takeNamedScreenshot('modal-system-import-modal');\ncy.closeModal('import-job-modal');",
                  "err": {},
                  "uuid": "4e4e1ba8-f3e0-4554-9e6c-065ff4ae6f2e",
                  "parentUUID": "d9894eb5-4087-47ec-8789-8d8621a1ac7f",
                  "isHook": false,
                  "skipped": false
                },
                {
                  "title": "should handle modal overlays properly",
                  "fullTitle": "Component Functionality Tests Modal System should handle modal overlays properly",
                  "timedOut": null,
                  "duration": 4704,
                  "state": "passed",
                  "speed": "fast",
                  "pass": true,
                  "fail": false,
                  "pending": false,
                  "context": null,
                  "code": "cy.get('#add-item-btn').click();\ncy.openModal('form-modal');\n// Check overlay behavior (backdrop) — click the active modal backdrop element\ncy.get('#form-modal').should('be.visible').click({\n  force: true\n});\n// Modal should close when clicking backdrop\ncy.get('#form-modal').should('have.class', 'hidden');\ncy.takeNamedScreenshot('modal-system-overlay-close');",
                  "err": {},
                  "uuid": "7e9cdeb0-53ea-474c-9e35-1fd23c973599",
                  "parentUUID": "d9894eb5-4087-47ec-8789-8d8621a1ac7f",
                  "isHook": false,
                  "skipped": false
                }
              ],
              "suites": [],
              "passes": [
                "4e4e1ba8-f3e0-4554-9e6c-065ff4ae6f2e",
                "7e9cdeb0-53ea-474c-9e35-1fd23c973599"
              ],
              "failures": [],
              "pending": [],
              "skipped": [],
              "duration": 11318,
              "root": false,
              "rootEmpty": false,
              "_timeout": 2000
            }
          ],
          "passes": [],
          "failures": [],
          "pending": [],
          "skipped": [],
          "duration": 0,
          "root": false,
          "rootEmpty": false,
          "_timeout": 2000
        }
      ],
      "passes": [],
      "failures": [],
      "pending": [],
      "skipped": [],
      "duration": 0,
      "root": true,
      "rootEmpty": true,
      "_timeout": 2000
    }
  ],
  "meta": {
    "mocha": {
      "version": "7.0.1"
    },
    "mochawesome": {
      "options": {
        "quiet": false,
        "reportFilename": "mochawesome",
        "saveHtml": false,
        "saveJson": true,
        "consoleReporter": "spec",
        "useInlineDiffs": false,
        "code": true
      },
      "version": "7.1.3"
    },
    "marge": {
      "options": {
        "reportDir": "cypress/reports",
        "overwrite": false,
        "html": false,
        "json": true,
        "timestamp": "mmddyyyy_HHMMss"
      },
      "version": "6.2.0"
    }
  }
}