{
  "stats": {
    "suites": 10,
    "tests": 24,
    "passes": 14,
    "pending": 0,
    "failures": 10,
    "start": "2025-08-25T11:59:33.071Z",
    "end": "2025-08-25T12:04:12.431Z",
    "duration": 279360,
    "testsRegistered": 24,
    "passPercent": 58.333333333333336,
    "pendingPercent": 0,
    "other": 0,
    "hasOther": false,
    "skipped": 0,
    "hasSkipped": false
  },
  "results": [
    {
      "uuid": "250e4275-f38e-4508-967c-59fd5561f0b6",
      "title": "",
      "fullFile": "cypress/e2e/visual-regression.cy.js",
      "file": "cypress/e2e/visual-regression.cy.js",
      "beforeHooks": [],
      "afterHooks": [],
      "tests": [],
      "suites": [
        {
          "uuid": "9d36c2b8-c687-4a6a-ab4f-ac8c88fb83d4",
          "title": "Visual Regression Testing",
          "fullFile": "",
          "file": "",
          "beforeHooks": [],
          "afterHooks": [],
          "tests": [],
          "suites": [
            {
              "uuid": "077f8384-c3f6-4b6f-896f-6a31bde5edce",
              "title": "Application Layout",
              "fullFile": "",
              "file": "",
              "beforeHooks": [],
              "afterHooks": [],
              "tests": [
                {
                  "title": "should match baseline application layout",
                  "fullTitle": "Visual Regression Testing Application Layout should match baseline application layout",
                  "timedOut": null,
                  "duration": 7277,
                  "state": "passed",
                  "speed": "medium",
                  "pass": true,
                  "fail": false,
                  "pending": false,
                  "context": null,
                  "code": "// Seed consistent test data for visual consistency\ncy.fixture('test-data').then(testData => {\n  cy.seedJobData(testData.testJobs);\n  cy.seedResumeData(testData.testResumes);\n});\ncy.visitJobsApp('new');\ncy.waitForStore();\n// Wait for data to load and render (cards are .item-card now)\ncy.get('.item-card').should('have.length', 3);\n// Take full page screenshot for baseline\ncy.compareSnapshot('application-layout-full', {\n  capture: 'fullPage'\n});",
                  "err": {},
                  "uuid": "889e089d-49eb-4ad9-9b43-3954dcfe1361",
                  "parentUUID": "077f8384-c3f6-4b6f-896f-6a31bde5edce",
                  "isHook": false,
                  "skipped": false
                },
                {
                  "title": "should match navigation header consistently",
                  "fullTitle": "Visual Regression Testing Application Layout should match navigation header consistently",
                  "timedOut": null,
                  "duration": 13024,
                  "state": "failed",
                  "speed": null,
                  "pass": false,
                  "fail": true,
                  "pending": false,
                  "context": null,
                  "code": "cy.get('#main-nav').should('be.visible');\n// Compare just the navigation area\ncy.get('#main-nav').compareSnapshot('navigation-header');",
                  "err": {
                    "message": "AssertionError: Timed out retrying after 10000ms: Expected to find element: `#main-nav`, but never found it.",
                    "estack": "AssertionError: Timed out retrying after 10000ms: Expected to find element: `#main-nav`, but never found it.\n    at Context.eval (webpack://job-hunt-manager/./cypress/e2e/visual-regression.cy.js:29:26)",
                    "diff": null
                  },
                  "uuid": "eb0e0280-31a2-4b17-9e16-ee3c546ac2ba",
                  "parentUUID": "077f8384-c3f6-4b6f-896f-6a31bde5edce",
                  "isHook": false,
                  "skipped": false
                },
                {
                  "title": "should match job statistics panel",
                  "fullTitle": "Visual Regression Testing Application Layout should match job statistics panel",
                  "timedOut": null,
                  "duration": 16136,
                  "state": "failed",
                  "speed": null,
                  "pass": false,
                  "fail": true,
                  "pending": false,
                  "context": null,
                  "code": "cy.fixture('test-data').then(testData => {\n  cy.seedJobData(testData.testJobs);\n});\ncy.visitJobsApp('new');\ncy.waitForStore();\ncy.get('.stats-container').should('be.visible');\ncy.get('.stats-container').compareSnapshot('job-statistics-panel');",
                  "err": {
                    "message": "AssertionError: Timed out retrying after 10000ms: Expected to find element: `.stats-container`, but never found it.",
                    "estack": "AssertionError: Timed out retrying after 10000ms: Expected to find element: `.stats-container`, but never found it.\n    at Context.eval (webpack://job-hunt-manager/./cypress/e2e/visual-regression.cy.js:43:33)",
                    "diff": null
                  },
                  "uuid": "13d5c488-ff41-433e-bbd4-2f937ee833f1",
                  "parentUUID": "077f8384-c3f6-4b6f-896f-6a31bde5edce",
                  "isHook": false,
                  "skipped": false
                }
              ],
              "suites": [],
              "passes": [
                "889e089d-49eb-4ad9-9b43-3954dcfe1361"
              ],
              "failures": [
                "eb0e0280-31a2-4b17-9e16-ee3c546ac2ba",
                "13d5c488-ff41-433e-bbd4-2f937ee833f1"
              ],
              "pending": [],
              "skipped": [],
              "duration": 36437,
              "root": false,
              "rootEmpty": false,
              "_timeout": 2000
            },
            {
              "uuid": "f677aff4-3981-4b5b-a88e-78817aba3a58",
              "title": "Job Card Layouts",
              "fullFile": "",
              "file": "",
              "beforeHooks": [],
              "afterHooks": [],
              "tests": [
                {
                  "title": "should match job card with applied status",
                  "fullTitle": "Visual Regression Testing Job Card Layouts should match job card with applied status",
                  "timedOut": null,
                  "duration": 6635,
                  "state": "passed",
                  "speed": "medium",
                  "pass": true,
                  "fail": false,
                  "pending": false,
                  "context": null,
                  "code": "cy.get('.item-card').contains('TechCorp Inc').closest('.item-card').compareSnapshot('job-card-applied-status');",
                  "err": {},
                  "uuid": "cf176092-945d-4962-b2e1-78911ae67fc1",
                  "parentUUID": "f677aff4-3981-4b5b-a88e-78817aba3a58",
                  "isHook": false,
                  "skipped": false
                },
                {
                  "title": "should match job card with interviewing status",
                  "fullTitle": "Visual Regression Testing Job Card Layouts should match job card with interviewing status",
                  "timedOut": null,
                  "duration": 7267,
                  "state": "passed",
                  "speed": "medium",
                  "pass": true,
                  "fail": false,
                  "pending": false,
                  "context": null,
                  "code": "cy.get('.item-card').contains('StartupCo').closest('.item-card').compareSnapshot('job-card-interviewing-status');",
                  "err": {},
                  "uuid": "7123462c-6c87-4625-b9d2-506adbbd7f50",
                  "parentUUID": "f677aff4-3981-4b5b-a88e-78817aba3a58",
                  "isHook": false,
                  "skipped": false
                },
                {
                  "title": "should match job card with saved status",
                  "fullTitle": "Visual Regression Testing Job Card Layouts should match job card with saved status",
                  "timedOut": null,
                  "duration": 7711,
                  "state": "passed",
                  "speed": "medium",
                  "pass": true,
                  "fail": false,
                  "pending": false,
                  "context": null,
                  "code": "cy.get('.item-card').contains('Enterprise Solutions').closest('.item-card').compareSnapshot('job-card-saved-status');",
                  "err": {},
                  "uuid": "751470d1-b3cb-40b7-b0f1-2a3d7cb16985",
                  "parentUUID": "f677aff4-3981-4b5b-a88e-78817aba3a58",
                  "isHook": false,
                  "skipped": false
                },
                {
                  "title": "should match job cards grid layout",
                  "fullTitle": "Visual Regression Testing Job Card Layouts should match job cards grid layout",
                  "timedOut": null,
                  "duration": 16294,
                  "state": "failed",
                  "speed": null,
                  "pass": false,
                  "fail": true,
                  "pending": false,
                  "context": null,
                  "code": "cy.get('#jobs-container').compareSnapshot('job-cards-grid-layout');",
                  "err": {
                    "message": "AssertionError: Timed out retrying after 10000ms: Expected to find element: `#jobs-container`, but never found it.",
                    "estack": "AssertionError: Timed out retrying after 10000ms: Expected to find element: `#jobs-container`, but never found it.\n    at Context.eval (webpack://job-hunt-manager/./cypress/e2e/visual-regression.cy.js:77:9)",
                    "diff": null
                  },
                  "uuid": "71b4c398-6960-4c7d-908a-8c6b0eb5fb40",
                  "parentUUID": "f677aff4-3981-4b5b-a88e-78817aba3a58",
                  "isHook": false,
                  "skipped": false
                }
              ],
              "suites": [],
              "passes": [
                "cf176092-945d-4962-b2e1-78911ae67fc1",
                "7123462c-6c87-4625-b9d2-506adbbd7f50",
                "751470d1-b3cb-40b7-b0f1-2a3d7cb16985"
              ],
              "failures": [
                "71b4c398-6960-4c7d-908a-8c6b0eb5fb40"
              ],
              "pending": [],
              "skipped": [],
              "duration": 37907,
              "root": false,
              "rootEmpty": false,
              "_timeout": 2000
            },
            {
              "uuid": "f79dc957-72d3-447d-9207-64b6cc482914",
              "title": "Modal Dialogs",
              "fullFile": "",
              "file": "",
              "beforeHooks": [],
              "afterHooks": [],
              "tests": [
                {
                  "title": "should match add job modal layout",
                  "fullTitle": "Visual Regression Testing Modal Dialogs should match add job modal layout",
                  "timedOut": null,
                  "duration": 6054,
                  "state": "passed",
                  "speed": "medium",
                  "pass": true,
                  "fail": false,
                  "pending": false,
                  "context": null,
                  "code": "cy.get('#add-item-btn').click();\ncy.openModal('form-modal');\n// Wait for modal animation to complete\ncy.wait(300);\ncy.get('#form-modal').compareSnapshot('add-job-modal-layout');",
                  "err": {},
                  "uuid": "d0d99795-35e0-4300-bcd7-6d8adab41d26",
                  "parentUUID": "f79dc957-72d3-447d-9207-64b6cc482914",
                  "isHook": false,
                  "skipped": false
                },
                {
                  "title": "should match import job modal layout",
                  "fullTitle": "Visual Regression Testing Modal Dialogs should match import job modal layout",
                  "timedOut": null,
                  "duration": 5706,
                  "state": "passed",
                  "speed": "medium",
                  "pass": true,
                  "fail": false,
                  "pending": false,
                  "context": null,
                  "code": "cy.get('#import-job-btn').click();\ncy.openModal('import-job-modal');\ncy.wait(300);\ncy.get('#import-job-modal').compareSnapshot('import-job-modal-layout');",
                  "err": {},
                  "uuid": "3203fcfc-715b-458a-88cb-126249a1a2c9",
                  "parentUUID": "f79dc957-72d3-447d-9207-64b6cc482914",
                  "isHook": false,
                  "skipped": false
                },
                {
                  "title": "should match import job modal with API warning",
                  "fullTitle": "Visual Regression Testing Modal Dialogs should match import job modal with API warning",
                  "timedOut": null,
                  "duration": 5707,
                  "state": "passed",
                  "speed": "medium",
                  "pass": true,
                  "fail": false,
                  "pending": false,
                  "context": null,
                  "code": "cy.clearAPIKeys();\ncy.get('#import-job-btn').click();\ncy.openModal('import-job-modal');\ncy.wait(300);\n// Ensure API warning is visible\ncy.get('#import-api-warning').should('be.visible');\ncy.get('#import-job-modal').compareSnapshot('import-job-modal-api-warning');",
                  "err": {},
                  "uuid": "17f238a8-d25a-4dcc-b199-f3d6c0ecfa0f",
                  "parentUUID": "f79dc957-72d3-447d-9207-64b6cc482914",
                  "isHook": false,
                  "skipped": false
                }
              ],
              "suites": [],
              "passes": [
                "d0d99795-35e0-4300-bcd7-6d8adab41d26",
                "3203fcfc-715b-458a-88cb-126249a1a2c9",
                "17f238a8-d25a-4dcc-b199-f3d6c0ecfa0f"
              ],
              "failures": [],
              "pending": [],
              "skipped": [],
              "duration": 17467,
              "root": false,
              "rootEmpty": false,
              "_timeout": 2000
            },
            {
              "uuid": "eaed2f50-74a0-4cc8-a989-e5e7287df380",
              "title": "Section Layouts",
              "fullFile": "",
              "file": "",
              "beforeHooks": [],
              "afterHooks": [],
              "tests": [
                {
                  "title": "should match jobs section layout",
                  "fullTitle": "Visual Regression Testing Section Layouts should match jobs section layout",
                  "timedOut": null,
                  "duration": 17785,
                  "state": "failed",
                  "speed": null,
                  "pass": false,
                  "fail": true,
                  "pending": false,
                  "context": null,
                  "code": "cy.navigateToSection('jobs');\ncy.wait(500);\ncy.get('#main-content').compareSnapshot('jobs-section-layout');",
                  "err": {
                    "message": "AssertionError: Timed out retrying after 10000ms: Expected to find element: `#main-content`, but never found it.",
                    "estack": "AssertionError: Timed out retrying after 10000ms: Expected to find element: `#main-content`, but never found it.\n    at Context.eval (webpack://job-hunt-manager/./cypress/e2e/visual-regression.cy.js:130:9)",
                    "diff": null
                  },
                  "uuid": "4acbb92c-040b-446d-b2cf-459f46ee37ea",
                  "parentUUID": "eaed2f50-74a0-4cc8-a989-e5e7287df380",
                  "isHook": false,
                  "skipped": false
                },
                {
                  "title": "should match resumes section layout",
                  "fullTitle": "Visual Regression Testing Section Layouts should match resumes section layout",
                  "timedOut": null,
                  "duration": 18493,
                  "state": "failed",
                  "speed": null,
                  "pass": false,
                  "fail": true,
                  "pending": false,
                  "context": null,
                  "code": "cy.navigateToSection('resumes');\ncy.wait(500);\ncy.get('#main-content').compareSnapshot('resumes-section-layout');",
                  "err": {
                    "message": "AssertionError: Timed out retrying after 10000ms: Expected to find element: `#main-content`, but never found it.",
                    "estack": "AssertionError: Timed out retrying after 10000ms: Expected to find element: `#main-content`, but never found it.\n    at Context.eval (webpack://job-hunt-manager/./cypress/e2e/visual-regression.cy.js:137:9)",
                    "diff": null
                  },
                  "uuid": "ec5a4c05-500b-4e18-acd3-15f4872a8bea",
                  "parentUUID": "eaed2f50-74a0-4cc8-a989-e5e7287df380",
                  "isHook": false,
                  "skipped": false
                },
                {
                  "title": "should match settings section layout",
                  "fullTitle": "Visual Regression Testing Section Layouts should match settings section layout",
                  "timedOut": null,
                  "duration": 19096,
                  "state": "failed",
                  "speed": null,
                  "pass": false,
                  "fail": true,
                  "pending": false,
                  "context": null,
                  "code": "cy.navigateToSection('settings');\ncy.wait(500);\ncy.get('#main-content').compareSnapshot('settings-section-layout');",
                  "err": {
                    "message": "AssertionError: Timed out retrying after 10000ms: Expected to find element: `#main-content`, but never found it.",
                    "estack": "AssertionError: Timed out retrying after 10000ms: Expected to find element: `#main-content`, but never found it.\n    at Context.eval (webpack://job-hunt-manager/./cypress/e2e/visual-regression.cy.js:144:9)",
                    "diff": null
                  },
                  "uuid": "961d1d81-8571-4d2b-8d60-394a2a45e4bb",
                  "parentUUID": "eaed2f50-74a0-4cc8-a989-e5e7287df380",
                  "isHook": false,
                  "skipped": false
                },
                {
                  "title": "should match logs section layout",
                  "fullTitle": "Visual Regression Testing Section Layouts should match logs section layout",
                  "timedOut": null,
                  "duration": 17773,
                  "state": "failed",
                  "speed": null,
                  "pass": false,
                  "fail": true,
                  "pending": false,
                  "context": null,
                  "code": "cy.navigateToSection('logs');\ncy.wait(500);\ncy.get('#main-content').compareSnapshot('logs-section-layout');",
                  "err": {
                    "message": "AssertionError: Timed out retrying after 10000ms: Expected to find element: `[data-section=\"logs\"]`, but never found it.",
                    "estack": "AssertionError: Timed out retrying after 10000ms: Expected to find element: `[data-section=\"logs\"]`, but never found it.\n    at Context.eval (webpack://job-hunt-manager/./cypress/support/commands.js:15:5)",
                    "diff": null
                  },
                  "uuid": "a4a805bf-928f-4f32-84e3-bea2faaf5eca",
                  "parentUUID": "eaed2f50-74a0-4cc8-a989-e5e7287df380",
                  "isHook": false,
                  "skipped": false
                }
              ],
              "suites": [],
              "passes": [],
              "failures": [
                "4acbb92c-040b-446d-b2cf-459f46ee37ea",
                "ec5a4c05-500b-4e18-acd3-15f4872a8bea",
                "961d1d81-8571-4d2b-8d60-394a2a45e4bb",
                "a4a805bf-928f-4f32-84e3-bea2faaf5eca"
              ],
              "pending": [],
              "skipped": [],
              "duration": 73147,
              "root": false,
              "rootEmpty": false,
              "_timeout": 2000
            },
            {
              "uuid": "6290e72e-c245-42b2-a0cf-4e64b24db3e2",
              "title": "Empty States",
              "fullFile": "",
              "file": "",
              "beforeHooks": [],
              "afterHooks": [],
              "tests": [
                {
                  "title": "should match empty jobs state",
                  "fullTitle": "Visual Regression Testing Empty States should match empty jobs state",
                  "timedOut": null,
                  "duration": 18371,
                  "state": "failed",
                  "speed": null,
                  "pass": false,
                  "fail": true,
                  "pending": false,
                  "context": null,
                  "code": "// Ensure no jobs in storage\ncy.window().then(win => {\n  win.localStorage.removeItem('jobHuntData');\n});\ncy.visitJobsApp('new');\ncy.waitForStore();\ncy.get('.empty-state').should('be.visible');\ncy.get('#jobs-container').compareSnapshot('empty-jobs-state');",
                  "err": {
                    "message": "AssertionError: Timed out retrying after 10000ms: Expected to find element: `#jobs-container`, but never found it.",
                    "estack": "AssertionError: Timed out retrying after 10000ms: Expected to find element: `#jobs-container`, but never found it.\n    at Context.eval (webpack://job-hunt-manager/./cypress/e2e/visual-regression.cy.js:166:9)",
                    "diff": null
                  },
                  "uuid": "b7457004-f4ab-49f1-9f7e-7b6da1638414",
                  "parentUUID": "6290e72e-c245-42b2-a0cf-4e64b24db3e2",
                  "isHook": false,
                  "skipped": false
                },
                {
                  "title": "should match empty resumes state",
                  "fullTitle": "Visual Regression Testing Empty States should match empty resumes state",
                  "timedOut": null,
                  "duration": 15437,
                  "state": "failed",
                  "speed": null,
                  "pass": false,
                  "fail": true,
                  "pending": false,
                  "context": null,
                  "code": "cy.navigateToSection('resumes');\ncy.wait(500);\ncy.get('#resumes-container').compareSnapshot('empty-resumes-state');",
                  "err": {
                    "message": "AssertionError: Timed out retrying after 10000ms: Expected to find element: `#resumes-container`, but never found it.",
                    "estack": "AssertionError: Timed out retrying after 10000ms: Expected to find element: `#resumes-container`, but never found it.\n    at Context.eval (webpack://job-hunt-manager/./cypress/e2e/visual-regression.cy.js:173:9)",
                    "diff": null
                  },
                  "uuid": "51f8023a-9351-4d36-9b18-d63ce52e3b88",
                  "parentUUID": "6290e72e-c245-42b2-a0cf-4e64b24db3e2",
                  "isHook": false,
                  "skipped": false
                }
              ],
              "suites": [],
              "passes": [],
              "failures": [
                "b7457004-f4ab-49f1-9f7e-7b6da1638414",
                "51f8023a-9351-4d36-9b18-d63ce52e3b88"
              ],
              "pending": [],
              "skipped": [],
              "duration": 33808,
              "root": false,
              "rootEmpty": false,
              "_timeout": 2000
            },
            {
              "uuid": "c67830e4-5604-407e-b3dd-46d625d5e5db",
              "title": "Responsive Design",
              "fullFile": "",
              "file": "",
              "beforeHooks": [],
              "afterHooks": [],
              "tests": [
                {
                  "title": "should match layout on desktop-large",
                  "fullTitle": "Visual Regression Testing Responsive Design should match layout on desktop-large",
                  "timedOut": null,
                  "duration": 7777,
                  "state": "passed",
                  "speed": "medium",
                  "pass": true,
                  "fail": false,
                  "pending": false,
                  "context": null,
                  "code": "cy.fixture('test-data').then(testData => {\n  cy.seedJobData(testData.testJobs.slice(0, 2)); // Limit jobs for mobile\n});\ncy.viewport(viewport.width, viewport.height);\ncy.visitJobsApp('new');\ncy.waitForStore();\n// Wait for layout to stabilize\ncy.wait(1000);\ncy.compareSnapshot(`responsive-layout-${viewport.name}`, {\n  capture: 'viewport'\n});",
                  "err": {},
                  "uuid": "36f37eb5-3ad9-437e-9290-5740bb9b2ef2",
                  "parentUUID": "c67830e4-5604-407e-b3dd-46d625d5e5db",
                  "isHook": false,
                  "skipped": false
                },
                {
                  "title": "should match layout on desktop",
                  "fullTitle": "Visual Regression Testing Responsive Design should match layout on desktop",
                  "timedOut": null,
                  "duration": 8141,
                  "state": "passed",
                  "speed": "medium",
                  "pass": true,
                  "fail": false,
                  "pending": false,
                  "context": null,
                  "code": "cy.fixture('test-data').then(testData => {\n  cy.seedJobData(testData.testJobs.slice(0, 2)); // Limit jobs for mobile\n});\ncy.viewport(viewport.width, viewport.height);\ncy.visitJobsApp('new');\ncy.waitForStore();\n// Wait for layout to stabilize\ncy.wait(1000);\ncy.compareSnapshot(`responsive-layout-${viewport.name}`, {\n  capture: 'viewport'\n});",
                  "err": {},
                  "uuid": "92149a40-aff4-4b15-ab4c-4dc050ebb09d",
                  "parentUUID": "c67830e4-5604-407e-b3dd-46d625d5e5db",
                  "isHook": false,
                  "skipped": false
                },
                {
                  "title": "should match layout on tablet",
                  "fullTitle": "Visual Regression Testing Responsive Design should match layout on tablet",
                  "timedOut": null,
                  "duration": 7856,
                  "state": "passed",
                  "speed": "medium",
                  "pass": true,
                  "fail": false,
                  "pending": false,
                  "context": null,
                  "code": "cy.fixture('test-data').then(testData => {\n  cy.seedJobData(testData.testJobs.slice(0, 2)); // Limit jobs for mobile\n});\ncy.viewport(viewport.width, viewport.height);\ncy.visitJobsApp('new');\ncy.waitForStore();\n// Wait for layout to stabilize\ncy.wait(1000);\ncy.compareSnapshot(`responsive-layout-${viewport.name}`, {\n  capture: 'viewport'\n});",
                  "err": {},
                  "uuid": "4b215030-d0af-4899-a098-2733c4b3b38a",
                  "parentUUID": "c67830e4-5604-407e-b3dd-46d625d5e5db",
                  "isHook": false,
                  "skipped": false
                },
                {
                  "title": "should match layout on mobile",
                  "fullTitle": "Visual Regression Testing Responsive Design should match layout on mobile",
                  "timedOut": null,
                  "duration": 7904,
                  "state": "passed",
                  "speed": "medium",
                  "pass": true,
                  "fail": false,
                  "pending": false,
                  "context": null,
                  "code": "cy.fixture('test-data').then(testData => {\n  cy.seedJobData(testData.testJobs.slice(0, 2)); // Limit jobs for mobile\n});\ncy.viewport(viewport.width, viewport.height);\ncy.visitJobsApp('new');\ncy.waitForStore();\n// Wait for layout to stabilize\ncy.wait(1000);\ncy.compareSnapshot(`responsive-layout-${viewport.name}`, {\n  capture: 'viewport'\n});",
                  "err": {},
                  "uuid": "efa3c747-469c-40ab-8b24-a78c039688e3",
                  "parentUUID": "c67830e4-5604-407e-b3dd-46d625d5e5db",
                  "isHook": false,
                  "skipped": false
                }
              ],
              "suites": [],
              "passes": [
                "36f37eb5-3ad9-437e-9290-5740bb9b2ef2",
                "92149a40-aff4-4b15-ab4c-4dc050ebb09d",
                "4b215030-d0af-4899-a098-2733c4b3b38a",
                "efa3c747-469c-40ab-8b24-a78c039688e3"
              ],
              "failures": [],
              "pending": [],
              "skipped": [],
              "duration": 31678,
              "root": false,
              "rootEmpty": false,
              "_timeout": 2000
            },
            {
              "uuid": "f594aa6f-19c7-40d8-b4c7-af7e299b01f0",
              "title": "Theme Variations",
              "fullFile": "",
              "file": "",
              "beforeHooks": [],
              "afterHooks": [],
              "tests": [
                {
                  "title": "should match default theme",
                  "fullTitle": "Visual Regression Testing Theme Variations should match default theme",
                  "timedOut": null,
                  "duration": 6672,
                  "state": "passed",
                  "speed": "medium",
                  "pass": true,
                  "fail": false,
                  "pending": false,
                  "context": null,
                  "code": "cy.compareSnapshot('theme-default', {\n  capture: 'viewport'\n});",
                  "err": {},
                  "uuid": "703485a9-f868-4d36-a6c4-02d4217b8bd4",
                  "parentUUID": "f594aa6f-19c7-40d8-b4c7-af7e299b01f0",
                  "isHook": false,
                  "skipped": false
                },
                {
                  "title": "should match dark theme if available",
                  "fullTitle": "Visual Regression Testing Theme Variations should match dark theme if available",
                  "timedOut": null,
                  "duration": 7540,
                  "state": "passed",
                  "speed": "medium",
                  "pass": true,
                  "fail": false,
                  "pending": false,
                  "context": null,
                  "code": "// Try to set dark theme via settings\ncy.navigateToSection('settings');\ncy.get('body').then($body => {\n  if ($body.find('#theme-select').length > 0) {\n    cy.get('#theme-select').select('dark');\n    cy.wait(500);\n    cy.compareSnapshot('theme-dark', {\n      capture: 'viewport'\n    });\n  }\n});",
                  "err": {},
                  "uuid": "330e8412-0c53-461e-bd74-cc712ad38b7c",
                  "parentUUID": "f594aa6f-19c7-40d8-b4c7-af7e299b01f0",
                  "isHook": false,
                  "skipped": false
                }
              ],
              "suites": [],
              "passes": [
                "703485a9-f868-4d36-a6c4-02d4217b8bd4",
                "330e8412-0c53-461e-bd74-cc712ad38b7c"
              ],
              "failures": [],
              "pending": [],
              "skipped": [],
              "duration": 14212,
              "root": false,
              "rootEmpty": false,
              "_timeout": 2000
            },
            {
              "uuid": "fbbdaa25-ec4f-4f81-86ed-6192be641e61",
              "title": "Loading States",
              "fullFile": "",
              "file": "",
              "beforeHooks": [],
              "afterHooks": [],
              "tests": [
                {
                  "title": "should match initial loading state",
                  "fullTitle": "Visual Regression Testing Loading States should match initial loading state",
                  "timedOut": null,
                  "duration": 4395,
                  "state": "passed",
                  "speed": "fast",
                  "pass": true,
                  "fail": false,
                  "pending": false,
                  "context": null,
                  "code": "// Visit page and capture before data loads\ncy.visit('/jobs-new.html');\n// Capture the loading state quickly\ncy.compareSnapshot('loading-state-initial', {\n  capture: 'viewport'\n});",
                  "err": {},
                  "uuid": "73129c6a-2079-4746-9fbc-2d2b5913e0f2",
                  "parentUUID": "fbbdaa25-ec4f-4f81-86ed-6192be641e61",
                  "isHook": false,
                  "skipped": false
                }
              ],
              "suites": [],
              "passes": [
                "73129c6a-2079-4746-9fbc-2d2b5913e0f2"
              ],
              "failures": [],
              "pending": [],
              "skipped": [],
              "duration": 4395,
              "root": false,
              "rootEmpty": false,
              "_timeout": 2000
            },
            {
              "uuid": "92acc7d9-8411-493b-bb8e-190bab51da59",
              "title": "Error States",
              "fullFile": "",
              "file": "",
              "beforeHooks": [],
              "afterHooks": [],
              "tests": [
                {
                  "title": "should match API error state",
                  "fullTitle": "Visual Regression Testing Error States should match API error state",
                  "timedOut": null,
                  "duration": 15378,
                  "state": "failed",
                  "speed": null,
                  "pass": false,
                  "fail": true,
                  "pending": false,
                  "context": null,
                  "code": "// Set invalid API key to trigger error\ncy.setAPIKey('claude', 'invalid-key');\ncy.get('#import-job-btn').click();\ncy.openModal('import-job-modal');\n// Try to use AI import (this should fail)\ncy.get('#job-url-import').type('https://example.com/job');\n// If there's an import button, click it to trigger API error\ncy.get('#import-job-modal').within(() => {\n  cy.get('button').contains('Import').then($btn => {\n    if ($btn.length > 0) {\n      cy.wrap($btn).click();\n      cy.wait(2000); // Wait for error to appear\n      cy.compareSnapshot('api-error-state');\n    }\n  });\n});",
                  "err": {
                    "message": "AssertionError: Timed out retrying after 10000ms: Expected to find element: `#job-url-import`, but never found it.",
                    "estack": "AssertionError: Timed out retrying after 10000ms: Expected to find element: `#job-url-import`, but never found it.\n    at Context.eval (webpack://job-hunt-manager/./cypress/e2e/visual-regression.cy.js:259:9)",
                    "diff": null
                  },
                  "uuid": "c8899656-bbd7-4663-88f3-26025b611c73",
                  "parentUUID": "92acc7d9-8411-493b-bb8e-190bab51da59",
                  "isHook": false,
                  "skipped": false
                }
              ],
              "suites": [],
              "passes": [],
              "failures": [
                "c8899656-bbd7-4663-88f3-26025b611c73"
              ],
              "pending": [],
              "skipped": [],
              "duration": 15378,
              "root": false,
              "rootEmpty": false,
              "_timeout": 2000
            }
          ],
          "passes": [],
          "failures": [],
          "pending": [],
          "skipped": [],
          "duration": 0,
          "root": false,
          "rootEmpty": false,
          "_timeout": 2000
        }
      ],
      "passes": [],
      "failures": [],
      "pending": [],
      "skipped": [],
      "duration": 0,
      "root": true,
      "rootEmpty": true,
      "_timeout": 2000
    }
  ],
  "meta": {
    "mocha": {
      "version": "7.0.1"
    },
    "mochawesome": {
      "options": {
        "quiet": false,
        "reportFilename": "mochawesome",
        "saveHtml": false,
        "saveJson": true,
        "consoleReporter": "spec",
        "useInlineDiffs": false,
        "code": true
      },
      "version": "7.1.3"
    },
    "marge": {
      "options": {
        "reportDir": "cypress/reports",
        "overwrite": false,
        "html": false,
        "json": true,
        "timestamp": "mmddyyyy_HHMMss"
      },
      "version": "6.2.0"
    }
  }
}