{
  "stats": {
    "suites": 1,
    "tests": 8,
    "passes": 8,
    "pending": 0,
    "failures": 0,
    "start": "2025-08-26T09:30:34.349Z",
    "end": "2025-08-26T09:31:26.021Z",
    "duration": 51672,
    "testsRegistered": 8,
    "passPercent": 100,
    "pendingPercent": 0,
    "other": 0,
    "hasOther": false,
    "skipped": 0,
    "hasSkipped": false
  },
  "results": [
    {
      "uuid": "2cb38c4b-4d38-4161-b886-fea8ddbe0827",
      "title": "",
      "fullFile": "cypress/e2e/basic-ui.cy.js",
      "file": "cypress/e2e/basic-ui.cy.js",
      "beforeHooks": [],
      "afterHooks": [],
      "tests": [],
      "suites": [
        {
          "uuid": "46119fee-e500-4216-9c14-4a35217c107d",
          "title": "Basic UI Functionality",
          "fullFile": "",
          "file": "",
          "beforeHooks": [],
          "afterHooks": [],
          "tests": [
            {
              "title": "should load the application successfully",
              "fullTitle": "Basic UI Functionality should load the application successfully",
              "timedOut": null,
              "duration": 7118,
              "state": "passed",
              "speed": "medium",
              "pass": true,
              "fail": false,
              "pending": false,
              "context": null,
              "code": "cy.get('body').should('be.visible');\ncy.get('global-store-migrated').should('exist');\ncy.get('.sidebar-nav').should('be.visible');\n// Take screenshot of initial load\ncy.takeNamedScreenshot('app-initial-load');\n// Measure page load performance\ncy.measurePageLoad('Jobs Application');",
              "err": {},
              "uuid": "a0aa8075-b40e-43ec-873a-a43e0a6db764",
              "parentUUID": "46119fee-e500-4216-9c14-4a35217c107d",
              "isHook": false,
              "skipped": false
            },
            {
              "title": "should navigate between sections",
              "fullTitle": "Basic UI Functionality should navigate between sections",
              "timedOut": null,
              "duration": 9161,
              "state": "passed",
              "speed": "medium",
              "pass": true,
              "fail": false,
              "pending": false,
              "context": null,
              "code": "const sections = ['jobs', 'resumes', 'settings'];\nsections.forEach(section => {\n  cy.navigateToSection(section);\n  cy.takeNamedScreenshot(`section-${section}`);\n  cy.wait(500); // Allow section to fully load\n});",
              "err": {},
              "uuid": "168a99bf-683e-46c2-a444-6c7590fb3c48",
              "parentUUID": "46119fee-e500-4216-9c14-4a35217c107d",
              "isHook": false,
              "skipped": false
            },
            {
              "title": "should display job list interface correctly",
              "fullTitle": "Basic UI Functionality should display job list interface correctly",
              "timedOut": null,
              "duration": 4907,
              "state": "passed",
              "speed": "fast",
              "pass": true,
              "fail": false,
              "pending": false,
              "context": null,
              "code": "// Check that the job list interface is visible and functional\ncy.get('#items-list').should('be.visible');\ncy.get('#items-header').should('contain.text', 'Jobs');\n// The list should be empty by default (no jobs seeded)\ncy.get('.empty-state').should('be.visible');\ncy.takeNamedScreenshot('job-list-interface');",
              "err": {},
              "uuid": "0c71abe4-2dd2-427b-b214-4c3610183c31",
              "parentUUID": "46119fee-e500-4216-9c14-4a35217c107d",
              "isHook": false,
              "skipped": false
            },
            {
              "title": "should handle empty state properly",
              "fullTitle": "Basic UI Functionality should handle empty state properly",
              "timedOut": null,
              "duration": 4805,
              "state": "passed",
              "speed": "fast",
              "pass": true,
              "fail": false,
              "pending": false,
              "context": null,
              "code": "cy.get('#items-list').should('be.visible');\ncy.get('.empty-state').should('be.visible');\ncy.takeNamedScreenshot('empty-state');",
              "err": {},
              "uuid": "364ea5a8-d15d-4b43-a72d-88ca361f331a",
              "parentUUID": "46119fee-e500-4216-9c14-4a35217c107d",
              "isHook": false,
              "skipped": false
            },
            {
              "title": "should display settings section",
              "fullTitle": "Basic UI Functionality should display settings section",
              "timedOut": null,
              "duration": 4863,
              "state": "passed",
              "speed": "fast",
              "pass": true,
              "fail": false,
              "pending": false,
              "context": null,
              "code": "cy.navigateToSection('settings');\ncy.get('#settings-panel').should('be.visible');\ncy.takeNamedScreenshot('settings-section');",
              "err": {},
              "uuid": "304fb43c-8e9d-4641-b0e6-edf58e4f3fd2",
              "parentUUID": "46119fee-e500-4216-9c14-4a35217c107d",
              "isHook": false,
              "skipped": false
            },
            {
              "title": "should be responsive on different viewports",
              "fullTitle": "Basic UI Functionality should be responsive on different viewports",
              "timedOut": null,
              "duration": 7010,
              "state": "passed",
              "speed": "medium",
              "pass": true,
              "fail": false,
              "pending": false,
              "context": null,
              "code": "const viewports = [{\n  width: 1280,\n  height: 720,\n  name: 'desktop'\n}, {\n  width: 768,\n  height: 1024,\n  name: 'tablet'\n}, {\n  width: 375,\n  height: 667,\n  name: 'mobile'\n}];\nviewports.forEach(viewport => {\n  cy.viewport(viewport.width, viewport.height);\n  cy.wait(500);\n  cy.takeNamedScreenshot(`responsive-${viewport.name}`);\n  // Check that key elements are still visible and accessible\n  cy.get('.sidebar-nav').should('be.visible');\n  cy.get('#section-title').should('be.visible');\n});",
              "err": {},
              "uuid": "81be8a5b-7963-4fa9-9e51-9ed54667f420",
              "parentUUID": "46119fee-e500-4216-9c14-4a35217c107d",
              "isHook": false,
              "skipped": false
            },
            {
              "title": "should maintain application state across page reloads",
              "fullTitle": "Basic UI Functionality should maintain application state across page reloads",
              "timedOut": null,
              "duration": 6481,
              "state": "passed",
              "speed": "medium",
              "pass": true,
              "fail": false,
              "pending": false,
              "context": null,
              "code": "// Reload the page and verify it still works\ncy.reload();\ncy.waitForStore();\n// Check that the application still loads properly\ncy.get('.sidebar-nav').should('be.visible');\ncy.get('#items-list').should('be.visible');\ncy.get('#section-title').should('contain.text', 'Jobs');\ncy.takeNamedScreenshot('page-reload-test');",
              "err": {},
              "uuid": "6a2a939c-5979-4f02-b783-01e5ad61d018",
              "parentUUID": "46119fee-e500-4216-9c14-4a35217c107d",
              "isHook": false,
              "skipped": false
            },
            {
              "title": "should perform basic accessibility checks",
              "fullTitle": "Basic UI Functionality should perform basic accessibility checks",
              "timedOut": null,
              "duration": 3968,
              "state": "passed",
              "speed": "fast",
              "pass": true,
              "fail": false,
              "pending": false,
              "context": null,
              "code": "cy.checkA11y();\ncy.takeNamedScreenshot('accessibility-check');",
              "err": {},
              "uuid": "fafd9a90-3b11-428f-8cf5-918986b72bd0",
              "parentUUID": "46119fee-e500-4216-9c14-4a35217c107d",
              "isHook": false,
              "skipped": false
            }
          ],
          "suites": [],
          "passes": [
            "a0aa8075-b40e-43ec-873a-a43e0a6db764",
            "168a99bf-683e-46c2-a444-6c7590fb3c48",
            "0c71abe4-2dd2-427b-b214-4c3610183c31",
            "364ea5a8-d15d-4b43-a72d-88ca361f331a",
            "304fb43c-8e9d-4641-b0e6-edf58e4f3fd2",
            "81be8a5b-7963-4fa9-9e51-9ed54667f420",
            "6a2a939c-5979-4f02-b783-01e5ad61d018",
            "fafd9a90-3b11-428f-8cf5-918986b72bd0"
          ],
          "failures": [],
          "pending": [],
          "skipped": [],
          "duration": 48313,
          "root": false,
          "rootEmpty": false,
          "_timeout": 2000
        }
      ],
      "passes": [],
      "failures": [],
      "pending": [],
      "skipped": [],
      "duration": 0,
      "root": true,
      "rootEmpty": true,
      "_timeout": 2000
    }
  ],
  "meta": {
    "mocha": {
      "version": "7.0.1"
    },
    "mochawesome": {
      "options": {
        "quiet": false,
        "reportFilename": "mochawesome",
        "saveHtml": false,
        "saveJson": true,
        "consoleReporter": "spec",
        "useInlineDiffs": false,
        "code": true
      },
      "version": "7.1.3"
    },
    "marge": {
      "options": {
        "reportDir": "cypress/reports",
        "overwrite": false,
        "html": false,
        "json": true,
        "timestamp": "mmddyyyy_HHMMss"
      },
      "version": "6.2.0"
    }
  }
}