{
  "stats": {
    "suites": 1,
    "tests": 8,
    "passes": 8,
    "pending": 0,
    "failures": 0,
    "start": "2025-08-25T09:55:26.475Z",
    "end": "2025-08-25T09:56:18.794Z",
    "duration": 52319,
    "testsRegistered": 8,
    "passPercent": 100,
    "pendingPercent": 0,
    "other": 0,
    "hasOther": false,
    "skipped": 0,
    "hasSkipped": false
  },
  "results": [
    {
      "uuid": "bbcbc3aa-6718-4a52-9723-ee3f845e592d",
      "title": "",
      "fullFile": "cypress/e2e/basic-ui.cy.js",
      "file": "cypress/e2e/basic-ui.cy.js",
      "beforeHooks": [],
      "afterHooks": [],
      "tests": [],
      "suites": [
        {
          "uuid": "fb73077c-8616-4cae-a955-ccace1dc5997",
          "title": "Basic UI Functionality",
          "fullFile": "",
          "file": "",
          "beforeHooks": [],
          "afterHooks": [],
          "tests": [
            {
              "title": "should load the application successfully",
              "fullTitle": "Basic UI Functionality should load the application successfully",
              "timedOut": null,
              "duration": 6880,
              "state": "passed",
              "speed": "medium",
              "pass": true,
              "fail": false,
              "pending": false,
              "context": null,
              "code": "cy.get('body').should('be.visible');\ncy.get('global-store-migrated').should('exist');\ncy.get('.sidebar-nav').should('be.visible');\n// Take screenshot of initial load\ncy.takeNamedScreenshot('app-initial-load');\n// Measure page load performance\ncy.measurePageLoad('Jobs Application');",
              "err": {},
              "uuid": "79fd1800-b36a-4763-9606-6b31a4a2212d",
              "parentUUID": "fb73077c-8616-4cae-a955-ccace1dc5997",
              "isHook": false,
              "skipped": false
            },
            {
              "title": "should navigate between sections",
              "fullTitle": "Basic UI Functionality should navigate between sections",
              "timedOut": null,
              "duration": 7908,
              "state": "passed",
              "speed": "medium",
              "pass": true,
              "fail": false,
              "pending": false,
              "context": null,
              "code": "const sections = ['jobs', 'resumes', 'settings'];\nsections.forEach(section => {\n  cy.navigateToSection(section);\n  cy.takeNamedScreenshot(`section-${section}`);\n  cy.wait(500); // Allow section to fully load\n});",
              "err": {},
              "uuid": "33244182-cb0d-40de-a1ac-4665120df0a4",
              "parentUUID": "fb73077c-8616-4cae-a955-ccace1dc5997",
              "isHook": false,
              "skipped": false
            },
            {
              "title": "should display job list interface correctly",
              "fullTitle": "Basic UI Functionality should display job list interface correctly",
              "timedOut": null,
              "duration": 4684,
              "state": "passed",
              "speed": "fast",
              "pass": true,
              "fail": false,
              "pending": false,
              "context": null,
              "code": "// Check that the job list interface is visible and functional\ncy.get('#items-list').should('be.visible');\ncy.get('#items-header').should('contain.text', 'Jobs');\n// The list should be empty by default (no jobs seeded)\ncy.get('.empty-state').should('be.visible');\ncy.takeNamedScreenshot('job-list-interface');",
              "err": {},
              "uuid": "ba3f97ca-5d19-4e69-bb7b-1f77e114e0da",
              "parentUUID": "fb73077c-8616-4cae-a955-ccace1dc5997",
              "isHook": false,
              "skipped": false
            },
            {
              "title": "should handle empty state properly",
              "fullTitle": "Basic UI Functionality should handle empty state properly",
              "timedOut": null,
              "duration": 4084,
              "state": "passed",
              "speed": "fast",
              "pass": true,
              "fail": false,
              "pending": false,
              "context": null,
              "code": "cy.get('#items-list').should('be.visible');\ncy.get('.empty-state').should('be.visible');\ncy.takeNamedScreenshot('empty-state');",
              "err": {},
              "uuid": "ed6a7217-dc33-43f9-95a1-231722a88eb7",
              "parentUUID": "fb73077c-8616-4cae-a955-ccace1dc5997",
              "isHook": false,
              "skipped": false
            },
            {
              "title": "should display settings section",
              "fullTitle": "Basic UI Functionality should display settings section",
              "timedOut": null,
              "duration": 4522,
              "state": "passed",
              "speed": "fast",
              "pass": true,
              "fail": false,
              "pending": false,
              "context": null,
              "code": "cy.navigateToSection('settings');\ncy.get('#settings-panel').should('be.visible');\ncy.takeNamedScreenshot('settings-section');",
              "err": {},
              "uuid": "10e4bc9f-8cac-4528-b773-fd621db94d15",
              "parentUUID": "fb73077c-8616-4cae-a955-ccace1dc5997",
              "isHook": false,
              "skipped": false
            },
            {
              "title": "should be responsive on different viewports",
              "fullTitle": "Basic UI Functionality should be responsive on different viewports",
              "timedOut": null,
              "duration": 9593,
              "state": "passed",
              "speed": "medium",
              "pass": true,
              "fail": false,
              "pending": false,
              "context": null,
              "code": "const viewports = [{\n  width: 1280,\n  height: 720,\n  name: 'desktop'\n}, {\n  width: 768,\n  height: 1024,\n  name: 'tablet'\n}, {\n  width: 375,\n  height: 667,\n  name: 'mobile'\n}];\nviewports.forEach(viewport => {\n  cy.viewport(viewport.width, viewport.height);\n  cy.wait(500);\n  cy.takeNamedScreenshot(`responsive-${viewport.name}`);\n  // Check that key elements are still visible and accessible\n  cy.get('.sidebar-nav').should('be.visible');\n  cy.get('#section-title').should('be.visible');\n});",
              "err": {},
              "uuid": "00e60321-f1b9-4b14-bac2-e63167f4ab4c",
              "parentUUID": "fb73077c-8616-4cae-a955-ccace1dc5997",
              "isHook": false,
              "skipped": false
            },
            {
              "title": "should maintain application state across page reloads",
              "fullTitle": "Basic UI Functionality should maintain application state across page reloads",
              "timedOut": null,
              "duration": 6448,
              "state": "passed",
              "speed": "medium",
              "pass": true,
              "fail": false,
              "pending": false,
              "context": null,
              "code": "// Reload the page and verify it still works\ncy.reload();\ncy.waitForStore();\n// Check that the application still loads properly\ncy.get('.sidebar-nav').should('be.visible');\ncy.get('#items-list').should('be.visible');\ncy.get('#section-title').should('contain.text', 'Jobs');\ncy.takeNamedScreenshot('page-reload-test');",
              "err": {},
              "uuid": "f9306ac1-1e45-4ee4-8787-ce411b241d71",
              "parentUUID": "fb73077c-8616-4cae-a955-ccace1dc5997",
              "isHook": false,
              "skipped": false
            },
            {
              "title": "should perform basic accessibility checks",
              "fullTitle": "Basic UI Functionality should perform basic accessibility checks",
              "timedOut": null,
              "duration": 4847,
              "state": "passed",
              "speed": "fast",
              "pass": true,
              "fail": false,
              "pending": false,
              "context": null,
              "code": "cy.checkA11y();\ncy.takeNamedScreenshot('accessibility-check');",
              "err": {},
              "uuid": "498bf60a-27d8-4cb9-abfa-a4b8a5c7ffbc",
              "parentUUID": "fb73077c-8616-4cae-a955-ccace1dc5997",
              "isHook": false,
              "skipped": false
            }
          ],
          "suites": [],
          "passes": [
            "79fd1800-b36a-4763-9606-6b31a4a2212d",
            "33244182-cb0d-40de-a1ac-4665120df0a4",
            "ba3f97ca-5d19-4e69-bb7b-1f77e114e0da",
            "ed6a7217-dc33-43f9-95a1-231722a88eb7",
            "10e4bc9f-8cac-4528-b773-fd621db94d15",
            "00e60321-f1b9-4b14-bac2-e63167f4ab4c",
            "f9306ac1-1e45-4ee4-8787-ce411b241d71",
            "498bf60a-27d8-4cb9-abfa-a4b8a5c7ffbc"
          ],
          "failures": [],
          "pending": [],
          "skipped": [],
          "duration": 48966,
          "root": false,
          "rootEmpty": false,
          "_timeout": 2000
        }
      ],
      "passes": [],
      "failures": [],
      "pending": [],
      "skipped": [],
      "duration": 0,
      "root": true,
      "rootEmpty": true,
      "_timeout": 2000
    }
  ],
  "meta": {
    "mocha": {
      "version": "7.0.1"
    },
    "mochawesome": {
      "options": {
        "quiet": false,
        "reportFilename": "mochawesome",
        "saveHtml": false,
        "saveJson": true,
        "consoleReporter": "spec",
        "useInlineDiffs": false,
        "code": true
      },
      "version": "7.1.3"
    },
    "marge": {
      "options": {
        "reportDir": "cypress/reports",
        "overwrite": false,
        "html": false,
        "json": true,
        "timestamp": "mmddyyyy_HHMMss"
      },
      "version": "6.2.0"
    }
  }
}