{
  "stats": {
    "suites": 1,
    "tests": 8,
    "passes": 8,
    "pending": 0,
    "failures": 0,
    "start": "2025-08-24T13:30:00.824Z",
    "end": "2025-08-24T13:30:53.189Z",
    "duration": 52365,
    "testsRegistered": 8,
    "passPercent": 100,
    "pendingPercent": 0,
    "other": 0,
    "hasOther": false,
    "skipped": 0,
    "hasSkipped": false
  },
  "results": [
    {
      "uuid": "9d39f0b9-f6a2-495f-9cfa-4c36ee6aec69",
      "title": "",
      "fullFile": "cypress/e2e/basic-ui.cy.js",
      "file": "cypress/e2e/basic-ui.cy.js",
      "beforeHooks": [],
      "afterHooks": [],
      "tests": [],
      "suites": [
        {
          "uuid": "e55407f9-d47e-4fa7-8e09-75d4a07394b0",
          "title": "Basic UI Functionality",
          "fullFile": "",
          "file": "",
          "beforeHooks": [],
          "afterHooks": [],
          "tests": [
            {
              "title": "should load the application successfully",
              "fullTitle": "Basic UI Functionality should load the application successfully",
              "timedOut": null,
              "duration": 8001,
              "state": "passed",
              "speed": "medium",
              "pass": true,
              "fail": false,
              "pending": false,
              "context": null,
              "code": "cy.get('body').should('be.visible');\ncy.get('global-store-migrated').should('exist');\ncy.get('.sidebar-nav').should('be.visible');\n// Take screenshot of initial load\ncy.takeNamedScreenshot('app-initial-load');\n// Measure page load performance\ncy.measurePageLoad('Jobs Application');",
              "err": {},
              "uuid": "11c03d73-1ddf-4709-a5f2-bdb55b667969",
              "parentUUID": "e55407f9-d47e-4fa7-8e09-75d4a07394b0",
              "isHook": false,
              "skipped": false
            },
            {
              "title": "should navigate between sections",
              "fullTitle": "Basic UI Functionality should navigate between sections",
              "timedOut": null,
              "duration": 9696,
              "state": "passed",
              "speed": "medium",
              "pass": true,
              "fail": false,
              "pending": false,
              "context": null,
              "code": "const sections = ['jobs', 'resumes', 'settings'];\nsections.forEach(section => {\n  cy.navigateToSection(section);\n  cy.takeNamedScreenshot(`section-${section}`);\n  cy.wait(500); // Allow section to fully load\n});",
              "err": {},
              "uuid": "8ff767c1-09d2-4222-8e02-d25cf684f023",
              "parentUUID": "e55407f9-d47e-4fa7-8e09-75d4a07394b0",
              "isHook": false,
              "skipped": false
            },
            {
              "title": "should display job list interface correctly",
              "fullTitle": "Basic UI Functionality should display job list interface correctly",
              "timedOut": null,
              "duration": 3960,
              "state": "passed",
              "speed": "fast",
              "pass": true,
              "fail": false,
              "pending": false,
              "context": null,
              "code": "// Check that the job list interface is visible and functional\ncy.get('#items-list').should('be.visible');\ncy.get('#items-header').should('contain.text', 'Jobs');\n// The list should be empty by default (no jobs seeded)\ncy.get('.empty-state').should('be.visible');\ncy.takeNamedScreenshot('job-list-interface');",
              "err": {},
              "uuid": "d178c95e-8519-4b5d-b29d-3ce220c6b618",
              "parentUUID": "e55407f9-d47e-4fa7-8e09-75d4a07394b0",
              "isHook": false,
              "skipped": false
            },
            {
              "title": "should handle empty state properly",
              "fullTitle": "Basic UI Functionality should handle empty state properly",
              "timedOut": null,
              "duration": 4547,
              "state": "passed",
              "speed": "fast",
              "pass": true,
              "fail": false,
              "pending": false,
              "context": null,
              "code": "cy.get('#items-list').should('be.visible');\ncy.get('.empty-state').should('be.visible');\ncy.takeNamedScreenshot('empty-state');",
              "err": {},
              "uuid": "a0ec4ff5-93eb-4d58-9873-8db45083d716",
              "parentUUID": "e55407f9-d47e-4fa7-8e09-75d4a07394b0",
              "isHook": false,
              "skipped": false
            },
            {
              "title": "should display settings section",
              "fullTitle": "Basic UI Functionality should display settings section",
              "timedOut": null,
              "duration": 5100,
              "state": "passed",
              "speed": "medium",
              "pass": true,
              "fail": false,
              "pending": false,
              "context": null,
              "code": "cy.navigateToSection('settings');\ncy.get('#settings-panel').should('be.visible');\ncy.takeNamedScreenshot('settings-section');",
              "err": {},
              "uuid": "1c5d3ea6-6e79-4e09-9a7d-f3eebba4db8c",
              "parentUUID": "e55407f9-d47e-4fa7-8e09-75d4a07394b0",
              "isHook": false,
              "skipped": false
            },
            {
              "title": "should be responsive on different viewports",
              "fullTitle": "Basic UI Functionality should be responsive on different viewports",
              "timedOut": null,
              "duration": 7635,
              "state": "passed",
              "speed": "medium",
              "pass": true,
              "fail": false,
              "pending": false,
              "context": null,
              "code": "const viewports = [{\n  width: 1280,\n  height: 720,\n  name: 'desktop'\n}, {\n  width: 768,\n  height: 1024,\n  name: 'tablet'\n}, {\n  width: 375,\n  height: 667,\n  name: 'mobile'\n}];\nviewports.forEach(viewport => {\n  cy.viewport(viewport.width, viewport.height);\n  cy.wait(500);\n  cy.takeNamedScreenshot(`responsive-${viewport.name}`);\n  // Check that key elements are still visible and accessible\n  cy.get('.sidebar-nav').should('be.visible');\n  cy.get('#section-title').should('be.visible');\n});",
              "err": {},
              "uuid": "5f5ac1e5-5326-44ae-9a1d-edffea42e496",
              "parentUUID": "e55407f9-d47e-4fa7-8e09-75d4a07394b0",
              "isHook": false,
              "skipped": false
            },
            {
              "title": "should maintain application state across page reloads",
              "fullTitle": "Basic UI Functionality should maintain application state across page reloads",
              "timedOut": null,
              "duration": 6034,
              "state": "passed",
              "speed": "medium",
              "pass": true,
              "fail": false,
              "pending": false,
              "context": null,
              "code": "// Reload the page and verify it still works\ncy.reload();\ncy.waitForStore();\n// Check that the application still loads properly\ncy.get('.sidebar-nav').should('be.visible');\ncy.get('#items-list').should('be.visible');\ncy.get('#section-title').should('contain.text', 'Jobs');\ncy.takeNamedScreenshot('page-reload-test');",
              "err": {},
              "uuid": "11b3cc90-e6cd-4836-bc7b-0d6fa0cbf6f7",
              "parentUUID": "e55407f9-d47e-4fa7-8e09-75d4a07394b0",
              "isHook": false,
              "skipped": false
            },
            {
              "title": "should perform basic accessibility checks",
              "fullTitle": "Basic UI Functionality should perform basic accessibility checks",
              "timedOut": null,
              "duration": 4456,
              "state": "passed",
              "speed": "fast",
              "pass": true,
              "fail": false,
              "pending": false,
              "context": null,
              "code": "cy.checkA11y();\ncy.takeNamedScreenshot('accessibility-check');",
              "err": {},
              "uuid": "3f533181-f7de-4448-a1d6-a9f91e81926c",
              "parentUUID": "e55407f9-d47e-4fa7-8e09-75d4a07394b0",
              "isHook": false,
              "skipped": false
            }
          ],
          "suites": [],
          "passes": [
            "11c03d73-1ddf-4709-a5f2-bdb55b667969",
            "8ff767c1-09d2-4222-8e02-d25cf684f023",
            "d178c95e-8519-4b5d-b29d-3ce220c6b618",
            "a0ec4ff5-93eb-4d58-9873-8db45083d716",
            "1c5d3ea6-6e79-4e09-9a7d-f3eebba4db8c",
            "5f5ac1e5-5326-44ae-9a1d-edffea42e496",
            "11b3cc90-e6cd-4836-bc7b-0d6fa0cbf6f7",
            "3f533181-f7de-4448-a1d6-a9f91e81926c"
          ],
          "failures": [],
          "pending": [],
          "skipped": [],
          "duration": 49429,
          "root": false,
          "rootEmpty": false,
          "_timeout": 2000
        }
      ],
      "passes": [],
      "failures": [],
      "pending": [],
      "skipped": [],
      "duration": 0,
      "root": true,
      "rootEmpty": true,
      "_timeout": 2000
    }
  ],
  "meta": {
    "mocha": {
      "version": "7.0.1"
    },
    "mochawesome": {
      "options": {
        "quiet": false,
        "reportFilename": "mochawesome",
        "saveHtml": false,
        "saveJson": true,
        "consoleReporter": "spec",
        "useInlineDiffs": false,
        "code": true
      },
      "version": "7.1.3"
    },
    "marge": {
      "options": {
        "reportDir": "cypress/reports",
        "overwrite": false,
        "html": false,
        "json": true,
        "timestamp": "mmddyyyy_HHMMss"
      },
      "version": "6.2.0"
    }
  }
}