{
  "stats": {
    "suites": 1,
    "tests": 4,
    "passes": 4,
    "pending": 0,
    "failures": 0,
    "start": "2025-08-26T19:43:24.384Z",
    "end": "2025-08-26T19:43:36.914Z",
    "duration": 12530,
    "testsRegistered": 4,
    "passPercent": 100,
    "pendingPercent": 0,
    "other": 0,
    "hasOther": false,
    "skipped": 0,
    "hasSkipped": false
  },
  "results": [
    {
      "uuid": "9e946fb1-6d32-4771-838d-b84ac4bb8e19",
      "title": "",
      "fullFile": "cypress/e2e/simple-test.cy.js",
      "file": "cypress/e2e/simple-test.cy.js",
      "beforeHooks": [],
      "afterHooks": [],
      "tests": [],
      "suites": [
        {
          "uuid": "4e38b631-176b-4d6b-a98d-439826193dbb",
          "title": "Simple Application Test",
          "fullFile": "",
          "file": "",
          "beforeHooks": [],
          "afterHooks": [],
          "tests": [
            {
              "title": "should load the application",
              "fullTitle": "Simple Application Test should load the application",
              "timedOut": null,
              "duration": 3858,
              "state": "passed",
              "speed": "fast",
              "pass": true,
              "fail": false,
              "pending": false,
              "context": null,
              "code": "cy.get('body').should('be.visible');\ncy.title().should('not.be.empty');",
              "err": {},
              "uuid": "77971214-5b18-423a-b4f4-4cc5bd3dd448",
              "parentUUID": "4e38b631-176b-4d6b-a98d-439826193dbb",
              "isHook": false,
              "skipped": false
            },
            {
              "title": "should find the Import Job button",
              "fullTitle": "Simple Application Test should find the Import Job button",
              "timedOut": null,
              "duration": 2490,
              "state": "passed",
              "speed": "fast",
              "pass": true,
              "fail": false,
              "pending": false,
              "context": null,
              "code": "cy.get('#import-job-btn').should('be.visible');",
              "err": {},
              "uuid": "f80e8e08-e9af-402c-9859-778cfd793c1c",
              "parentUUID": "4e38b631-176b-4d6b-a98d-439826193dbb",
              "isHook": false,
              "skipped": false
            },
            {
              "title": "should open import job modal when clicked",
              "fullTitle": "Simple Application Test should open import job modal when clicked",
              "timedOut": null,
              "duration": 2855,
              "state": "passed",
              "speed": "fast",
              "pass": true,
              "fail": false,
              "pending": false,
              "context": null,
              "code": "// Click the Import Job button\ncy.get('#import-job-btn').click();\n// Check if a modal appears (look for common modal selectors)\ncy.get('#import-job-modal, .modal, [id*=\"import\"], [class*=\"modal\"]').should('exist').and('be.visible');",
              "err": {},
              "uuid": "27e13682-b27e-4207-a4a3-68e59a3e31e7",
              "parentUUID": "4e38b631-176b-4d6b-a98d-439826193dbb",
              "isHook": false,
              "skipped": false
            },
            {
              "title": "should have basic navigation elements",
              "fullTitle": "Simple Application Test should have basic navigation elements",
              "timedOut": null,
              "duration": 2529,
              "state": "passed",
              "speed": "fast",
              "pass": true,
              "fail": false,
              "pending": false,
              "context": null,
              "code": "cy.get('#main-nav, nav, [id*=\"nav\"]').should('exist');",
              "err": {},
              "uuid": "28f7ff5b-c087-4f0a-ba6d-89f1c4e763f8",
              "parentUUID": "4e38b631-176b-4d6b-a98d-439826193dbb",
              "isHook": false,
              "skipped": false
            }
          ],
          "suites": [],
          "passes": [
            "77971214-5b18-423a-b4f4-4cc5bd3dd448",
            "f80e8e08-e9af-402c-9859-778cfd793c1c",
            "27e13682-b27e-4207-a4a3-68e59a3e31e7",
            "28f7ff5b-c087-4f0a-ba6d-89f1c4e763f8"
          ],
          "failures": [],
          "pending": [],
          "skipped": [],
          "duration": 11732,
          "root": false,
          "rootEmpty": false,
          "_timeout": 2000
        }
      ],
      "passes": [],
      "failures": [],
      "pending": [],
      "skipped": [],
      "duration": 0,
      "root": true,
      "rootEmpty": true,
      "_timeout": 2000
    }
  ],
  "meta": {
    "mocha": {
      "version": "7.0.1"
    },
    "mochawesome": {
      "options": {
        "quiet": false,
        "reportFilename": "mochawesome",
        "saveHtml": false,
        "saveJson": true,
        "consoleReporter": "spec",
        "useInlineDiffs": false,
        "code": true
      },
      "version": "7.1.3"
    },
    "marge": {
      "options": {
        "reportDir": "cypress/reports",
        "overwrite": false,
        "html": false,
        "json": true,
        "timestamp": "mmddyyyy_HHMMss"
      },
      "version": "6.2.0"
    }
  }
}