{"numTotalTestSuites":72,"numPassedTestSuites":60,"numFailedTestSuites":12,"numPendingTestSuites":0,"numTotalTests":169,"numPassedTests":153,"numFailedTests":16,"numPendingTests":0,"numTodoTests":0,"snapshot":{"added":0,"failure":false,"filesAdded":0,"filesRemoved":0,"filesRemovedList":[],"filesUnmatched":0,"filesUpdated":0,"matched":0,"total":0,"unchecked":0,"uncheckedKeysByFile":[],"unmatched":0,"updated":0,"didUpdate":false},"startTime":1769478568709,"success":false,"testResults":[{"assertionResults":[{"ancestorTitles":["ComponentBase","Constructor"],"fullName":"ComponentBase Constructor should initialize with default properties","status":"passed","title":"should initialize with default properties","duration":17.29530700000032,"failureMessages":[],"location":{"line":51,"column":7},"meta":{}},{"ancestorTitles":["ComponentBase","Constructor"],"fullName":"ComponentBase Constructor should set component name and generate unique ID","status":"passed","title":"should set component name and generate unique ID","duration":5.352513999998337,"failureMessages":[],"location":{"line":59,"column":7},"meta":{}},{"ancestorTitles":["ComponentBase","Constructor"],"fullName":"ComponentBase Constructor should bind standard methods","status":"passed","title":"should bind standard methods","duration":4.72585700000127,"failureMessages":[],"location":{"line":65,"column":7},"meta":{}},{"ancestorTitles":["ComponentBase","Constructor"],"fullName":"ComponentBase Constructor should generate unique IDs for different instances","status":"passed","title":"should generate unique IDs for different instances","duration":9.032774999999674,"failureMessages":[],"location":{"line":72,"column":7},"meta":{}},{"ancestorTitles":["ComponentBase","connectedCallback"],"fullName":"ComponentBase connectedCallback should set _isConnected to true","status":"passed","title":"should set _isConnected to true","duration":13.722853000002942,"failureMessages":[],"location":{"line":79,"column":7},"meta":{}},{"ancestorTitles":["ComponentBase","connectedCallback"],"fullName":"ComponentBase connectedCallback should not reconnect if already connected","status":"passed","title":"should not reconnect if already connected","duration":9.867089999999735,"failureMessages":[],"location":{"line":86,"column":7},"meta":{}},{"ancestorTitles":["ComponentBase","connectedCallback"],"fullName":"ComponentBase connectedCallback should call waitForDependencies and initialize","status":"passed","title":"should call waitForDependencies and initialize","duration":43.93162999999913,"failureMessages":[],"location":{"line":96,"column":7},"meta":{}},{"ancestorTitles":["ComponentBase","disconnectedCallback"],"fullName":"ComponentBase disconnectedCallback should set _isConnected to false","status":"passed","title":"should set _isConnected to false","duration":5.547130999999354,"failureMessages":[],"location":{"line":110,"column":7},"meta":{}},{"ancestorTitles":["ComponentBase","disconnectedCallback"],"fullName":"ComponentBase disconnectedCallback should call cleanup","status":"passed","title":"should call cleanup","duration":5.587391999997635,"failureMessages":[],"location":{"line":116,"column":7},"meta":{}},{"ancestorTitles":["ComponentBase","disconnectedCallback"],"fullName":"ComponentBase disconnectedCallback should handle errors during cleanup","status":"passed","title":"should handle errors during cleanup","duration":39.154601999998704,"failureMessages":[],"location":{"line":122,"column":7},"meta":{}},{"ancestorTitles":["ComponentBase","waitForDependencies"],"fullName":"ComponentBase waitForDependencies should resolve immediately if skipDependencyCheck is true","status":"passed","title":"should resolve immediately if skipDependencyCheck is true","duration":9.896468999999342,"failureMessages":[],"location":{"line":133,"column":7},"meta":{}},{"ancestorTitles":["ComponentBase","waitForDependencies"],"fullName":"ComponentBase waitForDependencies should wait for dependencies to be ready","status":"passed","title":"should wait for dependencies to be ready","duration":4.307763000000705,"failureMessages":[],"location":{"line":138,"column":7},"meta":{}},{"ancestorTitles":["ComponentBase","waitForDependencies"],"fullName":"ComponentBase waitForDependencies should timeout after max attempts","status":"passed","title":"should timeout after max attempts","duration":5041.108315000001,"failureMessages":[],"location":{"line":147,"column":7},"meta":{}},{"ancestorTitles":["ComponentBase","initialize"],"fullName":"ComponentBase initialize should not initialize twice","status":"passed","title":"should not initialize twice","duration":15.56725699999879,"failureMessages":[],"location":{"line":163,"column":7},"meta":{}},{"ancestorTitles":["ComponentBase","initialize"],"fullName":"ComponentBase initialize should register with app manager","status":"passed","title":"should register with app manager","duration":13.437394000000495,"failureMessages":[],"location":{"line":172,"column":7},"meta":{}},{"ancestorTitles":["ComponentBase","initialize"],"fullName":"ComponentBase initialize should subscribe to store","status":"passed","title":"should subscribe to store","duration":12.507722000002104,"failureMessages":[],"location":{"line":182,"column":7},"meta":{}},{"ancestorTitles":["ComponentBase","initialize"],"fullName":"ComponentBase initialize should call onInitialize hook","status":"passed","title":"should call onInitialize hook","duration":4.672317000000476,"failureMessages":[],"location":{"line":189,"column":7},"meta":{}},{"ancestorTitles":["ComponentBase","initialize"],"fullName":"ComponentBase initialize should set _isInitialized to true","status":"passed","title":"should set _isInitialized to true","duration":4.744144000000233,"failureMessages":[],"location":{"line":196,"column":7},"meta":{}},{"ancestorTitles":["ComponentBase","initialize"],"fullName":"ComponentBase initialize should emit component-initialized event","status":"passed","title":"should emit component-initialized event","duration":7.363698999997723,"failureMessages":[],"location":{"line":201,"column":7},"meta":{}},{"ancestorTitles":["ComponentBase","initialize"],"fullName":"ComponentBase initialize should handle initialization errors","status":"passed","title":"should handle initialization errors","duration":11.805307999999059,"failureMessages":[],"location":{"line":210,"column":7},"meta":{}},{"ancestorTitles":["ComponentBase","setData"],"fullName":"ComponentBase setData should update component data","status":"passed","title":"should update component data","duration":8.153534999997646,"failureMessages":[],"location":{"line":222,"column":7},"meta":{}},{"ancestorTitles":["ComponentBase","setData"],"fullName":"ComponentBase setData should call onDataChange hook","status":"passed","title":"should call onDataChange hook","duration":5.459735000000364,"failureMessages":[],"location":{"line":229,"column":7},"meta":{}},{"ancestorTitles":["ComponentBase","setData"],"fullName":"ComponentBase setData should emit data-changed event","status":"passed","title":"should emit data-changed event","duration":4.766481999999087,"failureMessages":[],"location":{"line":238,"column":7},"meta":{}},{"ancestorTitles":["ComponentBase","setData"],"fullName":"ComponentBase setData should track previous data","status":"passed","title":"should track previous data","duration":8.486315999998624,"failureMessages":[],"location":{"line":253,"column":7},"meta":{}},{"ancestorTitles":["ComponentBase","setData"],"fullName":"ComponentBase setData should handle errors during setData","status":"passed","title":"should handle errors during setData","duration":12.844709000000876,"failureMessages":[],"location":{"line":264,"column":7},"meta":{}},{"ancestorTitles":["ComponentBase","getData"],"fullName":"ComponentBase getData should return current data","status":"passed","title":"should return current data","duration":4.334470999998302,"failureMessages":[],"location":{"line":277,"column":7},"meta":{}},{"ancestorTitles":["ComponentBase","getData"],"fullName":"ComponentBase getData should return null if no data set","status":"passed","title":"should return null if no data set","duration":3.8487519999980577,"failureMessages":[],"location":{"line":284,"column":7},"meta":{}},{"ancestorTitles":["ComponentBase","refresh"],"fullName":"ComponentBase refresh should skip refresh if not initialized","status":"passed","title":"should skip refresh if not initialized","duration":17.9797839999992,"failureMessages":[],"location":{"line":290,"column":7},"meta":{}},{"ancestorTitles":["ComponentBase","refresh"],"fullName":"ComponentBase refresh should call onRefresh when initialized","status":"passed","title":"should call onRefresh when initialized","duration":4.670597000000271,"failureMessages":[],"location":{"line":298,"column":7},"meta":{}},{"ancestorTitles":["ComponentBase","refresh"],"fullName":"ComponentBase refresh should force refresh when requested","status":"passed","title":"should force refresh when requested","duration":4.827583999998751,"failureMessages":[],"location":{"line":307,"column":7},"meta":{}},{"ancestorTitles":["ComponentBase","refresh"],"fullName":"ComponentBase refresh should emit component-refreshed event","status":"passed","title":"should emit component-refreshed event","duration":5.360314000001381,"failureMessages":[],"location":{"line":315,"column":7},"meta":{}},{"ancestorTitles":["ComponentBase","refresh"],"fullName":"ComponentBase refresh should handle refresh errors","status":"passed","title":"should handle refresh errors","duration":6.628120999997918,"failureMessages":[],"location":{"line":327,"column":7},"meta":{}},{"ancestorTitles":["ComponentBase","validate"],"fullName":"ComponentBase validate should return valid by default","status":"passed","title":"should return valid by default","duration":6.331336999999621,"failureMessages":[],"location":{"line":339,"column":7},"meta":{}},{"ancestorTitles":["ComponentBase","validate"],"fullName":"ComponentBase validate should call onValidate hook","status":"passed","title":"should call onValidate hook","duration":4.34030999999959,"failureMessages":[],"location":{"line":346,"column":7},"meta":{}},{"ancestorTitles":["ComponentBase","validate"],"fullName":"ComponentBase validate should handle validation errors","status":"passed","title":"should handle validation errors","duration":7.98578500000076,"failureMessages":[],"location":{"line":354,"column":7},"meta":{}},{"ancestorTitles":["ComponentBase","emitEvent"],"fullName":"ComponentBase emitEvent should dispatch custom event","status":"passed","title":"should dispatch custom event","duration":5.616190000000643,"failureMessages":[],"location":{"line":367,"column":7},"meta":{}},{"ancestorTitles":["ComponentBase","emitEvent"],"fullName":"ComponentBase emitEvent should handle bubbles parameter","status":"passed","title":"should handle bubbles parameter","duration":4.475572999999713,"failureMessages":[],"location":{"line":380,"column":7},"meta":{}},{"ancestorTitles":["ComponentBase","emitEvent"],"fullName":"ComponentBase emitEvent should handle event dispatch errors","status":"passed","title":"should handle event dispatch errors","duration":10.126188000002003,"failureMessages":[],"location":{"line":389,"column":7},"meta":{}},{"ancestorTitles":["ComponentBase","handleError"],"fullName":"ComponentBase handleError should log error to console","status":"passed","title":"should log error to console","duration":9.42176499999914,"failureMessages":[],"location":{"line":400,"column":7},"meta":{}},{"ancestorTitles":["ComponentBase","handleError"],"fullName":"ComponentBase handleError should emit component-error event","status":"passed","title":"should emit component-error event","duration":13.113999999997759,"failureMessages":[],"location":{"line":409,"column":7},"meta":{}},{"ancestorTitles":["ComponentBase","handleError"],"fullName":"ComponentBase handleError should notify app manager if available","status":"passed","title":"should notify app manager if available","duration":7.4924470000005385,"failureMessages":[],"location":{"line":423,"column":7},"meta":{}},{"ancestorTitles":["ComponentBase","cleanup"],"fullName":"ComponentBase cleanup should unsubscribe from store","status":"passed","title":"should unsubscribe from store","duration":4.712261999997281,"failureMessages":[],"location":{"line":438,"column":7},"meta":{}},{"ancestorTitles":["ComponentBase","cleanup"],"fullName":"ComponentBase cleanup should call onCleanup hook","status":"passed","title":"should call onCleanup hook","duration":5.388848000002326,"failureMessages":[],"location":{"line":448,"column":7},"meta":{}},{"ancestorTitles":["ComponentBase","cleanup"],"fullName":"ComponentBase cleanup should unregister from app manager","status":"passed","title":"should unregister from app manager","duration":4.906811000000744,"failureMessages":[],"location":{"line":456,"column":7},"meta":{}},{"ancestorTitles":["ComponentBase","cleanup"],"fullName":"ComponentBase cleanup should set _isInitialized to false","status":"passed","title":"should set _isInitialized to false","duration":4.535390000000916,"failureMessages":[],"location":{"line":465,"column":7},"meta":{}},{"ancestorTitles":["ComponentBase","cleanup"],"fullName":"ComponentBase cleanup should handle cleanup errors","status":"passed","title":"should handle cleanup errors","duration":8.217239000001427,"failureMessages":[],"location":{"line":473,"column":7},"meta":{}},{"ancestorTitles":["ComponentBase","getMetadata"],"fullName":"ComponentBase getMetadata should return component metadata","status":"passed","title":"should return component metadata","duration":5.289295999999013,"failureMessages":[],"location":{"line":484,"column":7},"meta":{}},{"ancestorTitles":["ComponentBase","getMetadata"],"fullName":"ComponentBase getMetadata should handle null data","status":"passed","title":"should handle null data","duration":8.443488000000798,"failureMessages":[],"location":{"line":501,"column":7},"meta":{}},{"ancestorTitles":["ComponentBase","updateGlobalState"],"fullName":"ComponentBase updateGlobalState should call setState with updates","status":"passed","title":"should call setState with updates","duration":6.122475000000122,"failureMessages":[],"location":{"line":510,"column":7},"meta":{}},{"ancestorTitles":["ComponentBase","updateGlobalState"],"fullName":"ComponentBase updateGlobalState should use component name as default source","status":"passed","title":"should use component name as default source","duration":10.892070999998396,"failureMessages":[],"location":{"line":519,"column":7},"meta":{}},{"ancestorTitles":["ComponentBase","updateGlobalState"],"fullName":"ComponentBase updateGlobalState should handle setState errors","status":"passed","title":"should handle setState errors","duration":8.200070000002597,"failureMessages":[],"location":{"line":531,"column":7},"meta":{}},{"ancestorTitles":["ComponentBase","getGlobalState"],"fullName":"ComponentBase getGlobalState should return state from store","status":"passed","title":"should return state from store","duration":5.433560000001307,"failureMessages":[],"location":{"line":545,"column":7},"meta":{}},{"ancestorTitles":["ComponentBase","getGlobalState"],"fullName":"ComponentBase getGlobalState should handle path parameter","status":"passed","title":"should handle path parameter","duration":6.069146999998338,"failureMessages":[],"location":{"line":554,"column":7},"meta":{}},{"ancestorTitles":["ComponentBase","getGlobalState"],"fullName":"ComponentBase getGlobalState should handle getState errors","status":"passed","title":"should handle getState errors","duration":7.21528699999908,"failureMessages":[],"location":{"line":562,"column":7},"meta":{}},{"ancestorTitles":["ComponentBase","showToast"],"fullName":"ComponentBase showToast should call app manager showToast","status":"passed","title":"should call app manager showToast","duration":5.154821000000084,"failureMessages":[],"location":{"line":575,"column":7},"meta":{}},{"ancestorTitles":["ComponentBase","showToast"],"fullName":"ComponentBase showToast should use default type","status":"passed","title":"should use default type","duration":10.301923999999417,"failureMessages":[],"location":{"line":583,"column":7},"meta":{}},{"ancestorTitles":["ComponentBase","showToast"],"fullName":"ComponentBase showToast should handle missing app manager","status":"passed","title":"should handle missing app manager","duration":5.951162999997905,"failureMessages":[],"location":{"line":591,"column":7},"meta":{}},{"ancestorTitles":["ComponentBase","isReady"],"fullName":"ComponentBase isReady should return false when not initialized","status":"passed","title":"should return false when not initialized","duration":5.599389999999403,"failureMessages":[],"location":{"line":601,"column":7},"meta":{}},{"ancestorTitles":["ComponentBase","isReady"],"fullName":"ComponentBase isReady should return false when not connected","status":"passed","title":"should return false when not connected","duration":4.867865000000165,"failureMessages":[],"location":{"line":606,"column":7},"meta":{}},{"ancestorTitles":["ComponentBase","isReady"],"fullName":"ComponentBase isReady should return true when both initialized and connected","status":"passed","title":"should return true when both initialized and connected","duration":5.177266999999119,"failureMessages":[],"location":{"line":611,"column":7},"meta":{}},{"ancestorTitles":["FormValidationMixin","validateForm"],"fullName":"FormValidationMixin validateForm should return error if form not found","status":"passed","title":"should return error if form not found","duration":5.675147999998444,"failureMessages":[],"location":{"line":627,"column":7},"meta":{}},{"ancestorTitles":["FormValidationMixin","validateForm"],"fullName":"FormValidationMixin validateForm should validate required fields","status":"passed","title":"should validate required fields","duration":39.79302100000132,"failureMessages":[],"location":{"line":634,"column":7},"meta":{}},{"ancestorTitles":["FormValidationMixin","validateForm"],"fullName":"FormValidationMixin validateForm should pass when required fields have values","status":"passed","title":"should pass when required fields have values","duration":9.116963000000396,"failureMessages":[],"location":{"line":648,"column":7},"meta":{}},{"ancestorTitles":["FormValidationMixin","validateForm"],"fullName":"FormValidationMixin validateForm should validate email fields","status":"passed","title":"should validate email fields","duration":13.98015200000009,"failureMessages":[],"location":{"line":661,"column":7},"meta":{}},{"ancestorTitles":["FormValidationMixin","validateForm"],"fullName":"FormValidationMixin validateForm should validate URL fields","status":"passed","title":"should validate URL fields","duration":24.829007000000274,"failureMessages":[],"location":{"line":675,"column":7},"meta":{}},{"ancestorTitles":["FormValidationMixin","isValidEmail"],"fullName":"FormValidationMixin isValidEmail should validate correct email","status":"passed","title":"should validate correct email","duration":9.044230999999854,"failureMessages":[],"location":{"line":691,"column":7},"meta":{}},{"ancestorTitles":["FormValidationMixin","isValidEmail"],"fullName":"FormValidationMixin isValidEmail should reject invalid email","status":"passed","title":"should reject invalid email","duration":4.849536999998236,"failureMessages":[],"location":{"line":695,"column":7},"meta":{}},{"ancestorTitles":["FormValidationMixin","isValidURL"],"fullName":"FormValidationMixin isValidURL should validate correct URL","status":"passed","title":"should validate correct URL","duration":4.341671999998653,"failureMessages":[],"location":{"line":703,"column":7},"meta":{}},{"ancestorTitles":["FormValidationMixin","isValidURL"],"fullName":"FormValidationMixin isValidURL should reject invalid URL","status":"passed","title":"should reject invalid URL","duration":4.540777000001981,"failureMessages":[],"location":{"line":708,"column":7},"meta":{}},{"ancestorTitles":["ModalMixin","showModal"],"fullName":"ModalMixin showModal should call app manager showModal","status":"passed","title":"should call app manager showModal","duration":5.406407000002218,"failureMessages":[],"location":{"line":729,"column":7},"meta":{}},{"ancestorTitles":["ModalMixin","showModal"],"fullName":"ModalMixin showModal should handle missing app manager","status":"passed","title":"should handle missing app manager","duration":8.726267000001826,"failureMessages":[],"location":{"line":735,"column":7},"meta":{}},{"ancestorTitles":["ModalMixin","closeModal"],"fullName":"ModalMixin closeModal should call app manager closeModal","status":"passed","title":"should call app manager closeModal","duration":4.68470299999899,"failureMessages":[],"location":{"line":746,"column":7},"meta":{}},{"ancestorTitles":["ModalMixin","closeModal"],"fullName":"ModalMixin closeModal should handle missing app manager","status":"passed","title":"should handle missing app manager","duration":4.80030799999804,"failureMessages":[],"location":{"line":752,"column":7},"meta":{}}],"startTime":1769478591370,"endTime":1769478597079.8003,"status":"passed","message":"","name":"/home/cdr/domains/cdr2.com/www/job-tool/tests/unit/component-base.test.js"},{"assertionResults":[{"ancestorTitles":["Example Test Suite","DOM Manipulation"],"fullName":"Example Test Suite DOM Manipulation should create mock elements","status":"passed","title":"should create mock elements","duration":22.216652000002796,"failureMessages":[],"location":{"line":11,"column":7},"meta":{}},{"ancestorTitles":["Example Test Suite","DOM Manipulation"],"fullName":"Example Test Suite DOM Manipulation should simulate events","status":"passed","title":"should simulate events","duration":4.301080999997794,"failureMessages":[],"location":{"line":22,"column":7},"meta":{}},{"ancestorTitles":["Example Test Suite","LocalStorage Mock"],"fullName":"Example Test Suite LocalStorage Mock should store and retrieve data","status":"passed","title":"should store and retrieve data","duration":2.563788999999815,"failureMessages":[],"location":{"line":38,"column":7},"meta":{}},{"ancestorTitles":["Example Test Suite","LocalStorage Mock"],"fullName":"Example Test Suite LocalStorage Mock should remove data","status":"passed","title":"should remove data","duration":1.9926639999976032,"failureMessages":[],"location":{"line":45,"column":7},"meta":{}},{"ancestorTitles":["Example Test Suite","LocalStorage Mock"],"fullName":"Example Test Suite LocalStorage Mock should clear all data","status":"passed","title":"should clear all data","duration":1.5722269999969285,"failureMessages":[],"location":{"line":52,"column":7},"meta":{}},{"ancestorTitles":["Example Test Suite","Async Operations"],"fullName":"Example Test Suite Async Operations should handle promises","status":"passed","title":"should handle promises","duration":1.5490449999997509,"failureMessages":[],"location":{"line":62,"column":7},"meta":{}},{"ancestorTitles":["Example Test Suite","Async Operations"],"fullName":"Example Test Suite Async Operations should use waitFor helper","status":"passed","title":"should use waitFor helper","duration":104.21227000000363,"failureMessages":[],"location":{"line":67,"column":7},"meta":{}},{"ancestorTitles":["Example Test Suite","Mock Functions"],"fullName":"Example Test Suite Mock Functions should create and verify mock functions","status":"passed","title":"should create and verify mock functions","duration":8.248185000004014,"failureMessages":[],"location":{"line":78,"column":7},"meta":{}},{"ancestorTitles":["Example Test Suite","Mock Functions"],"fullName":"Example Test Suite Mock Functions should mock return values","status":"passed","title":"should mock return values","duration":3.451178000002983,"failureMessages":[],"location":{"line":88,"column":7},"meta":{}},{"ancestorTitles":["Example Test Suite","Mock Functions"],"fullName":"Example Test Suite Mock Functions should mock resolved promises","status":"passed","title":"should mock resolved promises","duration":2.83843099999649,"failureMessages":[],"location":{"line":95,"column":7},"meta":{}},{"ancestorTitles":["Example Test Suite","Fetch Mock"],"fullName":"Example Test Suite Fetch Mock should mock fetch calls","status":"passed","title":"should mock fetch calls","duration":1.6844590000036987,"failureMessages":[],"location":{"line":106,"column":7},"meta":{}}],"startTime":1769478605591,"endTime":1769478605748.6846,"status":"passed","message":"","name":"/home/cdr/domains/cdr2.com/www/job-tool/tests/unit/example.test.js"},{"assertionResults":[{"ancestorTitles":["Storage Module","isLocalStorageAvailable"],"fullName":"Storage Module isLocalStorageAvailable should return true when localStorage is available","status":"passed","title":"should return true when localStorage is available","duration":191.58566300000075,"failureMessages":[],"location":{"line":53,"column":7},"meta":{}},{"ancestorTitles":["Storage Module","isLocalStorageAvailable"],"fullName":"Storage Module isLocalStorageAvailable should return false when localStorage throws error","status":"failed","title":"should return false when localStorage throws error","duration":38.83656400000018,"failureMessages":["AssertionError: expected true to be false // Object.is equality\n    at /home/cdr/domains/cdr2.com/www/job-tool/tests/unit/storage.test.js:65:22\n    at file:///home/cdr/domains/cdr2.com/www/job-tool/node_modules/@vitest/runner/dist/index.js:145:11\n    at file:///home/cdr/domains/cdr2.com/www/job-tool/node_modules/@vitest/runner/dist/index.js:915:26\n    at file:///home/cdr/domains/cdr2.com/www/job-tool/node_modules/@vitest/runner/dist/index.js:1243:20\n    at new Promise (<anonymous>)\n    at runWithTimeout (file:///home/cdr/domains/cdr2.com/www/job-tool/node_modules/@vitest/runner/dist/index.js:1209:10)\n    at file:///home/cdr/domains/cdr2.com/www/job-tool/node_modules/@vitest/runner/dist/index.js:1653:37\n    at Traces.$ (file:///home/cdr/domains/cdr2.com/www/job-tool/node_modules/vitest/dist/chunks/traces.CCmnQaNT.js:142:27)\n    at trace (file:///home/cdr/domains/cdr2.com/www/job-tool/node_modules/vitest/dist/chunks/test.B8ej_ZHS.js:239:21)\n    at runTest (file:///home/cdr/domains/cdr2.com/www/job-tool/node_modules/@vitest/runner/dist/index.js:1653:12)"],"location":{"line":58,"column":7},"meta":{}},{"ancestorTitles":["Storage Module","initLocalStorage"],"fullName":"Storage Module initLocalStorage should return true when localStorage is available","status":"passed","title":"should return true when localStorage is available","duration":9.342936000000009,"failureMessages":[],"location":{"line":71,"column":7},"meta":{}},{"ancestorTitles":["Storage Module","initLocalStorage"],"fullName":"Storage Module initLocalStorage should return false and warn when localStorage unavailable","status":"failed","title":"should return false and warn when localStorage unavailable","duration":11.061177999999927,"failureMessages":["AssertionError: expected true to be false // Object.is equality\n    at /home/cdr/domains/cdr2.com/www/job-tool/tests/unit/storage.test.js:84:22\n    at file:///home/cdr/domains/cdr2.com/www/job-tool/node_modules/@vitest/runner/dist/index.js:145:11\n    at file:///home/cdr/domains/cdr2.com/www/job-tool/node_modules/@vitest/runner/dist/index.js:915:26\n    at file:///home/cdr/domains/cdr2.com/www/job-tool/node_modules/@vitest/runner/dist/index.js:1243:20\n    at new Promise (<anonymous>)\n    at runWithTimeout (file:///home/cdr/domains/cdr2.com/www/job-tool/node_modules/@vitest/runner/dist/index.js:1209:10)\n    at file:///home/cdr/domains/cdr2.com/www/job-tool/node_modules/@vitest/runner/dist/index.js:1653:37\n    at Traces.$ (file:///home/cdr/domains/cdr2.com/www/job-tool/node_modules/vitest/dist/chunks/traces.CCmnQaNT.js:142:27)\n    at trace (file:///home/cdr/domains/cdr2.com/www/job-tool/node_modules/vitest/dist/chunks/test.B8ej_ZHS.js:239:21)\n    at runTest (file:///home/cdr/domains/cdr2.com/www/job-tool/node_modules/@vitest/runner/dist/index.js:1653:12)"],"location":{"line":76,"column":7},"meta":{}},{"ancestorTitles":["Storage Module","initStorage"],"fullName":"Storage Module initStorage should initialize with IndexedDB when available","status":"passed","title":"should initialize with IndexedDB when available","duration":14.18203800000083,"failureMessages":[],"location":{"line":90,"column":7},"meta":{}},{"ancestorTitles":["Storage Module","initStorage"],"fullName":"Storage Module initStorage should check migration status","status":"passed","title":"should check migration status","duration":10.343669999999292,"failureMessages":[],"location":{"line":97,"column":7},"meta":{}},{"ancestorTitles":["Storage Module","initStorage"],"fullName":"Storage Module initStorage should fallback to localStorage when IndexedDB unavailable","status":"passed","title":"should fallback to localStorage when IndexedDB unavailable","duration":3042.8495249999996,"failureMessages":[],"location":{"line":103,"column":7},"meta":{}},{"ancestorTitles":["Storage Module","initStorage"],"fullName":"Storage Module initStorage should wait for IndexedDB initialization","status":"passed","title":"should wait for IndexedDB initialization","duration":105.24976499999866,"failureMessages":[],"location":{"line":112,"column":7},"meta":{}},{"ancestorTitles":["Storage Module","getStorageMode"],"fullName":"Storage Module getStorageMode should return current storage mode","status":"passed","title":"should return current storage mode","duration":9.981944999999541,"failureMessages":[],"location":{"line":128,"column":7},"meta":{}},{"ancestorTitles":["Storage Module","saveResumeToStorage"],"fullName":"Storage Module saveResumeToStorage should save resume to IndexedDB","status":"passed","title":"should save resume to IndexedDB","duration":20.007526999999754,"failureMessages":[],"location":{"line":137,"column":7},"meta":{}},{"ancestorTitles":["Storage Module","saveResumeToStorage"],"fullName":"Storage Module saveResumeToStorage should add ID if not present","status":"passed","title":"should add ID if not present","duration":11.258727000000363,"failureMessages":[],"location":{"line":151,"column":7},"meta":{}},{"ancestorTitles":["Storage Module","saveResumeToStorage"],"fullName":"Storage Module saveResumeToStorage should add timestamps","status":"passed","title":"should add timestamps","duration":15.633420000000115,"failureMessages":[],"location":{"line":164,"column":7},"meta":{}},{"ancestorTitles":["Storage Module","saveResumeToStorage"],"fullName":"Storage Module saveResumeToStorage should preserve existing ID","status":"passed","title":"should preserve existing ID","duration":10.46875799999907,"failureMessages":[],"location":{"line":178,"column":7},"meta":{}},{"ancestorTitles":["Storage Module","saveResumeToStorage"],"fullName":"Storage Module saveResumeToStorage should fallback to localStorage","status":"failed","title":"should fallback to localStorage","duration":3093.3671990000003,"failureMessages":["AssertionError: expected null to be truthy\n    at /home/cdr/domains/cdr2.com/www/job-tool/tests/unit/storage.test.js:204:22\n    at file:///home/cdr/domains/cdr2.com/www/job-tool/node_modules/@vitest/runner/dist/index.js:915:20"],"location":{"line":192,"column":7},"meta":{}},{"ancestorTitles":["Storage Module","loadResumeFromStorage"],"fullName":"Storage Module loadResumeFromStorage should load resume from IndexedDB by ID","status":"passed","title":"should load resume from IndexedDB by ID","duration":31.324280000000726,"failureMessages":[],"location":{"line":209,"column":7},"meta":{}},{"ancestorTitles":["Storage Module","loadResumeFromStorage"],"fullName":"Storage Module loadResumeFromStorage should load default resume when no ID provided","status":"failed","title":"should load default resume when no ID provided","duration":35.475704000000405,"failureMessages":["AssertionError: expected \"vi.fn()\" to be called with arguments: [ 'resumes', 'default' ]\u001b[90m\n\nNumber of calls: \u001b[1m0\u001b[22m\n\u001b[39m\n    at Proxy.<anonymous> (file:///home/cdr/domains/cdr2.com/www/job-tool/node_modules/@vitest/expect/dist/index.js:1420:10)\n    at Proxy.<anonymous> (file:///home/cdr/domains/cdr2.com/www/job-tool/node_modules/@vitest/expect/dist/index.js:1090:14)\n    at Proxy.methodWrapper (file:///home/cdr/domains/cdr2.com/www/job-tool/node_modules/chai/index.js:1700:25)\n    at /home/cdr/domains/cdr2.com/www/job-tool/tests/unit/storage.test.js:235:40\n    at file:///home/cdr/domains/cdr2.com/www/job-tool/node_modules/@vitest/runner/dist/index.js:915:20"],"location":{"line":224,"column":7},"meta":{}},{"ancestorTitles":["Storage Module","loadResumeFromStorage"],"fullName":"Storage Module loadResumeFromStorage should return null if resume not found","status":"passed","title":"should return null if resume not found","duration":28.125299000001178,"failureMessages":[],"location":{"line":239,"column":7},"meta":{}},{"ancestorTitles":["Storage Module","loadResumeFromStorage"],"fullName":"Storage Module loadResumeFromStorage should fallback to localStorage","status":"failed","title":"should fallback to localStorage","duration":3145.033750999999,"failureMessages":["AssertionError: expected null to deeply equal { basics: { name: 'Test User' } }\n    at /home/cdr/domains/cdr2.com/www/job-tool/tests/unit/storage.test.js:259:22\n    at file:///home/cdr/domains/cdr2.com/www/job-tool/node_modules/@vitest/runner/dist/index.js:915:20"],"location":{"line":248,"column":7},"meta":{}},{"ancestorTitles":["Storage Module","saveNamedResume"],"fullName":"Storage Module saveNamedResume should save resume with custom name","status":"passed","title":"should save resume with custom name","duration":46.51777800000127,"failureMessages":[],"location":{"line":264,"column":7},"meta":{}},{"ancestorTitles":["Storage Module","saveNamedResume"],"fullName":"Storage Module saveNamedResume should generate ID from name","status":"passed","title":"should generate ID from name","duration":25.66695299999992,"failureMessages":[],"location":{"line":282,"column":7},"meta":{}},{"ancestorTitles":["Storage Module","loadNamedResume"],"fullName":"Storage Module loadNamedResume should load resume by name","status":"passed","title":"should load resume by name","duration":48.05831500000204,"failureMessages":[],"location":{"line":297,"column":7},"meta":{}},{"ancestorTitles":["Storage Module","loadNamedResume"],"fullName":"Storage Module loadNamedResume should return null if not found","status":"passed","title":"should return null if not found","duration":23.625303999997413,"failureMessages":[],"location":{"line":312,"column":7},"meta":{}},{"ancestorTitles":["Storage Module","loadSavedResumesList"],"fullName":"Storage Module loadSavedResumesList should return list of all resumes","status":"failed","title":"should return list of all resumes","duration":56.87372999999934,"failureMessages":["AssertionError: expected { 'Resume 1': { …(3) }, …(1) } to deeply equal [ { id: 'resume_1', …(1) }, …(1) ]\n    at /home/cdr/domains/cdr2.com/www/job-tool/tests/unit/storage.test.js:334:22\n    at file:///home/cdr/domains/cdr2.com/www/job-tool/node_modules/@vitest/runner/dist/index.js:915:20"],"location":{"line":323,"column":7},"meta":{}},{"ancestorTitles":["Storage Module","loadSavedResumesList"],"fullName":"Storage Module loadSavedResumesList should return empty array if none found","status":"failed","title":"should return empty array if none found","duration":25.7917660000021,"failureMessages":["AssertionError: expected {} to deeply equal []\n    at /home/cdr/domains/cdr2.com/www/job-tool/tests/unit/storage.test.js:344:22\n    at file:///home/cdr/domains/cdr2.com/www/job-tool/node_modules/@vitest/runner/dist/index.js:915:20"],"location":{"line":338,"column":7},"meta":{}},{"ancestorTitles":["Storage Module","deleteNamedResume"],"fullName":"Storage Module deleteNamedResume should delete resume by name","status":"passed","title":"should delete resume by name","duration":30.722743000002083,"failureMessages":[],"location":{"line":349,"column":7},"meta":{}},{"ancestorTitles":["Storage Module","deleteNamedResume"],"fullName":"Storage Module deleteNamedResume should return false if resume not found","status":"passed","title":"should return false if resume not found","duration":11.794053999998141,"failureMessages":[],"location":{"line":363,"column":7},"meta":{}},{"ancestorTitles":["Storage Module","saveSettings"],"fullName":"Storage Module saveSettings should save settings to IndexedDB","status":"failed","title":"should save settings to IndexedDB","duration":47.497637999997096,"failureMessages":["AssertionError: expected \"vi.fn()\" to be called with arguments: [ 'settings', ObjectContaining{…} ]\u001b[90m\n\nNumber of calls: \u001b[1m0\u001b[22m\n\u001b[39m\n    at Proxy.<anonymous> (file:///home/cdr/domains/cdr2.com/www/job-tool/node_modules/@vitest/expect/dist/index.js:1420:10)\n    at Proxy.<anonymous> (file:///home/cdr/domains/cdr2.com/www/job-tool/node_modules/@vitest/expect/dist/index.js:1090:14)\n    at Proxy.methodWrapper (file:///home/cdr/domains/cdr2.com/www/job-tool/node_modules/chai/index.js:1700:25)\n    at /home/cdr/domains/cdr2.com/www/job-tool/tests/unit/storage.test.js:384:41\n    at file:///home/cdr/domains/cdr2.com/www/job-tool/node_modules/@vitest/runner/dist/index.js:915:20"],"location":{"line":374,"column":7},"meta":{}},{"ancestorTitles":["Storage Module","saveSettings"],"fullName":"Storage Module saveSettings should add timestamp","status":"failed","title":"should add timestamp","duration":79.94590600000083,"failureMessages":["TypeError: Cannot read properties of undefined (reading '1')\n    at /home/cdr/domains/cdr2.com/www/job-tool/tests/unit/storage.test.js:400:64\n    at file:///home/cdr/domains/cdr2.com/www/job-tool/node_modules/@vitest/runner/dist/index.js:915:20"],"location":{"line":393,"column":7},"meta":{}},{"ancestorTitles":["Storage Module","loadSettings"],"fullName":"Storage Module loadSettings should load settings from IndexedDB","status":"failed","title":"should load settings from IndexedDB","duration":19.663692999998602,"failureMessages":["AssertionError: expected \"vi.fn()\" to be called with arguments: [ 'settings', 'app-settings' ]\u001b[90m\n\nNumber of calls: \u001b[1m0\u001b[22m\n\u001b[39m\n    at Proxy.<anonymous> (file:///home/cdr/domains/cdr2.com/www/job-tool/node_modules/@vitest/expect/dist/index.js:1420:10)\n    at Proxy.<anonymous> (file:///home/cdr/domains/cdr2.com/www/job-tool/node_modules/@vitest/expect/dist/index.js:1090:14)\n    at Proxy.methodWrapper (file:///home/cdr/domains/cdr2.com/www/job-tool/node_modules/chai/index.js:1700:25)\n    at /home/cdr/domains/cdr2.com/www/job-tool/tests/unit/storage.test.js:418:40\n    at file:///home/cdr/domains/cdr2.com/www/job-tool/node_modules/@vitest/runner/dist/index.js:915:20"],"location":{"line":406,"column":7},"meta":{}},{"ancestorTitles":["Storage Module","loadSettings"],"fullName":"Storage Module loadSettings should return null if no settings found","status":"failed","title":"should return null if no settings found","duration":33.144310000003316,"failureMessages":["AssertionError: expected {} to be null\n    at /home/cdr/domains/cdr2.com/www/job-tool/tests/unit/storage.test.js:428:22\n    at file:///home/cdr/domains/cdr2.com/www/job-tool/node_modules/@vitest/runner/dist/index.js:915:20"],"location":{"line":422,"column":7},"meta":{}},{"ancestorTitles":["Storage Module","loadSettings"],"fullName":"Storage Module loadSettings should fallback to localStorage","status":"failed","title":"should fallback to localStorage","duration":3042.7343389999987,"failureMessages":["AssertionError: expected null to deeply equal { theme: 'dark' }\n    at /home/cdr/domains/cdr2.com/www/job-tool/tests/unit/storage.test.js:440:22\n    at file:///home/cdr/domains/cdr2.com/www/job-tool/node_modules/@vitest/runner/dist/index.js:915:20"],"location":{"line":431,"column":7},"meta":{}},{"ancestorTitles":["Storage Module","getIndexedDBService"],"fullName":"Storage Module getIndexedDBService should return IndexedDB service","status":"passed","title":"should return IndexedDB service","duration":3.8367120000002615,"failureMessages":[],"location":{"line":445,"column":7},"meta":{}},{"ancestorTitles":["Storage Module","getIndexedDBService"],"fullName":"Storage Module getIndexedDBService should return null if not available","status":"failed","title":"should return null if not available","duration":5.355367000000115,"failureMessages":["AssertionError: expected undefined to be null\n    at /home/cdr/domains/cdr2.com/www/job-tool/tests/unit/storage.test.js:453:23\n    at file:///home/cdr/domains/cdr2.com/www/job-tool/node_modules/@vitest/runner/dist/index.js:145:11\n    at file:///home/cdr/domains/cdr2.com/www/job-tool/node_modules/@vitest/runner/dist/index.js:915:26\n    at file:///home/cdr/domains/cdr2.com/www/job-tool/node_modules/@vitest/runner/dist/index.js:1243:20\n    at new Promise (<anonymous>)\n    at runWithTimeout (file:///home/cdr/domains/cdr2.com/www/job-tool/node_modules/@vitest/runner/dist/index.js:1209:10)\n    at file:///home/cdr/domains/cdr2.com/www/job-tool/node_modules/@vitest/runner/dist/index.js:1653:37\n    at Traces.$ (file:///home/cdr/domains/cdr2.com/www/job-tool/node_modules/vitest/dist/chunks/traces.CCmnQaNT.js:142:27)\n    at trace (file:///home/cdr/domains/cdr2.com/www/job-tool/node_modules/vitest/dist/chunks/test.B8ej_ZHS.js:239:21)\n    at runTest (file:///home/cdr/domains/cdr2.com/www/job-tool/node_modules/@vitest/runner/dist/index.js:1653:12)"],"location":{"line":450,"column":7},"meta":{}},{"ancestorTitles":["Storage Module","getStorageMigrationService"],"fullName":"Storage Module getStorageMigrationService should return storage migration service","status":"passed","title":"should return storage migration service","duration":3.9196739999970305,"failureMessages":[],"location":{"line":458,"column":7},"meta":{}},{"ancestorTitles":["Storage Module","getStorageMigrationService"],"fullName":"Storage Module getStorageMigrationService should return null if not available","status":"failed","title":"should return null if not available","duration":4.726492000001599,"failureMessages":["AssertionError: expected undefined to be null\n    at /home/cdr/domains/cdr2.com/www/job-tool/tests/unit/storage.test.js:466:23\n    at file:///home/cdr/domains/cdr2.com/www/job-tool/node_modules/@vitest/runner/dist/index.js:145:11\n    at file:///home/cdr/domains/cdr2.com/www/job-tool/node_modules/@vitest/runner/dist/index.js:915:26\n    at file:///home/cdr/domains/cdr2.com/www/job-tool/node_modules/@vitest/runner/dist/index.js:1243:20\n    at new Promise (<anonymous>)\n    at runWithTimeout (file:///home/cdr/domains/cdr2.com/www/job-tool/node_modules/@vitest/runner/dist/index.js:1209:10)\n    at file:///home/cdr/domains/cdr2.com/www/job-tool/node_modules/@vitest/runner/dist/index.js:1653:37\n    at Traces.$ (file:///home/cdr/domains/cdr2.com/www/job-tool/node_modules/vitest/dist/chunks/traces.CCmnQaNT.js:142:27)\n    at trace (file:///home/cdr/domains/cdr2.com/www/job-tool/node_modules/vitest/dist/chunks/test.B8ej_ZHS.js:239:21)\n    at runTest (file:///home/cdr/domains/cdr2.com/www/job-tool/node_modules/@vitest/runner/dist/index.js:1653:12)"],"location":{"line":463,"column":7},"meta":{}},{"ancestorTitles":["Storage Module","Error Handling"],"fullName":"Storage Module Error Handling should handle IndexedDB save errors gracefully","status":"failed","title":"should handle IndexedDB save errors gracefully","duration":8.249203999999736,"failureMessages":["Error: promise resolved \"true\" instead of rejecting\n    at _Assertion.__VITEST_REJECTS__ (file:///home/cdr/domains/cdr2.com/www/job-tool/node_modules/@vitest/expect/dist/index.js:1675:17)\n    at _Assertion.propertyGetter (file:///home/cdr/domains/cdr2.com/www/job-tool/node_modules/chai/index.js:1570:27)\n    at Reflect.get (<anonymous>)\n    at Object.proxyGetter [as get] (file:///home/cdr/domains/cdr2.com/www/job-tool/node_modules/chai/index.js:1659:22)\n    at /home/cdr/domains/cdr2.com/www/job-tool/tests/unit/storage.test.js:476:9\n    at file:///home/cdr/domains/cdr2.com/www/job-tool/node_modules/@vitest/runner/dist/index.js:915:20"],"location":{"line":471,"column":7},"meta":{}},{"ancestorTitles":["Storage Module","Error Handling"],"fullName":"Storage Module Error Handling should handle IndexedDB load errors gracefully","status":"failed","title":"should handle IndexedDB load errors gracefully","duration":6.435609000000113,"failureMessages":["Error: promise resolved \"null\" instead of rejecting\n    at _Assertion.__VITEST_REJECTS__ (file:///home/cdr/domains/cdr2.com/www/job-tool/node_modules/@vitest/expect/dist/index.js:1675:17)\n    at _Assertion.propertyGetter (file:///home/cdr/domains/cdr2.com/www/job-tool/node_modules/chai/index.js:1570:27)\n    at Reflect.get (<anonymous>)\n    at Object.proxyGetter [as get] (file:///home/cdr/domains/cdr2.com/www/job-tool/node_modules/chai/index.js:1659:22)\n    at /home/cdr/domains/cdr2.com/www/job-tool/tests/unit/storage.test.js:484:9\n    at file:///home/cdr/domains/cdr2.com/www/job-tool/node_modules/@vitest/runner/dist/index.js:915:20"],"location":{"line":479,"column":7},"meta":{}}],"startTime":1769478574240,"endTime":1769478587612.4355,"status":"failed","message":"","name":"/home/cdr/domains/cdr2.com/www/job-tool/tests/unit/storage.test.js"},{"assertionResults":[{"ancestorTitles":["Store Module","getStore"],"fullName":"Store Module getStore should return the global-store element","status":"passed","title":"should return the global-store element","duration":31.126745000001392,"failureMessages":[],"location":{"line":54,"column":7},"meta":{}},{"ancestorTitles":["Store Module","getStore"],"fullName":"Store Module getStore should cache the store instance","status":"passed","title":"should cache the store instance","duration":5.29343499999959,"failureMessages":[],"location":{"line":60,"column":7},"meta":{}},{"ancestorTitles":["Store Module","getStore"],"fullName":"Store Module getStore should return null if store not found","status":"passed","title":"should return null if store not found","duration":4.394864999994752,"failureMessages":[],"location":{"line":68,"column":7},"meta":{}},{"ancestorTitles":["Store Module","getStore"],"fullName":"Store Module getStore should validate store interface","status":"passed","title":"should validate store interface","duration":5.027611999998044,"failureMessages":[],"location":{"line":76,"column":7},"meta":{}},{"ancestorTitles":["Store Module","getStore"],"fullName":"Store Module getStore should require getState and setState methods","status":"passed","title":"should require getState and setState methods","duration":6.021614000004774,"failureMessages":[],"location":{"line":85,"column":7},"meta":{}},{"ancestorTitles":["Store Module","getState"],"fullName":"Store Module getState should call store.getState without path","status":"passed","title":"should call store.getState without path","duration":5.789405000003171,"failureMessages":[],"location":{"line":96,"column":7},"meta":{}},{"ancestorTitles":["Store Module","getState"],"fullName":"Store Module getState should call store.getState with path","status":"passed","title":"should call store.getState with path","duration":7.413087000000814,"failureMessages":[],"location":{"line":105,"column":7},"meta":{}},{"ancestorTitles":["Store Module","getState"],"fullName":"Store Module getState should return null if store not ready","status":"passed","title":"should return null if store not ready","duration":4.014198000004399,"failureMessages":[],"location":{"line":114,"column":7},"meta":{}},{"ancestorTitles":["Store Module","getState"],"fullName":"Store Module getState should handle errors from store.getState","status":"passed","title":"should handle errors from store.getState","duration":15.4535790000009,"failureMessages":[],"location":{"line":122,"column":7},"meta":{}},{"ancestorTitles":["Store Module","setState"],"fullName":"Store Module setState should call store.setState with updates","status":"passed","title":"should call store.setState with updates","duration":8.352926999999909,"failureMessages":[],"location":{"line":136,"column":7},"meta":{}},{"ancestorTitles":["Store Module","setState"],"fullName":"Store Module setState should pass source parameter","status":"passed","title":"should pass source parameter","duration":12.365143000002718,"failureMessages":[],"location":{"line":144,"column":7},"meta":{}},{"ancestorTitles":["Store Module","setState"],"fullName":"Store Module setState should pass origin parameter","status":"passed","title":"should pass origin parameter","duration":4.682519999994838,"failureMessages":[],"location":{"line":152,"column":7},"meta":{}},{"ancestorTitles":["Store Module","setState"],"fullName":"Store Module setState should do nothing if store not ready","status":"passed","title":"should do nothing if store not ready","duration":3.398850000005041,"failureMessages":[],"location":{"line":160,"column":7},"meta":{}},{"ancestorTitles":["Store Module","subscribe"],"fullName":"Store Module subscribe should call store.subscribe with callback","status":"passed","title":"should call store.subscribe with callback","duration":3.9183520000005956,"failureMessages":[],"location":{"line":170,"column":7},"meta":{}},{"ancestorTitles":["Store Module","subscribe"],"fullName":"Store Module subscribe should pass filter parameter","status":"passed","title":"should pass filter parameter","duration":3.5756919999985257,"failureMessages":[],"location":{"line":181,"column":7},"meta":{}},{"ancestorTitles":["Store Module","subscribe"],"fullName":"Store Module subscribe should return null if store not ready","status":"passed","title":"should return null if store not ready","duration":3.3337459999966086,"failureMessages":[],"location":{"line":190,"column":7},"meta":{}},{"ancestorTitles":["Store Module","unsubscribe"],"fullName":"Store Module unsubscribe should call store.unsubscribe","status":"passed","title":"should call store.unsubscribe","duration":42.74500400000397,"failureMessages":[],"location":{"line":201,"column":7},"meta":{}},{"ancestorTitles":["Store Module","unsubscribe"],"fullName":"Store Module unsubscribe should do nothing if store not ready","status":"passed","title":"should do nothing if store not ready","duration":3.680346000001009,"failureMessages":[],"location":{"line":209,"column":7},"meta":{}},{"ancestorTitles":["Store Module","Convenience Methods","setCurrentJob"],"fullName":"Store Module Convenience Methods setCurrentJob should call store.setCurrentJob","status":"passed","title":"should call store.setCurrentJob","duration":13.255061999996542,"failureMessages":[],"location":{"line":221,"column":9},"meta":{}},{"ancestorTitles":["Store Module","Convenience Methods","setCurrentJob"],"fullName":"Store Module Convenience Methods setCurrentJob should do nothing if store not ready","status":"passed","title":"should do nothing if store not ready","duration":3.9431190000032075,"failureMessages":[],"location":{"line":229,"column":9},"meta":{}},{"ancestorTitles":["Store Module","Convenience Methods","setCurrentResume"],"fullName":"Store Module Convenience Methods setCurrentResume should call store.setCurrentResume","status":"passed","title":"should call store.setCurrentResume","duration":4.525097999998252,"failureMessages":[],"location":{"line":239,"column":9},"meta":{}},{"ancestorTitles":["Store Module","Convenience Methods","setCurrentResume"],"fullName":"Store Module Convenience Methods setCurrentResume should do nothing if store not ready","status":"passed","title":"should do nothing if store not ready","duration":4.584190999994462,"failureMessages":[],"location":{"line":247,"column":9},"meta":{}},{"ancestorTitles":["Store Module","Convenience Methods","addJob"],"fullName":"Store Module Convenience Methods addJob should call store.addJob","status":"passed","title":"should call store.addJob","duration":4.329404999996768,"failureMessages":[],"location":{"line":257,"column":9},"meta":{}},{"ancestorTitles":["Store Module","Convenience Methods","addJob"],"fullName":"Store Module Convenience Methods addJob should do nothing if store not ready","status":"passed","title":"should do nothing if store not ready","duration":2.728672999997798,"failureMessages":[],"location":{"line":265,"column":9},"meta":{}},{"ancestorTitles":["Store Module","Convenience Methods","updateJob"],"fullName":"Store Module Convenience Methods updateJob should call store.updateJob","status":"passed","title":"should call store.updateJob","duration":4.023419999997714,"failureMessages":[],"location":{"line":275,"column":9},"meta":{}},{"ancestorTitles":["Store Module","Convenience Methods","updateJob"],"fullName":"Store Module Convenience Methods updateJob should do nothing if store not ready","status":"passed","title":"should do nothing if store not ready","duration":3.1078940000006696,"failureMessages":[],"location":{"line":284,"column":9},"meta":{}},{"ancestorTitles":["Store Module","Convenience Methods","deleteJob"],"fullName":"Store Module Convenience Methods deleteJob should call store.deleteJob","status":"passed","title":"should call store.deleteJob","duration":3.050054999999702,"failureMessages":[],"location":{"line":294,"column":9},"meta":{}},{"ancestorTitles":["Store Module","Convenience Methods","deleteJob"],"fullName":"Store Module Convenience Methods deleteJob should do nothing if store not ready","status":"passed","title":"should do nothing if store not ready","duration":3.521426999999676,"failureMessages":[],"location":{"line":302,"column":9},"meta":{}},{"ancestorTitles":["Store Module","Convenience Methods","addResume"],"fullName":"Store Module Convenience Methods addResume should call store.addResume","status":"passed","title":"should call store.addResume","duration":4.37892699999793,"failureMessages":[],"location":{"line":312,"column":9},"meta":{}},{"ancestorTitles":["Store Module","Convenience Methods","addResume"],"fullName":"Store Module Convenience Methods addResume should do nothing if store not ready","status":"passed","title":"should do nothing if store not ready","duration":3.9675009999991744,"failureMessages":[],"location":{"line":320,"column":9},"meta":{}},{"ancestorTitles":["Store Module","Convenience Methods","updateResume"],"fullName":"Store Module Convenience Methods updateResume should call store.updateResume","status":"passed","title":"should call store.updateResume","duration":3.7849929999938468,"failureMessages":[],"location":{"line":330,"column":9},"meta":{}},{"ancestorTitles":["Store Module","Convenience Methods","updateResume"],"fullName":"Store Module Convenience Methods updateResume should do nothing if store not ready","status":"passed","title":"should do nothing if store not ready","duration":3.489560000001802,"failureMessages":[],"location":{"line":339,"column":9},"meta":{}},{"ancestorTitles":["Store Module","Convenience Methods","deleteResume"],"fullName":"Store Module Convenience Methods deleteResume should call store.deleteResume","status":"passed","title":"should call store.deleteResume","duration":4.656680000000051,"failureMessages":[],"location":{"line":349,"column":9},"meta":{}},{"ancestorTitles":["Store Module","Convenience Methods","deleteResume"],"fullName":"Store Module Convenience Methods deleteResume should do nothing if store not ready","status":"passed","title":"should do nothing if store not ready","duration":4.023107999993954,"failureMessages":[],"location":{"line":357,"column":9},"meta":{}},{"ancestorTitles":["Store Module","Convenience Methods","addLog"],"fullName":"Store Module Convenience Methods addLog should call store.addLog","status":"passed","title":"should call store.addLog","duration":5.364637999999104,"failureMessages":[],"location":{"line":367,"column":9},"meta":{}},{"ancestorTitles":["Store Module","Convenience Methods","addLog"],"fullName":"Store Module Convenience Methods addLog should do nothing if store not ready","status":"passed","title":"should do nothing if store not ready","duration":4.513844000000972,"failureMessages":[],"location":{"line":375,"column":9},"meta":{}},{"ancestorTitles":["Store Module","Convenience Methods","setLoading"],"fullName":"Store Module Convenience Methods setLoading should call store.setLoading with true","status":"passed","title":"should call store.setLoading with true","duration":4.071368999997503,"failureMessages":[],"location":{"line":385,"column":9},"meta":{}},{"ancestorTitles":["Store Module","Convenience Methods","setLoading"],"fullName":"Store Module Convenience Methods setLoading should call store.setLoading with false","status":"passed","title":"should call store.setLoading with false","duration":4.131974000003538,"failureMessages":[],"location":{"line":391,"column":9},"meta":{}},{"ancestorTitles":["Store Module","Convenience Methods","setLoading"],"fullName":"Store Module Convenience Methods setLoading should do nothing if store not ready","status":"passed","title":"should do nothing if store not ready","duration":32.09421300000395,"failureMessages":[],"location":{"line":397,"column":9},"meta":{}},{"ancestorTitles":["Store Module","Convenience Methods","updateSettings"],"fullName":"Store Module Convenience Methods updateSettings should call store.updateSettings","status":"passed","title":"should call store.updateSettings","duration":5.635711999995692,"failureMessages":[],"location":{"line":407,"column":9},"meta":{}},{"ancestorTitles":["Store Module","Convenience Methods","updateSettings"],"fullName":"Store Module Convenience Methods updateSettings should do nothing if store not ready","status":"passed","title":"should do nothing if store not ready","duration":5.369505000002391,"failureMessages":[],"location":{"line":415,"column":9},"meta":{}},{"ancestorTitles":["Store Module","Convenience Methods","debugStore"],"fullName":"Store Module Convenience Methods debugStore should call store.debug","status":"passed","title":"should call store.debug","duration":4.91783199999918,"failureMessages":[],"location":{"line":425,"column":9},"meta":{}},{"ancestorTitles":["Store Module","Convenience Methods","debugStore"],"fullName":"Store Module Convenience Methods debugStore should return null if store not ready","status":"passed","title":"should return null if store not ready","duration":3.9689440000001923,"failureMessages":[],"location":{"line":432,"column":9},"meta":{}},{"ancestorTitles":["Store Module","Store Instance Caching"],"fullName":"Store Module Store Instance Caching should only query DOM once","status":"passed","title":"should only query DOM once","duration":4.4238380000024335,"failureMessages":[],"location":{"line":443,"column":7},"meta":{}},{"ancestorTitles":["Store Module","Store Instance Caching"],"fullName":"Store Module Store Instance Caching should use cached instance for all operations","status":"passed","title":"should use cached instance for all operations","duration":5.480663000002096,"failureMessages":[],"location":{"line":453,"column":7},"meta":{}},{"ancestorTitles":["Store Module","Store Interface Validation"],"fullName":"Store Module Store Interface Validation should reject store without getState method","status":"passed","title":"should reject store without getState method","duration":4.114349000003131,"failureMessages":[],"location":{"line":466,"column":7},"meta":{}},{"ancestorTitles":["Store Module","Store Interface Validation"],"fullName":"Store Module Store Interface Validation should reject store without setState method","status":"passed","title":"should reject store without setState method","duration":4.323827000000165,"failureMessages":[],"location":{"line":475,"column":7},"meta":{}},{"ancestorTitles":["Store Module","Store Interface Validation"],"fullName":"Store Module Store Interface Validation should accept valid store interface","status":"passed","title":"should accept valid store interface","duration":4.610298999999941,"failureMessages":[],"location":{"line":484,"column":7},"meta":{}}],"startTime":1769478600402,"endTime":1769478600742.6104,"status":"passed","message":"","name":"/home/cdr/domains/cdr2.com/www/job-tool/tests/unit/store.test.js"}]}