{"numTotalTestSuites":26,"numPassedTestSuites":26,"numFailedTestSuites":0,"numPendingTestSuites":0,"numTotalTests":73,"numPassedTests":73,"numFailedTests":0,"numPendingTests":0,"numTodoTests":0,"snapshot":{"added":0,"failure":false,"filesAdded":0,"filesRemoved":0,"filesRemovedList":[],"filesUnmatched":0,"filesUpdated":0,"matched":0,"total":0,"unchecked":0,"uncheckedKeysByFile":[],"unmatched":0,"updated":0,"didUpdate":false},"startTime":1769478485974,"success":true,"testResults":[{"assertionResults":[{"ancestorTitles":["ComponentBase","Constructor"],"fullName":"ComponentBase Constructor should initialize with default properties","status":"passed","title":"should initialize with default properties","duration":56.817094,"failureMessages":[],"location":{"line":51,"column":7},"meta":{}},{"ancestorTitles":["ComponentBase","Constructor"],"fullName":"ComponentBase Constructor should set component name and generate unique ID","status":"passed","title":"should set component name and generate unique ID","duration":9.128136999999697,"failureMessages":[],"location":{"line":59,"column":7},"meta":{}},{"ancestorTitles":["ComponentBase","Constructor"],"fullName":"ComponentBase Constructor should bind standard methods","status":"passed","title":"should bind standard methods","duration":7.866033000000243,"failureMessages":[],"location":{"line":65,"column":7},"meta":{}},{"ancestorTitles":["ComponentBase","Constructor"],"fullName":"ComponentBase Constructor should generate unique IDs for different instances","status":"passed","title":"should generate unique IDs for different instances","duration":13.071087000000261,"failureMessages":[],"location":{"line":72,"column":7},"meta":{}},{"ancestorTitles":["ComponentBase","connectedCallback"],"fullName":"ComponentBase connectedCallback should set _isConnected to true","status":"passed","title":"should set _isConnected to true","duration":17.322097000000213,"failureMessages":[],"location":{"line":79,"column":7},"meta":{}},{"ancestorTitles":["ComponentBase","connectedCallback"],"fullName":"ComponentBase connectedCallback should not reconnect if already connected","status":"passed","title":"should not reconnect if already connected","duration":7.953950999999506,"failureMessages":[],"location":{"line":86,"column":7},"meta":{}},{"ancestorTitles":["ComponentBase","connectedCallback"],"fullName":"ComponentBase connectedCallback should call waitForDependencies and initialize","status":"passed","title":"should call waitForDependencies and initialize","duration":19.286455999999816,"failureMessages":[],"location":{"line":96,"column":7},"meta":{}},{"ancestorTitles":["ComponentBase","disconnectedCallback"],"fullName":"ComponentBase disconnectedCallback should set _isConnected to false","status":"passed","title":"should set _isConnected to false","duration":6.942721999999776,"failureMessages":[],"location":{"line":110,"column":7},"meta":{}},{"ancestorTitles":["ComponentBase","disconnectedCallback"],"fullName":"ComponentBase disconnectedCallback should call cleanup","status":"passed","title":"should call cleanup","duration":10.271435999999085,"failureMessages":[],"location":{"line":116,"column":7},"meta":{}},{"ancestorTitles":["ComponentBase","disconnectedCallback"],"fullName":"ComponentBase disconnectedCallback should handle errors during cleanup","status":"passed","title":"should handle errors during cleanup","duration":42.88449899999978,"failureMessages":[],"location":{"line":122,"column":7},"meta":{}},{"ancestorTitles":["ComponentBase","waitForDependencies"],"fullName":"ComponentBase waitForDependencies should resolve immediately if skipDependencyCheck is true","status":"passed","title":"should resolve immediately if skipDependencyCheck is true","duration":15.238886999999522,"failureMessages":[],"location":{"line":133,"column":7},"meta":{}},{"ancestorTitles":["ComponentBase","waitForDependencies"],"fullName":"ComponentBase waitForDependencies should wait for dependencies to be ready","status":"passed","title":"should wait for dependencies to be ready","duration":8.407368000000133,"failureMessages":[],"location":{"line":138,"column":7},"meta":{}},{"ancestorTitles":["ComponentBase","waitForDependencies"],"fullName":"ComponentBase waitForDependencies should timeout after max attempts","status":"passed","title":"should timeout after max attempts","duration":5094.2122340000005,"failureMessages":[],"location":{"line":147,"column":7},"meta":{}},{"ancestorTitles":["ComponentBase","initialize"],"fullName":"ComponentBase initialize should not initialize twice","status":"passed","title":"should not initialize twice","duration":16.745637999998507,"failureMessages":[],"location":{"line":163,"column":7},"meta":{}},{"ancestorTitles":["ComponentBase","initialize"],"fullName":"ComponentBase initialize should register with app manager","status":"passed","title":"should register with app manager","duration":15.354801000001316,"failureMessages":[],"location":{"line":172,"column":7},"meta":{}},{"ancestorTitles":["ComponentBase","initialize"],"fullName":"ComponentBase initialize should subscribe to store","status":"passed","title":"should subscribe to store","duration":17.492205000000467,"failureMessages":[],"location":{"line":182,"column":7},"meta":{}},{"ancestorTitles":["ComponentBase","initialize"],"fullName":"ComponentBase initialize should call onInitialize hook","status":"passed","title":"should call onInitialize hook","duration":9.38854100000026,"failureMessages":[],"location":{"line":189,"column":7},"meta":{}},{"ancestorTitles":["ComponentBase","initialize"],"fullName":"ComponentBase initialize should set _isInitialized to true","status":"passed","title":"should set _isInitialized to true","duration":3.9543219999995927,"failureMessages":[],"location":{"line":196,"column":7},"meta":{}},{"ancestorTitles":["ComponentBase","initialize"],"fullName":"ComponentBase initialize should emit component-initialized event","status":"passed","title":"should emit component-initialized event","duration":6.0619819999992615,"failureMessages":[],"location":{"line":201,"column":7},"meta":{}},{"ancestorTitles":["ComponentBase","initialize"],"fullName":"ComponentBase initialize should handle initialization errors","status":"passed","title":"should handle initialization errors","duration":24.812706000000617,"failureMessages":[],"location":{"line":210,"column":7},"meta":{}},{"ancestorTitles":["ComponentBase","setData"],"fullName":"ComponentBase setData should update component data","status":"passed","title":"should update component data","duration":7.674673999999868,"failureMessages":[],"location":{"line":222,"column":7},"meta":{}},{"ancestorTitles":["ComponentBase","setData"],"fullName":"ComponentBase setData should call onDataChange hook","status":"passed","title":"should call onDataChange hook","duration":5.567474000001312,"failureMessages":[],"location":{"line":229,"column":7},"meta":{}},{"ancestorTitles":["ComponentBase","setData"],"fullName":"ComponentBase setData should emit data-changed event","status":"passed","title":"should emit data-changed event","duration":8.97940700000072,"failureMessages":[],"location":{"line":238,"column":7},"meta":{}},{"ancestorTitles":["ComponentBase","setData"],"fullName":"ComponentBase setData should track previous data","status":"passed","title":"should track previous data","duration":9.77357899999879,"failureMessages":[],"location":{"line":253,"column":7},"meta":{}},{"ancestorTitles":["ComponentBase","setData"],"fullName":"ComponentBase setData should handle errors during setData","status":"passed","title":"should handle errors during setData","duration":7.604541000000609,"failureMessages":[],"location":{"line":264,"column":7},"meta":{}},{"ancestorTitles":["ComponentBase","getData"],"fullName":"ComponentBase getData should return current data","status":"passed","title":"should return current data","duration":4.100131999999576,"failureMessages":[],"location":{"line":277,"column":7},"meta":{}},{"ancestorTitles":["ComponentBase","getData"],"fullName":"ComponentBase getData should return null if no data set","status":"passed","title":"should return null if no data set","duration":3.00891700000102,"failureMessages":[],"location":{"line":284,"column":7},"meta":{}},{"ancestorTitles":["ComponentBase","refresh"],"fullName":"ComponentBase refresh should skip refresh if not initialized","status":"passed","title":"should skip refresh if not initialized","duration":15.959553999999116,"failureMessages":[],"location":{"line":290,"column":7},"meta":{}},{"ancestorTitles":["ComponentBase","refresh"],"fullName":"ComponentBase refresh should call onRefresh when initialized","status":"passed","title":"should call onRefresh when initialized","duration":4.278287000001001,"failureMessages":[],"location":{"line":298,"column":7},"meta":{}},{"ancestorTitles":["ComponentBase","refresh"],"fullName":"ComponentBase refresh should force refresh when requested","status":"passed","title":"should force refresh when requested","duration":4.497396000000663,"failureMessages":[],"location":{"line":307,"column":7},"meta":{}},{"ancestorTitles":["ComponentBase","refresh"],"fullName":"ComponentBase refresh should emit component-refreshed event","status":"passed","title":"should emit component-refreshed event","duration":5.455044000000271,"failureMessages":[],"location":{"line":315,"column":7},"meta":{}},{"ancestorTitles":["ComponentBase","refresh"],"fullName":"ComponentBase refresh should handle refresh errors","status":"passed","title":"should handle refresh errors","duration":6.094795000000886,"failureMessages":[],"location":{"line":327,"column":7},"meta":{}},{"ancestorTitles":["ComponentBase","validate"],"fullName":"ComponentBase validate should return valid by default","status":"passed","title":"should return valid by default","duration":3.7283520000000863,"failureMessages":[],"location":{"line":339,"column":7},"meta":{}},{"ancestorTitles":["ComponentBase","validate"],"fullName":"ComponentBase validate should call onValidate hook","status":"passed","title":"should call onValidate hook","duration":7.981456999999864,"failureMessages":[],"location":{"line":346,"column":7},"meta":{}},{"ancestorTitles":["ComponentBase","validate"],"fullName":"ComponentBase validate should handle validation errors","status":"passed","title":"should handle validation errors","duration":21.771693000000596,"failureMessages":[],"location":{"line":354,"column":7},"meta":{}},{"ancestorTitles":["ComponentBase","emitEvent"],"fullName":"ComponentBase emitEvent should dispatch custom event","status":"passed","title":"should dispatch custom event","duration":6.708975999999893,"failureMessages":[],"location":{"line":367,"column":7},"meta":{}},{"ancestorTitles":["ComponentBase","emitEvent"],"fullName":"ComponentBase emitEvent should handle bubbles parameter","status":"passed","title":"should handle bubbles parameter","duration":4.122675000000527,"failureMessages":[],"location":{"line":380,"column":7},"meta":{}},{"ancestorTitles":["ComponentBase","emitEvent"],"fullName":"ComponentBase emitEvent should handle event dispatch errors","status":"passed","title":"should handle event dispatch errors","duration":7.760126999999557,"failureMessages":[],"location":{"line":389,"column":7},"meta":{}},{"ancestorTitles":["ComponentBase","handleError"],"fullName":"ComponentBase handleError should log error to console","status":"passed","title":"should log error to console","duration":7.2574210000002495,"failureMessages":[],"location":{"line":400,"column":7},"meta":{}},{"ancestorTitles":["ComponentBase","handleError"],"fullName":"ComponentBase handleError should emit component-error event","status":"passed","title":"should emit component-error event","duration":16.042553999999654,"failureMessages":[],"location":{"line":409,"column":7},"meta":{}},{"ancestorTitles":["ComponentBase","handleError"],"fullName":"ComponentBase handleError should notify app manager if available","status":"passed","title":"should notify app manager if available","duration":16.525322999999844,"failureMessages":[],"location":{"line":423,"column":7},"meta":{}},{"ancestorTitles":["ComponentBase","cleanup"],"fullName":"ComponentBase cleanup should unsubscribe from store","status":"passed","title":"should unsubscribe from store","duration":8.860843000000386,"failureMessages":[],"location":{"line":438,"column":7},"meta":{}},{"ancestorTitles":["ComponentBase","cleanup"],"fullName":"ComponentBase cleanup should call onCleanup hook","status":"passed","title":"should call onCleanup hook","duration":7.060475000000224,"failureMessages":[],"location":{"line":448,"column":7},"meta":{}},{"ancestorTitles":["ComponentBase","cleanup"],"fullName":"ComponentBase cleanup should unregister from app manager","status":"passed","title":"should unregister from app manager","duration":4.216605999999956,"failureMessages":[],"location":{"line":456,"column":7},"meta":{}},{"ancestorTitles":["ComponentBase","cleanup"],"fullName":"ComponentBase cleanup should set _isInitialized to false","status":"passed","title":"should set _isInitialized to false","duration":6.140733000000182,"failureMessages":[],"location":{"line":465,"column":7},"meta":{}},{"ancestorTitles":["ComponentBase","cleanup"],"fullName":"ComponentBase cleanup should handle cleanup errors","status":"passed","title":"should handle cleanup errors","duration":6.006054000001313,"failureMessages":[],"location":{"line":473,"column":7},"meta":{}},{"ancestorTitles":["ComponentBase","getMetadata"],"fullName":"ComponentBase getMetadata should return component metadata","status":"passed","title":"should return component metadata","duration":8.553666999998313,"failureMessages":[],"location":{"line":484,"column":7},"meta":{}},{"ancestorTitles":["ComponentBase","getMetadata"],"fullName":"ComponentBase getMetadata should handle null data","status":"passed","title":"should handle null data","duration":3.717521000000488,"failureMessages":[],"location":{"line":501,"column":7},"meta":{}},{"ancestorTitles":["ComponentBase","updateGlobalState"],"fullName":"ComponentBase updateGlobalState should call setState with updates","status":"passed","title":"should call setState with updates","duration":4.493985000000976,"failureMessages":[],"location":{"line":510,"column":7},"meta":{}},{"ancestorTitles":["ComponentBase","updateGlobalState"],"fullName":"ComponentBase updateGlobalState should use component name as default source","status":"passed","title":"should use component name as default source","duration":5.982871999998679,"failureMessages":[],"location":{"line":519,"column":7},"meta":{}},{"ancestorTitles":["ComponentBase","updateGlobalState"],"fullName":"ComponentBase updateGlobalState should handle setState errors","status":"passed","title":"should handle setState errors","duration":12.810002000000168,"failureMessages":[],"location":{"line":531,"column":7},"meta":{}},{"ancestorTitles":["ComponentBase","getGlobalState"],"fullName":"ComponentBase getGlobalState should return state from store","status":"passed","title":"should return state from store","duration":7.3007330000000366,"failureMessages":[],"location":{"line":545,"column":7},"meta":{}},{"ancestorTitles":["ComponentBase","getGlobalState"],"fullName":"ComponentBase getGlobalState should handle path parameter","status":"passed","title":"should handle path parameter","duration":3.657140999999683,"failureMessages":[],"location":{"line":554,"column":7},"meta":{}},{"ancestorTitles":["ComponentBase","getGlobalState"],"fullName":"ComponentBase getGlobalState should handle getState errors","status":"passed","title":"should handle getState errors","duration":12.991613000000143,"failureMessages":[],"location":{"line":562,"column":7},"meta":{}},{"ancestorTitles":["ComponentBase","showToast"],"fullName":"ComponentBase showToast should call app manager showToast","status":"passed","title":"should call app manager showToast","duration":5.3304320000006555,"failureMessages":[],"location":{"line":575,"column":7},"meta":{}},{"ancestorTitles":["ComponentBase","showToast"],"fullName":"ComponentBase showToast should use default type","status":"passed","title":"should use default type","duration":3.0281149999991612,"failureMessages":[],"location":{"line":583,"column":7},"meta":{}},{"ancestorTitles":["ComponentBase","showToast"],"fullName":"ComponentBase showToast should handle missing app manager","status":"passed","title":"should handle missing app manager","duration":4.008443999999145,"failureMessages":[],"location":{"line":591,"column":7},"meta":{}},{"ancestorTitles":["ComponentBase","isReady"],"fullName":"ComponentBase isReady should return false when not initialized","status":"passed","title":"should return false when not initialized","duration":5.79333299999962,"failureMessages":[],"location":{"line":601,"column":7},"meta":{}},{"ancestorTitles":["ComponentBase","isReady"],"fullName":"ComponentBase isReady should return false when not connected","status":"passed","title":"should return false when not connected","duration":3.0017189999998664,"failureMessages":[],"location":{"line":606,"column":7},"meta":{}},{"ancestorTitles":["ComponentBase","isReady"],"fullName":"ComponentBase isReady should return true when both initialized and connected","status":"passed","title":"should return true when both initialized and connected","duration":4.054982999999993,"failureMessages":[],"location":{"line":611,"column":7},"meta":{}},{"ancestorTitles":["FormValidationMixin","validateForm"],"fullName":"FormValidationMixin validateForm should return error if form not found","status":"passed","title":"should return error if form not found","duration":6.439269000000422,"failureMessages":[],"location":{"line":627,"column":7},"meta":{}},{"ancestorTitles":["FormValidationMixin","validateForm"],"fullName":"FormValidationMixin validateForm should validate required fields","status":"passed","title":"should validate required fields","duration":32.34562800000094,"failureMessages":[],"location":{"line":634,"column":7},"meta":{}},{"ancestorTitles":["FormValidationMixin","validateForm"],"fullName":"FormValidationMixin validateForm should pass when required fields have values","status":"passed","title":"should pass when required fields have values","duration":6.860192000000097,"failureMessages":[],"location":{"line":648,"column":7},"meta":{}},{"ancestorTitles":["FormValidationMixin","validateForm"],"fullName":"FormValidationMixin validateForm should validate email fields","status":"passed","title":"should validate email fields","duration":8.575764999999592,"failureMessages":[],"location":{"line":661,"column":7},"meta":{}},{"ancestorTitles":["FormValidationMixin","validateForm"],"fullName":"FormValidationMixin validateForm should validate URL fields","status":"passed","title":"should validate URL fields","duration":13.957833000000392,"failureMessages":[],"location":{"line":675,"column":7},"meta":{}},{"ancestorTitles":["FormValidationMixin","isValidEmail"],"fullName":"FormValidationMixin isValidEmail should validate correct email","status":"passed","title":"should validate correct email","duration":3.7035420000011072,"failureMessages":[],"location":{"line":691,"column":7},"meta":{}},{"ancestorTitles":["FormValidationMixin","isValidEmail"],"fullName":"FormValidationMixin isValidEmail should reject invalid email","status":"passed","title":"should reject invalid email","duration":2.4966929999991407,"failureMessages":[],"location":{"line":695,"column":7},"meta":{}},{"ancestorTitles":["FormValidationMixin","isValidURL"],"fullName":"FormValidationMixin isValidURL should validate correct URL","status":"passed","title":"should validate correct URL","duration":2.708165000000008,"failureMessages":[],"location":{"line":703,"column":7},"meta":{}},{"ancestorTitles":["FormValidationMixin","isValidURL"],"fullName":"FormValidationMixin isValidURL should reject invalid URL","status":"passed","title":"should reject invalid URL","duration":2.6735160000007454,"failureMessages":[],"location":{"line":708,"column":7},"meta":{}},{"ancestorTitles":["ModalMixin","showModal"],"fullName":"ModalMixin showModal should call app manager showModal","status":"passed","title":"should call app manager showModal","duration":3.0996459999987565,"failureMessages":[],"location":{"line":729,"column":7},"meta":{}},{"ancestorTitles":["ModalMixin","showModal"],"fullName":"ModalMixin showModal should handle missing app manager","status":"passed","title":"should handle missing app manager","duration":4.399352999998882,"failureMessages":[],"location":{"line":735,"column":7},"meta":{}},{"ancestorTitles":["ModalMixin","closeModal"],"fullName":"ModalMixin closeModal should call app manager closeModal","status":"passed","title":"should call app manager closeModal","duration":3.5299419999992097,"failureMessages":[],"location":{"line":746,"column":7},"meta":{}},{"ancestorTitles":["ModalMixin","closeModal"],"fullName":"ModalMixin closeModal should handle missing app manager","status":"passed","title":"should handle missing app manager","duration":3.6534910000009404,"failureMessages":[],"location":{"line":752,"column":7},"meta":{}}],"startTime":1769478493027,"endTime":1769478498824.6536,"status":"passed","message":"","name":"/home/cdr/domains/cdr2.com/www/job-tool/tests/unit/component-base.test.js"}]}