{"numTotalTestSuites":26,"numPassedTestSuites":26,"numFailedTestSuites":0,"numPendingTestSuites":0,"numTotalTests":73,"numPassedTests":73,"numFailedTests":0,"numPendingTests":0,"numTodoTests":0,"snapshot":{"added":0,"failure":false,"filesAdded":0,"filesRemoved":0,"filesRemovedList":[],"filesUnmatched":0,"filesUpdated":0,"matched":0,"total":0,"unchecked":0,"uncheckedKeysByFile":[],"unmatched":0,"updated":0,"didUpdate":false},"startTime":1769478220092,"success":true,"testResults":[{"assertionResults":[{"ancestorTitles":["ComponentBase","Constructor"],"fullName":"ComponentBase Constructor should initialize with default properties","status":"passed","title":"should initialize with default properties","duration":23.84267699999964,"failureMessages":[],"location":{"line":51,"column":7},"meta":{}},{"ancestorTitles":["ComponentBase","Constructor"],"fullName":"ComponentBase Constructor should set component name and generate unique ID","status":"passed","title":"should set component name and generate unique ID","duration":6.665084000000206,"failureMessages":[],"location":{"line":59,"column":7},"meta":{}},{"ancestorTitles":["ComponentBase","Constructor"],"fullName":"ComponentBase Constructor should bind standard methods","status":"passed","title":"should bind standard methods","duration":49.11695899999995,"failureMessages":[],"location":{"line":65,"column":7},"meta":{}},{"ancestorTitles":["ComponentBase","Constructor"],"fullName":"ComponentBase Constructor should generate unique IDs for different instances","status":"passed","title":"should generate unique IDs for different instances","duration":8.055299999999988,"failureMessages":[],"location":{"line":72,"column":7},"meta":{}},{"ancestorTitles":["ComponentBase","connectedCallback"],"fullName":"ComponentBase connectedCallback should set _isConnected to true","status":"passed","title":"should set _isConnected to true","duration":17.986598999999842,"failureMessages":[],"location":{"line":79,"column":7},"meta":{}},{"ancestorTitles":["ComponentBase","connectedCallback"],"fullName":"ComponentBase connectedCallback should not reconnect if already connected","status":"passed","title":"should not reconnect if already connected","duration":5.937968000000183,"failureMessages":[],"location":{"line":86,"column":7},"meta":{}},{"ancestorTitles":["ComponentBase","connectedCallback"],"fullName":"ComponentBase connectedCallback should call waitForDependencies and initialize","status":"passed","title":"should call waitForDependencies and initialize","duration":32.72978199999943,"failureMessages":[],"location":{"line":96,"column":7},"meta":{}},{"ancestorTitles":["ComponentBase","disconnectedCallback"],"fullName":"ComponentBase disconnectedCallback should set _isConnected to false","status":"passed","title":"should set _isConnected to false","duration":19.909263000000465,"failureMessages":[],"location":{"line":110,"column":7},"meta":{}},{"ancestorTitles":["ComponentBase","disconnectedCallback"],"fullName":"ComponentBase disconnectedCallback should call cleanup","status":"passed","title":"should call cleanup","duration":20.493469999999434,"failureMessages":[],"location":{"line":116,"column":7},"meta":{}},{"ancestorTitles":["ComponentBase","disconnectedCallback"],"fullName":"ComponentBase disconnectedCallback should handle errors during cleanup","status":"passed","title":"should handle errors during cleanup","duration":69.02496700000029,"failureMessages":[],"location":{"line":122,"column":7},"meta":{}},{"ancestorTitles":["ComponentBase","waitForDependencies"],"fullName":"ComponentBase waitForDependencies should resolve immediately if skipDependencyCheck is true","status":"passed","title":"should resolve immediately if skipDependencyCheck is true","duration":6.467349999999897,"failureMessages":[],"location":{"line":133,"column":7},"meta":{}},{"ancestorTitles":["ComponentBase","waitForDependencies"],"fullName":"ComponentBase waitForDependencies should wait for dependencies to be ready","status":"passed","title":"should wait for dependencies to be ready","duration":4.323292000000038,"failureMessages":[],"location":{"line":138,"column":7},"meta":{}},{"ancestorTitles":["ComponentBase","waitForDependencies"],"fullName":"ComponentBase waitForDependencies should timeout after max attempts","status":"passed","title":"should timeout after max attempts","duration":5023.038304000001,"failureMessages":[],"location":{"line":147,"column":7},"meta":{}},{"ancestorTitles":["ComponentBase","initialize"],"fullName":"ComponentBase initialize should not initialize twice","status":"passed","title":"should not initialize twice","duration":6.797440000000279,"failureMessages":[],"location":{"line":163,"column":7},"meta":{}},{"ancestorTitles":["ComponentBase","initialize"],"fullName":"ComponentBase initialize should register with app manager","status":"passed","title":"should register with app manager","duration":8.58282600000166,"failureMessages":[],"location":{"line":172,"column":7},"meta":{}},{"ancestorTitles":["ComponentBase","initialize"],"fullName":"ComponentBase initialize should subscribe to store","status":"passed","title":"should subscribe to store","duration":3.987766999998712,"failureMessages":[],"location":{"line":182,"column":7},"meta":{}},{"ancestorTitles":["ComponentBase","initialize"],"fullName":"ComponentBase initialize should call onInitialize hook","status":"passed","title":"should call onInitialize hook","duration":3.6984320000010484,"failureMessages":[],"location":{"line":189,"column":7},"meta":{}},{"ancestorTitles":["ComponentBase","initialize"],"fullName":"ComponentBase initialize should set _isInitialized to true","status":"passed","title":"should set _isInitialized to true","duration":3.4080570000005537,"failureMessages":[],"location":{"line":196,"column":7},"meta":{}},{"ancestorTitles":["ComponentBase","initialize"],"fullName":"ComponentBase initialize should emit component-initialized event","status":"passed","title":"should emit component-initialized event","duration":10.46680699999888,"failureMessages":[],"location":{"line":201,"column":7},"meta":{}},{"ancestorTitles":["ComponentBase","initialize"],"fullName":"ComponentBase initialize should handle initialization errors","status":"passed","title":"should handle initialization errors","duration":12.373710999998366,"failureMessages":[],"location":{"line":210,"column":7},"meta":{}},{"ancestorTitles":["ComponentBase","setData"],"fullName":"ComponentBase setData should update component data","status":"passed","title":"should update component data","duration":5.224786000000677,"failureMessages":[],"location":{"line":222,"column":7},"meta":{}},{"ancestorTitles":["ComponentBase","setData"],"fullName":"ComponentBase setData should call onDataChange hook","status":"passed","title":"should call onDataChange hook","duration":4.480772000000798,"failureMessages":[],"location":{"line":229,"column":7},"meta":{}},{"ancestorTitles":["ComponentBase","setData"],"fullName":"ComponentBase setData should emit data-changed event","status":"passed","title":"should emit data-changed event","duration":3.500993000001472,"failureMessages":[],"location":{"line":238,"column":7},"meta":{}},{"ancestorTitles":["ComponentBase","setData"],"fullName":"ComponentBase setData should track previous data","status":"passed","title":"should track previous data","duration":5.51611800000137,"failureMessages":[],"location":{"line":253,"column":7},"meta":{}},{"ancestorTitles":["ComponentBase","setData"],"fullName":"ComponentBase setData should handle errors during setData","status":"passed","title":"should handle errors during setData","duration":6.246060999999827,"failureMessages":[],"location":{"line":264,"column":7},"meta":{}},{"ancestorTitles":["ComponentBase","getData"],"fullName":"ComponentBase getData should return current data","status":"passed","title":"should return current data","duration":4.018092000000252,"failureMessages":[],"location":{"line":277,"column":7},"meta":{}},{"ancestorTitles":["ComponentBase","getData"],"fullName":"ComponentBase getData should return null if no data set","status":"passed","title":"should return null if no data set","duration":3.3175030000002153,"failureMessages":[],"location":{"line":284,"column":7},"meta":{}},{"ancestorTitles":["ComponentBase","refresh"],"fullName":"ComponentBase refresh should skip refresh if not initialized","status":"passed","title":"should skip refresh if not initialized","duration":9.471464000000196,"failureMessages":[],"location":{"line":290,"column":7},"meta":{}},{"ancestorTitles":["ComponentBase","refresh"],"fullName":"ComponentBase refresh should call onRefresh when initialized","status":"passed","title":"should call onRefresh when initialized","duration":4.507363999999143,"failureMessages":[],"location":{"line":298,"column":7},"meta":{}},{"ancestorTitles":["ComponentBase","refresh"],"fullName":"ComponentBase refresh should force refresh when requested","status":"passed","title":"should force refresh when requested","duration":9.191375000000335,"failureMessages":[],"location":{"line":307,"column":7},"meta":{}},{"ancestorTitles":["ComponentBase","refresh"],"fullName":"ComponentBase refresh should emit component-refreshed event","status":"passed","title":"should emit component-refreshed event","duration":4.076311000000715,"failureMessages":[],"location":{"line":315,"column":7},"meta":{}},{"ancestorTitles":["ComponentBase","refresh"],"fullName":"ComponentBase refresh should handle refresh errors","status":"passed","title":"should handle refresh errors","duration":5.3241369999996095,"failureMessages":[],"location":{"line":327,"column":7},"meta":{}},{"ancestorTitles":["ComponentBase","validate"],"fullName":"ComponentBase validate should return valid by default","status":"passed","title":"should return valid by default","duration":3.884060000000318,"failureMessages":[],"location":{"line":339,"column":7},"meta":{}},{"ancestorTitles":["ComponentBase","validate"],"fullName":"ComponentBase validate should call onValidate hook","status":"passed","title":"should call onValidate hook","duration":4.170345000000452,"failureMessages":[],"location":{"line":346,"column":7},"meta":{}},{"ancestorTitles":["ComponentBase","validate"],"fullName":"ComponentBase validate should handle validation errors","status":"passed","title":"should handle validation errors","duration":9.815601000000242,"failureMessages":[],"location":{"line":354,"column":7},"meta":{}},{"ancestorTitles":["ComponentBase","emitEvent"],"fullName":"ComponentBase emitEvent should dispatch custom event","status":"passed","title":"should dispatch custom event","duration":5.788945999998759,"failureMessages":[],"location":{"line":367,"column":7},"meta":{}},{"ancestorTitles":["ComponentBase","emitEvent"],"fullName":"ComponentBase emitEvent should handle bubbles parameter","status":"passed","title":"should handle bubbles parameter","duration":5.063807000000452,"failureMessages":[],"location":{"line":380,"column":7},"meta":{}},{"ancestorTitles":["ComponentBase","emitEvent"],"fullName":"ComponentBase emitEvent should handle event dispatch errors","status":"passed","title":"should handle event dispatch errors","duration":6.311792000000423,"failureMessages":[],"location":{"line":389,"column":7},"meta":{}},{"ancestorTitles":["ComponentBase","handleError"],"fullName":"ComponentBase handleError should log error to console","status":"passed","title":"should log error to console","duration":5.377760999999737,"failureMessages":[],"location":{"line":400,"column":7},"meta":{}},{"ancestorTitles":["ComponentBase","handleError"],"fullName":"ComponentBase handleError should emit component-error event","status":"passed","title":"should emit component-error event","duration":10.506788000000597,"failureMessages":[],"location":{"line":409,"column":7},"meta":{}},{"ancestorTitles":["ComponentBase","handleError"],"fullName":"ComponentBase handleError should notify app manager if available","status":"passed","title":"should notify app manager if available","duration":5.459952000001067,"failureMessages":[],"location":{"line":423,"column":7},"meta":{}},{"ancestorTitles":["ComponentBase","cleanup"],"fullName":"ComponentBase cleanup should unsubscribe from store","status":"passed","title":"should unsubscribe from store","duration":3.4684290000004694,"failureMessages":[],"location":{"line":438,"column":7},"meta":{}},{"ancestorTitles":["ComponentBase","cleanup"],"fullName":"ComponentBase cleanup should call onCleanup hook","status":"passed","title":"should call onCleanup hook","duration":3.7654959999999846,"failureMessages":[],"location":{"line":448,"column":7},"meta":{}},{"ancestorTitles":["ComponentBase","cleanup"],"fullName":"ComponentBase cleanup should unregister from app manager","status":"passed","title":"should unregister from app manager","duration":3.9323850000000675,"failureMessages":[],"location":{"line":456,"column":7},"meta":{}},{"ancestorTitles":["ComponentBase","cleanup"],"fullName":"ComponentBase cleanup should set _isInitialized to false","status":"passed","title":"should set _isInitialized to false","duration":3.0263670000003913,"failureMessages":[],"location":{"line":465,"column":7},"meta":{}},{"ancestorTitles":["ComponentBase","cleanup"],"fullName":"ComponentBase cleanup should handle cleanup errors","status":"passed","title":"should handle cleanup errors","duration":4.982336999999461,"failureMessages":[],"location":{"line":473,"column":7},"meta":{}},{"ancestorTitles":["ComponentBase","getMetadata"],"fullName":"ComponentBase getMetadata should return component metadata","status":"passed","title":"should return component metadata","duration":3.9874220000001515,"failureMessages":[],"location":{"line":484,"column":7},"meta":{}},{"ancestorTitles":["ComponentBase","getMetadata"],"fullName":"ComponentBase getMetadata should handle null data","status":"passed","title":"should handle null data","duration":3.3798879999994824,"failureMessages":[],"location":{"line":501,"column":7},"meta":{}},{"ancestorTitles":["ComponentBase","updateGlobalState"],"fullName":"ComponentBase updateGlobalState should call setState with updates","status":"passed","title":"should call setState with updates","duration":4.219477000000552,"failureMessages":[],"location":{"line":510,"column":7},"meta":{}},{"ancestorTitles":["ComponentBase","updateGlobalState"],"fullName":"ComponentBase updateGlobalState should use component name as default source","status":"passed","title":"should use component name as default source","duration":6.681663999999728,"failureMessages":[],"location":{"line":519,"column":7},"meta":{}},{"ancestorTitles":["ComponentBase","updateGlobalState"],"fullName":"ComponentBase updateGlobalState should handle setState errors","status":"passed","title":"should handle setState errors","duration":8.089853999999832,"failureMessages":[],"location":{"line":531,"column":7},"meta":{}},{"ancestorTitles":["ComponentBase","getGlobalState"],"fullName":"ComponentBase getGlobalState should return state from store","status":"passed","title":"should return state from store","duration":5.736387000000832,"failureMessages":[],"location":{"line":545,"column":7},"meta":{}},{"ancestorTitles":["ComponentBase","getGlobalState"],"fullName":"ComponentBase getGlobalState should handle path parameter","status":"passed","title":"should handle path parameter","duration":4.919581999998627,"failureMessages":[],"location":{"line":554,"column":7},"meta":{}},{"ancestorTitles":["ComponentBase","getGlobalState"],"fullName":"ComponentBase getGlobalState should handle getState errors","status":"passed","title":"should handle getState errors","duration":6.815213000001677,"failureMessages":[],"location":{"line":562,"column":7},"meta":{}},{"ancestorTitles":["ComponentBase","showToast"],"fullName":"ComponentBase showToast should call app manager showToast","status":"passed","title":"should call app manager showToast","duration":4.44981800000096,"failureMessages":[],"location":{"line":575,"column":7},"meta":{}},{"ancestorTitles":["ComponentBase","showToast"],"fullName":"ComponentBase showToast should use default type","status":"passed","title":"should use default type","duration":4.716620000001058,"failureMessages":[],"location":{"line":583,"column":7},"meta":{}},{"ancestorTitles":["ComponentBase","showToast"],"fullName":"ComponentBase showToast should handle missing app manager","status":"passed","title":"should handle missing app manager","duration":4.473160999999891,"failureMessages":[],"location":{"line":591,"column":7},"meta":{}},{"ancestorTitles":["ComponentBase","isReady"],"fullName":"ComponentBase isReady should return false when not initialized","status":"passed","title":"should return false when not initialized","duration":5.306217999999717,"failureMessages":[],"location":{"line":601,"column":7},"meta":{}},{"ancestorTitles":["ComponentBase","isReady"],"fullName":"ComponentBase isReady should return false when not connected","status":"passed","title":"should return false when not connected","duration":4.392808999999033,"failureMessages":[],"location":{"line":606,"column":7},"meta":{}},{"ancestorTitles":["ComponentBase","isReady"],"fullName":"ComponentBase isReady should return true when both initialized and connected","status":"passed","title":"should return true when both initialized and connected","duration":5.278894999999466,"failureMessages":[],"location":{"line":611,"column":7},"meta":{}},{"ancestorTitles":["FormValidationMixin","validateForm"],"fullName":"FormValidationMixin validateForm should return error if form not found","status":"passed","title":"should return error if form not found","duration":10.957678999999189,"failureMessages":[],"location":{"line":627,"column":7},"meta":{}},{"ancestorTitles":["FormValidationMixin","validateForm"],"fullName":"FormValidationMixin validateForm should validate required fields","status":"passed","title":"should validate required fields","duration":40.50334800000019,"failureMessages":[],"location":{"line":634,"column":7},"meta":{}},{"ancestorTitles":["FormValidationMixin","validateForm"],"fullName":"FormValidationMixin validateForm should pass when required fields have values","status":"passed","title":"should pass when required fields have values","duration":8.623175999999148,"failureMessages":[],"location":{"line":648,"column":7},"meta":{}},{"ancestorTitles":["FormValidationMixin","validateForm"],"fullName":"FormValidationMixin validateForm should validate email fields","status":"passed","title":"should validate email fields","duration":10.510497999999643,"failureMessages":[],"location":{"line":661,"column":7},"meta":{}},{"ancestorTitles":["FormValidationMixin","validateForm"],"fullName":"FormValidationMixin validateForm should validate URL fields","status":"passed","title":"should validate URL fields","duration":8.057185000001482,"failureMessages":[],"location":{"line":675,"column":7},"meta":{}},{"ancestorTitles":["FormValidationMixin","isValidEmail"],"fullName":"FormValidationMixin isValidEmail should validate correct email","status":"passed","title":"should validate correct email","duration":3.9151509999992413,"failureMessages":[],"location":{"line":691,"column":7},"meta":{}},{"ancestorTitles":["FormValidationMixin","isValidEmail"],"fullName":"FormValidationMixin isValidEmail should reject invalid email","status":"passed","title":"should reject invalid email","duration":3.872875999999451,"failureMessages":[],"location":{"line":695,"column":7},"meta":{}},{"ancestorTitles":["FormValidationMixin","isValidURL"],"fullName":"FormValidationMixin isValidURL should validate correct URL","status":"passed","title":"should validate correct URL","duration":6.792864999999438,"failureMessages":[],"location":{"line":703,"column":7},"meta":{}},{"ancestorTitles":["FormValidationMixin","isValidURL"],"fullName":"FormValidationMixin isValidURL should reject invalid URL","status":"passed","title":"should reject invalid URL","duration":3.9607419999993,"failureMessages":[],"location":{"line":708,"column":7},"meta":{}},{"ancestorTitles":["ModalMixin","showModal"],"fullName":"ModalMixin showModal should call app manager showModal","status":"passed","title":"should call app manager showModal","duration":4.958559999999125,"failureMessages":[],"location":{"line":729,"column":7},"meta":{}},{"ancestorTitles":["ModalMixin","showModal"],"fullName":"ModalMixin showModal should handle missing app manager","status":"passed","title":"should handle missing app manager","duration":7.304586000000199,"failureMessages":[],"location":{"line":735,"column":7},"meta":{}},{"ancestorTitles":["ModalMixin","closeModal"],"fullName":"ModalMixin closeModal should call app manager closeModal","status":"passed","title":"should call app manager closeModal","duration":4.165526000000682,"failureMessages":[],"location":{"line":746,"column":7},"meta":{}},{"ancestorTitles":["ModalMixin","closeModal"],"fullName":"ModalMixin closeModal should handle missing app manager","status":"passed","title":"should handle missing app manager","duration":4.64940899999965,"failureMessages":[],"location":{"line":752,"column":7},"meta":{}}],"startTime":1769478224988,"endTime":1769478230669.6494,"status":"passed","message":"","name":"/home/cdr/domains/cdr2.com/www/job-tool/tests/unit/component-base.test.js"}]}