{"numTotalTestSuites":22,"numPassedTestSuites":0,"numFailedTestSuites":22,"numPendingTestSuites":0,"numTotalTests":48,"numPassedTests":16,"numFailedTests":32,"numPendingTests":0,"numTodoTests":0,"snapshot":{"added":0,"failure":false,"filesAdded":0,"filesRemoved":0,"filesRemovedList":[],"filesUnmatched":0,"filesUpdated":0,"matched":0,"total":0,"unchecked":0,"uncheckedKeysByFile":[],"unmatched":0,"updated":0,"didUpdate":false},"startTime":1769477817310,"success":false,"testResults":[{"assertionResults":[{"ancestorTitles":["Store Module","getStore"],"fullName":"Store Module getStore should return the global-store element","status":"passed","title":"should return the global-store element","duration":25.999508000000787,"failureMessages":[],"location":{"line":65,"column":7},"meta":{}},{"ancestorTitles":["Store Module","getStore"],"fullName":"Store Module getStore should cache the store instance","status":"failed","title":"should cache the store instance","duration":13.90650800000003,"failureMessages":["AssertionError: expected \"vi.fn()\" to be called 1 times, but got 0 times\n    at /home/cdr/domains/cdr2.com/www/job-tool/tests/unit/store.test.js:76:38\n    at file:///home/cdr/domains/cdr2.com/www/job-tool/node_modules/@vitest/runner/dist/index.js:145:11\n    at file:///home/cdr/domains/cdr2.com/www/job-tool/node_modules/@vitest/runner/dist/index.js:915:26\n    at file:///home/cdr/domains/cdr2.com/www/job-tool/node_modules/@vitest/runner/dist/index.js:1243:20\n    at new Promise (<anonymous>)\n    at runWithTimeout (file:///home/cdr/domains/cdr2.com/www/job-tool/node_modules/@vitest/runner/dist/index.js:1209:10)\n    at file:///home/cdr/domains/cdr2.com/www/job-tool/node_modules/@vitest/runner/dist/index.js:1653:37\n    at Traces.$ (file:///home/cdr/domains/cdr2.com/www/job-tool/node_modules/vitest/dist/chunks/traces.CCmnQaNT.js:142:27)\n    at trace (file:///home/cdr/domains/cdr2.com/www/job-tool/node_modules/vitest/dist/chunks/test.B8ej_ZHS.js:239:21)\n    at runTest (file:///home/cdr/domains/cdr2.com/www/job-tool/node_modules/@vitest/runner/dist/index.js:1653:12)"],"location":{"line":71,"column":7},"meta":{}},{"ancestorTitles":["Store Module","getStore"],"fullName":"Store Module getStore should return null if store not found","status":"failed","title":"should return null if store not found","duration":24.079977000001236,"failureMessages":["AssertionError: expected { getState: [Function Mock], …(15) } to be null\n    at /home/cdr/domains/cdr2.com/www/job-tool/tests/unit/store.test.js:84:21\n    at file:///home/cdr/domains/cdr2.com/www/job-tool/node_modules/@vitest/runner/dist/index.js:145:11\n    at file:///home/cdr/domains/cdr2.com/www/job-tool/node_modules/@vitest/runner/dist/index.js:915:26\n    at file:///home/cdr/domains/cdr2.com/www/job-tool/node_modules/@vitest/runner/dist/index.js:1243:20\n    at new Promise (<anonymous>)\n    at runWithTimeout (file:///home/cdr/domains/cdr2.com/www/job-tool/node_modules/@vitest/runner/dist/index.js:1209:10)\n    at file:///home/cdr/domains/cdr2.com/www/job-tool/node_modules/@vitest/runner/dist/index.js:1653:37\n    at Traces.$ (file:///home/cdr/domains/cdr2.com/www/job-tool/node_modules/vitest/dist/chunks/traces.CCmnQaNT.js:142:27)\n    at trace (file:///home/cdr/domains/cdr2.com/www/job-tool/node_modules/vitest/dist/chunks/test.B8ej_ZHS.js:239:21)\n    at runTest (file:///home/cdr/domains/cdr2.com/www/job-tool/node_modules/@vitest/runner/dist/index.js:1653:12)"],"location":{"line":79,"column":7},"meta":{}},{"ancestorTitles":["Store Module","getStore"],"fullName":"Store Module getStore should validate store interface","status":"failed","title":"should validate store interface","duration":6.485703000000285,"failureMessages":["AssertionError: expected { getState: [Function Mock], …(15) } to be null\n    at /home/cdr/domains/cdr2.com/www/job-tool/tests/unit/store.test.js:93:21\n    at file:///home/cdr/domains/cdr2.com/www/job-tool/node_modules/@vitest/runner/dist/index.js:145:11\n    at file:///home/cdr/domains/cdr2.com/www/job-tool/node_modules/@vitest/runner/dist/index.js:915:26\n    at file:///home/cdr/domains/cdr2.com/www/job-tool/node_modules/@vitest/runner/dist/index.js:1243:20\n    at new Promise (<anonymous>)\n    at runWithTimeout (file:///home/cdr/domains/cdr2.com/www/job-tool/node_modules/@vitest/runner/dist/index.js:1209:10)\n    at file:///home/cdr/domains/cdr2.com/www/job-tool/node_modules/@vitest/runner/dist/index.js:1653:37\n    at Traces.$ (file:///home/cdr/domains/cdr2.com/www/job-tool/node_modules/vitest/dist/chunks/traces.CCmnQaNT.js:142:27)\n    at trace (file:///home/cdr/domains/cdr2.com/www/job-tool/node_modules/vitest/dist/chunks/test.B8ej_ZHS.js:239:21)\n    at runTest (file:///home/cdr/domains/cdr2.com/www/job-tool/node_modules/@vitest/runner/dist/index.js:1653:12)"],"location":{"line":87,"column":7},"meta":{}},{"ancestorTitles":["Store Module","getStore"],"fullName":"Store Module getStore should require getState and setState methods","status":"failed","title":"should require getState and setState methods","duration":7.068897999999535,"failureMessages":["AssertionError: expected { getState: [Function Mock], …(15) } to be null\n    at /home/cdr/domains/cdr2.com/www/job-tool/tests/unit/store.test.js:102:21\n    at file:///home/cdr/domains/cdr2.com/www/job-tool/node_modules/@vitest/runner/dist/index.js:145:11\n    at file:///home/cdr/domains/cdr2.com/www/job-tool/node_modules/@vitest/runner/dist/index.js:915:26\n    at file:///home/cdr/domains/cdr2.com/www/job-tool/node_modules/@vitest/runner/dist/index.js:1243:20\n    at new Promise (<anonymous>)\n    at runWithTimeout (file:///home/cdr/domains/cdr2.com/www/job-tool/node_modules/@vitest/runner/dist/index.js:1209:10)\n    at file:///home/cdr/domains/cdr2.com/www/job-tool/node_modules/@vitest/runner/dist/index.js:1653:37\n    at Traces.$ (file:///home/cdr/domains/cdr2.com/www/job-tool/node_modules/vitest/dist/chunks/traces.CCmnQaNT.js:142:27)\n    at trace (file:///home/cdr/domains/cdr2.com/www/job-tool/node_modules/vitest/dist/chunks/test.B8ej_ZHS.js:239:21)\n    at runTest (file:///home/cdr/domains/cdr2.com/www/job-tool/node_modules/@vitest/runner/dist/index.js:1653:12)"],"location":{"line":96,"column":7},"meta":{}},{"ancestorTitles":["Store Module","getState"],"fullName":"Store Module getState should call store.getState without path","status":"failed","title":"should call store.getState without path","duration":24.084027999999307,"failureMessages":["AssertionError: expected \"vi.fn()\" to be called with arguments: [ null ]\u001b[90m\n\nNumber of calls: \u001b[1m0\u001b[22m\n\u001b[39m\n    at Proxy.<anonymous> (file:///home/cdr/domains/cdr2.com/www/job-tool/node_modules/@vitest/expect/dist/index.js:1420:10)\n    at Proxy.<anonymous> (file:///home/cdr/domains/cdr2.com/www/job-tool/node_modules/@vitest/expect/dist/index.js:1090:14)\n    at Proxy.methodWrapper (file:///home/cdr/domains/cdr2.com/www/job-tool/node_modules/chai/index.js:1700:25)\n    at /home/cdr/domains/cdr2.com/www/job-tool/tests/unit/store.test.js:112:34\n    at file:///home/cdr/domains/cdr2.com/www/job-tool/node_modules/@vitest/runner/dist/index.js:145:11\n    at file:///home/cdr/domains/cdr2.com/www/job-tool/node_modules/@vitest/runner/dist/index.js:915:26\n    at file:///home/cdr/domains/cdr2.com/www/job-tool/node_modules/@vitest/runner/dist/index.js:1243:20\n    at new Promise (<anonymous>)\n    at runWithTimeout (file:///home/cdr/domains/cdr2.com/www/job-tool/node_modules/@vitest/runner/dist/index.js:1209:10)\n    at file:///home/cdr/domains/cdr2.com/www/job-tool/node_modules/@vitest/runner/dist/index.js:1653:37"],"location":{"line":107,"column":7},"meta":{}},{"ancestorTitles":["Store Module","getState"],"fullName":"Store Module getState should call store.getState with path","status":"failed","title":"should call store.getState with path","duration":6.01209100000051,"failureMessages":["AssertionError: expected \"vi.fn()\" to be called with arguments: [ 'currentJob' ]\u001b[90m\n\nNumber of calls: \u001b[1m0\u001b[22m\n\u001b[39m\n    at Proxy.<anonymous> (file:///home/cdr/domains/cdr2.com/www/job-tool/node_modules/@vitest/expect/dist/index.js:1420:10)\n    at Proxy.<anonymous> (file:///home/cdr/domains/cdr2.com/www/job-tool/node_modules/@vitest/expect/dist/index.js:1090:14)\n    at Proxy.methodWrapper (file:///home/cdr/domains/cdr2.com/www/job-tool/node_modules/chai/index.js:1700:25)\n    at /home/cdr/domains/cdr2.com/www/job-tool/tests/unit/store.test.js:121:34\n    at file:///home/cdr/domains/cdr2.com/www/job-tool/node_modules/@vitest/runner/dist/index.js:145:11\n    at file:///home/cdr/domains/cdr2.com/www/job-tool/node_modules/@vitest/runner/dist/index.js:915:26\n    at file:///home/cdr/domains/cdr2.com/www/job-tool/node_modules/@vitest/runner/dist/index.js:1243:20\n    at new Promise (<anonymous>)\n    at runWithTimeout (file:///home/cdr/domains/cdr2.com/www/job-tool/node_modules/@vitest/runner/dist/index.js:1209:10)\n    at file:///home/cdr/domains/cdr2.com/www/job-tool/node_modules/@vitest/runner/dist/index.js:1653:37"],"location":{"line":116,"column":7},"meta":{}},{"ancestorTitles":["Store Module","getState"],"fullName":"Store Module getState should return null if store not ready","status":"failed","title":"should return null if store not ready","duration":5.541632000000391,"failureMessages":["AssertionError: expected { test: 'state' } to be null\n    at /home/cdr/domains/cdr2.com/www/job-tool/tests/unit/store.test.js:130:21\n    at file:///home/cdr/domains/cdr2.com/www/job-tool/node_modules/@vitest/runner/dist/index.js:145:11\n    at file:///home/cdr/domains/cdr2.com/www/job-tool/node_modules/@vitest/runner/dist/index.js:915:26\n    at file:///home/cdr/domains/cdr2.com/www/job-tool/node_modules/@vitest/runner/dist/index.js:1243:20\n    at new Promise (<anonymous>)\n    at runWithTimeout (file:///home/cdr/domains/cdr2.com/www/job-tool/node_modules/@vitest/runner/dist/index.js:1209:10)\n    at file:///home/cdr/domains/cdr2.com/www/job-tool/node_modules/@vitest/runner/dist/index.js:1653:37\n    at Traces.$ (file:///home/cdr/domains/cdr2.com/www/job-tool/node_modules/vitest/dist/chunks/traces.CCmnQaNT.js:142:27)\n    at trace (file:///home/cdr/domains/cdr2.com/www/job-tool/node_modules/vitest/dist/chunks/test.B8ej_ZHS.js:239:21)\n    at runTest (file:///home/cdr/domains/cdr2.com/www/job-tool/node_modules/@vitest/runner/dist/index.js:1653:12)"],"location":{"line":125,"column":7},"meta":{}},{"ancestorTitles":["Store Module","getState"],"fullName":"Store Module getState should handle errors from store.getState","status":"failed","title":"should handle errors from store.getState","duration":21.617643999999927,"failureMessages":["AssertionError: expected { test: 'state' } to be null\n    at /home/cdr/domains/cdr2.com/www/job-tool/tests/unit/store.test.js:141:21\n    at file:///home/cdr/domains/cdr2.com/www/job-tool/node_modules/@vitest/runner/dist/index.js:145:11\n    at file:///home/cdr/domains/cdr2.com/www/job-tool/node_modules/@vitest/runner/dist/index.js:915:26\n    at file:///home/cdr/domains/cdr2.com/www/job-tool/node_modules/@vitest/runner/dist/index.js:1243:20\n    at new Promise (<anonymous>)\n    at runWithTimeout (file:///home/cdr/domains/cdr2.com/www/job-tool/node_modules/@vitest/runner/dist/index.js:1209:10)\n    at file:///home/cdr/domains/cdr2.com/www/job-tool/node_modules/@vitest/runner/dist/index.js:1653:37\n    at Traces.$ (file:///home/cdr/domains/cdr2.com/www/job-tool/node_modules/vitest/dist/chunks/traces.CCmnQaNT.js:142:27)\n    at trace (file:///home/cdr/domains/cdr2.com/www/job-tool/node_modules/vitest/dist/chunks/test.B8ej_ZHS.js:239:21)\n    at runTest (file:///home/cdr/domains/cdr2.com/www/job-tool/node_modules/@vitest/runner/dist/index.js:1653:12)"],"location":{"line":133,"column":7},"meta":{}},{"ancestorTitles":["Store Module","setState"],"fullName":"Store Module setState should call store.setState with updates","status":"failed","title":"should call store.setState with updates","duration":35.09576100000049,"failureMessages":["AssertionError: expected \"vi.fn()\" to be called with arguments: [ { currentJob: { id: 1 } }, …(2) ]\u001b[90m\n\nNumber of calls: \u001b[1m0\u001b[22m\n\u001b[39m\n    at Proxy.<anonymous> (file:///home/cdr/domains/cdr2.com/www/job-tool/node_modules/@vitest/expect/dist/index.js:1420:10)\n    at Proxy.<anonymous> (file:///home/cdr/domains/cdr2.com/www/job-tool/node_modules/@vitest/expect/dist/index.js:1090:14)\n    at Proxy.methodWrapper (file:///home/cdr/domains/cdr2.com/www/job-tool/node_modules/chai/index.js:1700:25)\n    at /home/cdr/domains/cdr2.com/www/job-tool/tests/unit/store.test.js:152:34\n    at file:///home/cdr/domains/cdr2.com/www/job-tool/node_modules/@vitest/runner/dist/index.js:145:11\n    at file:///home/cdr/domains/cdr2.com/www/job-tool/node_modules/@vitest/runner/dist/index.js:915:26\n    at file:///home/cdr/domains/cdr2.com/www/job-tool/node_modules/@vitest/runner/dist/index.js:1243:20\n    at new Promise (<anonymous>)\n    at runWithTimeout (file:///home/cdr/domains/cdr2.com/www/job-tool/node_modules/@vitest/runner/dist/index.js:1209:10)\n    at file:///home/cdr/domains/cdr2.com/www/job-tool/node_modules/@vitest/runner/dist/index.js:1653:37"],"location":{"line":147,"column":7},"meta":{}},{"ancestorTitles":["Store Module","setState"],"fullName":"Store Module setState should pass source parameter","status":"failed","title":"should pass source parameter","duration":8.818756000000576,"failureMessages":["AssertionError: expected \"vi.fn()\" to be called with arguments: [ { currentJob: { id: 1 } }, …(2) ]\u001b[90m\n\nNumber of calls: \u001b[1m0\u001b[22m\n\u001b[39m\n    at Proxy.<anonymous> (file:///home/cdr/domains/cdr2.com/www/job-tool/node_modules/@vitest/expect/dist/index.js:1420:10)\n    at Proxy.<anonymous> (file:///home/cdr/domains/cdr2.com/www/job-tool/node_modules/@vitest/expect/dist/index.js:1090:14)\n    at Proxy.methodWrapper (file:///home/cdr/domains/cdr2.com/www/job-tool/node_modules/chai/index.js:1700:25)\n    at /home/cdr/domains/cdr2.com/www/job-tool/tests/unit/store.test.js:160:34\n    at file:///home/cdr/domains/cdr2.com/www/job-tool/node_modules/@vitest/runner/dist/index.js:145:11\n    at file:///home/cdr/domains/cdr2.com/www/job-tool/node_modules/@vitest/runner/dist/index.js:915:26\n    at file:///home/cdr/domains/cdr2.com/www/job-tool/node_modules/@vitest/runner/dist/index.js:1243:20\n    at new Promise (<anonymous>)\n    at runWithTimeout (file:///home/cdr/domains/cdr2.com/www/job-tool/node_modules/@vitest/runner/dist/index.js:1209:10)\n    at file:///home/cdr/domains/cdr2.com/www/job-tool/node_modules/@vitest/runner/dist/index.js:1653:37"],"location":{"line":155,"column":7},"meta":{}},{"ancestorTitles":["Store Module","setState"],"fullName":"Store Module setState should pass origin parameter","status":"failed","title":"should pass origin parameter","duration":18.861888999999792,"failureMessages":["AssertionError: expected \"vi.fn()\" to be called with arguments: [ { currentJob: { id: 1 } }, …(2) ]\u001b[90m\n\nNumber of calls: \u001b[1m0\u001b[22m\n\u001b[39m\n    at Proxy.<anonymous> (file:///home/cdr/domains/cdr2.com/www/job-tool/node_modules/@vitest/expect/dist/index.js:1420:10)\n    at Proxy.<anonymous> (file:///home/cdr/domains/cdr2.com/www/job-tool/node_modules/@vitest/expect/dist/index.js:1090:14)\n    at Proxy.methodWrapper (file:///home/cdr/domains/cdr2.com/www/job-tool/node_modules/chai/index.js:1700:25)\n    at /home/cdr/domains/cdr2.com/www/job-tool/tests/unit/store.test.js:168:34\n    at file:///home/cdr/domains/cdr2.com/www/job-tool/node_modules/@vitest/runner/dist/index.js:145:11\n    at file:///home/cdr/domains/cdr2.com/www/job-tool/node_modules/@vitest/runner/dist/index.js:915:26\n    at file:///home/cdr/domains/cdr2.com/www/job-tool/node_modules/@vitest/runner/dist/index.js:1243:20\n    at new Promise (<anonymous>)\n    at runWithTimeout (file:///home/cdr/domains/cdr2.com/www/job-tool/node_modules/@vitest/runner/dist/index.js:1209:10)\n    at file:///home/cdr/domains/cdr2.com/www/job-tool/node_modules/@vitest/runner/dist/index.js:1653:37"],"location":{"line":163,"column":7},"meta":{}},{"ancestorTitles":["Store Module","setState"],"fullName":"Store Module setState should do nothing if store not ready","status":"passed","title":"should do nothing if store not ready","duration":5.042338000001109,"failureMessages":[],"location":{"line":171,"column":7},"meta":{}},{"ancestorTitles":["Store Module","subscribe"],"fullName":"Store Module subscribe should call store.subscribe with callback","status":"failed","title":"should call store.subscribe with callback","duration":10.198131999999532,"failureMessages":["AssertionError: expected \"vi.fn()\" to be called with arguments: [ [Function Mock], null ]\u001b[90m\n\nNumber of calls: \u001b[1m0\u001b[22m\n\u001b[39m\n    at Proxy.<anonymous> (file:///home/cdr/domains/cdr2.com/www/job-tool/node_modules/@vitest/expect/dist/index.js:1420:10)\n    at Proxy.<anonymous> (file:///home/cdr/domains/cdr2.com/www/job-tool/node_modules/@vitest/expect/dist/index.js:1090:14)\n    at Proxy.methodWrapper (file:///home/cdr/domains/cdr2.com/www/job-tool/node_modules/chai/index.js:1700:25)\n    at /home/cdr/domains/cdr2.com/www/job-tool/tests/unit/store.test.js:188:35\n    at file:///home/cdr/domains/cdr2.com/www/job-tool/node_modules/@vitest/runner/dist/index.js:145:11\n    at file:///home/cdr/domains/cdr2.com/www/job-tool/node_modules/@vitest/runner/dist/index.js:915:26\n    at file:///home/cdr/domains/cdr2.com/www/job-tool/node_modules/@vitest/runner/dist/index.js:1243:20\n    at new Promise (<anonymous>)\n    at runWithTimeout (file:///home/cdr/domains/cdr2.com/www/job-tool/node_modules/@vitest/runner/dist/index.js:1209:10)\n    at file:///home/cdr/domains/cdr2.com/www/job-tool/node_modules/@vitest/runner/dist/index.js:1653:37"],"location":{"line":181,"column":7},"meta":{}},{"ancestorTitles":["Store Module","subscribe"],"fullName":"Store Module subscribe should pass filter parameter","status":"failed","title":"should pass filter parameter","duration":10.021529999999984,"failureMessages":["AssertionError: expected \"vi.fn()\" to be called with arguments: [ [Function Mock], { type: 'jobs' } ]\u001b[90m\n\nNumber of calls: \u001b[1m0\u001b[22m\n\u001b[39m\n    at Proxy.<anonymous> (file:///home/cdr/domains/cdr2.com/www/job-tool/node_modules/@vitest/expect/dist/index.js:1420:10)\n    at Proxy.<anonymous> (file:///home/cdr/domains/cdr2.com/www/job-tool/node_modules/@vitest/expect/dist/index.js:1090:14)\n    at Proxy.methodWrapper (file:///home/cdr/domains/cdr2.com/www/job-tool/node_modules/chai/index.js:1700:25)\n    at /home/cdr/domains/cdr2.com/www/job-tool/tests/unit/store.test.js:198:35\n    at file:///home/cdr/domains/cdr2.com/www/job-tool/node_modules/@vitest/runner/dist/index.js:145:11\n    at file:///home/cdr/domains/cdr2.com/www/job-tool/node_modules/@vitest/runner/dist/index.js:915:26\n    at file:///home/cdr/domains/cdr2.com/www/job-tool/node_modules/@vitest/runner/dist/index.js:1243:20\n    at new Promise (<anonymous>)\n    at runWithTimeout (file:///home/cdr/domains/cdr2.com/www/job-tool/node_modules/@vitest/runner/dist/index.js:1209:10)\n    at file:///home/cdr/domains/cdr2.com/www/job-tool/node_modules/@vitest/runner/dist/index.js:1653:37"],"location":{"line":192,"column":7},"meta":{}},{"ancestorTitles":["Store Module","subscribe"],"fullName":"Store Module subscribe should return null if store not ready","status":"failed","title":"should return null if store not ready","duration":8.663782999999967,"failureMessages":["AssertionError: expected [Function Mock] to be null\n    at /home/cdr/domains/cdr2.com/www/job-tool/tests/unit/store.test.js:207:22\n    at file:///home/cdr/domains/cdr2.com/www/job-tool/node_modules/@vitest/runner/dist/index.js:145:11\n    at file:///home/cdr/domains/cdr2.com/www/job-tool/node_modules/@vitest/runner/dist/index.js:915:26\n    at file:///home/cdr/domains/cdr2.com/www/job-tool/node_modules/@vitest/runner/dist/index.js:1243:20\n    at new Promise (<anonymous>)\n    at runWithTimeout (file:///home/cdr/domains/cdr2.com/www/job-tool/node_modules/@vitest/runner/dist/index.js:1209:10)\n    at file:///home/cdr/domains/cdr2.com/www/job-tool/node_modules/@vitest/runner/dist/index.js:1653:37\n    at Traces.$ (file:///home/cdr/domains/cdr2.com/www/job-tool/node_modules/vitest/dist/chunks/traces.CCmnQaNT.js:142:27)\n    at trace (file:///home/cdr/domains/cdr2.com/www/job-tool/node_modules/vitest/dist/chunks/test.B8ej_ZHS.js:239:21)\n    at runTest (file:///home/cdr/domains/cdr2.com/www/job-tool/node_modules/@vitest/runner/dist/index.js:1653:12)"],"location":{"line":201,"column":7},"meta":{}},{"ancestorTitles":["Store Module","unsubscribe"],"fullName":"Store Module unsubscribe should call store.unsubscribe","status":"failed","title":"should call store.unsubscribe","duration":90.70449799999915,"failureMessages":["AssertionError: expected \"vi.fn()\" to be called with arguments: [ [Function Mock] ]\u001b[90m\n\nNumber of calls: \u001b[1m0\u001b[22m\n\u001b[39m\n    at Proxy.<anonymous> (file:///home/cdr/domains/cdr2.com/www/job-tool/node_modules/@vitest/expect/dist/index.js:1420:10)\n    at Proxy.<anonymous> (file:///home/cdr/domains/cdr2.com/www/job-tool/node_modules/@vitest/expect/dist/index.js:1090:14)\n    at Proxy.methodWrapper (file:///home/cdr/domains/cdr2.com/www/job-tool/node_modules/chai/index.js:1700:25)\n    at /home/cdr/domains/cdr2.com/www/job-tool/tests/unit/store.test.js:217:37\n    at file:///home/cdr/domains/cdr2.com/www/job-tool/node_modules/@vitest/runner/dist/index.js:145:11\n    at file:///home/cdr/domains/cdr2.com/www/job-tool/node_modules/@vitest/runner/dist/index.js:915:26\n    at file:///home/cdr/domains/cdr2.com/www/job-tool/node_modules/@vitest/runner/dist/index.js:1243:20\n    at new Promise (<anonymous>)\n    at runWithTimeout (file:///home/cdr/domains/cdr2.com/www/job-tool/node_modules/@vitest/runner/dist/index.js:1209:10)\n    at file:///home/cdr/domains/cdr2.com/www/job-tool/node_modules/@vitest/runner/dist/index.js:1653:37"],"location":{"line":212,"column":7},"meta":{}},{"ancestorTitles":["Store Module","unsubscribe"],"fullName":"Store Module unsubscribe should do nothing if store not ready","status":"passed","title":"should do nothing if store not ready","duration":3.1942269999999553,"failureMessages":[],"location":{"line":220,"column":7},"meta":{}},{"ancestorTitles":["Store Module","Convenience Methods","setCurrentJob"],"fullName":"Store Module Convenience Methods setCurrentJob should call store.setCurrentJob","status":"failed","title":"should call store.setCurrentJob","duration":14.86704600000121,"failureMessages":["AssertionError: expected \"vi.fn()\" to be called with arguments: [ { id: 1, title: 'Developer' } ]\u001b[90m\n\nNumber of calls: \u001b[1m0\u001b[22m\n\u001b[39m\n    at Proxy.<anonymous> (file:///home/cdr/domains/cdr2.com/www/job-tool/node_modules/@vitest/expect/dist/index.js:1420:10)\n    at Proxy.<anonymous> (file:///home/cdr/domains/cdr2.com/www/job-tool/node_modules/@vitest/expect/dist/index.js:1090:14)\n    at Proxy.methodWrapper (file:///home/cdr/domains/cdr2.com/www/job-tool/node_modules/chai/index.js:1700:25)\n    at /home/cdr/domains/cdr2.com/www/job-tool/tests/unit/store.test.js:237:41\n    at file:///home/cdr/domains/cdr2.com/www/job-tool/node_modules/@vitest/runner/dist/index.js:145:11\n    at file:///home/cdr/domains/cdr2.com/www/job-tool/node_modules/@vitest/runner/dist/index.js:915:26\n    at file:///home/cdr/domains/cdr2.com/www/job-tool/node_modules/@vitest/runner/dist/index.js:1243:20\n    at new Promise (<anonymous>)\n    at runWithTimeout (file:///home/cdr/domains/cdr2.com/www/job-tool/node_modules/@vitest/runner/dist/index.js:1209:10)\n    at file:///home/cdr/domains/cdr2.com/www/job-tool/node_modules/@vitest/runner/dist/index.js:1653:37"],"location":{"line":232,"column":9},"meta":{}},{"ancestorTitles":["Store Module","Convenience Methods","setCurrentJob"],"fullName":"Store Module Convenience Methods setCurrentJob should do nothing if store not ready","status":"passed","title":"should do nothing if store not ready","duration":5.6454220000014175,"failureMessages":[],"location":{"line":240,"column":9},"meta":{}},{"ancestorTitles":["Store Module","Convenience Methods","setCurrentResume"],"fullName":"Store Module Convenience Methods setCurrentResume should call store.setCurrentResume","status":"failed","title":"should call store.setCurrentResume","duration":9.108369999999923,"failureMessages":["AssertionError: expected \"vi.fn()\" to be called with arguments: [ { id: 1, basics: { name: 'Test' } } ]\u001b[90m\n\nNumber of calls: \u001b[1m0\u001b[22m\n\u001b[39m\n    at Proxy.<anonymous> (file:///home/cdr/domains/cdr2.com/www/job-tool/node_modules/@vitest/expect/dist/index.js:1420:10)\n    at Proxy.<anonymous> (file:///home/cdr/domains/cdr2.com/www/job-tool/node_modules/@vitest/expect/dist/index.js:1090:14)\n    at Proxy.methodWrapper (file:///home/cdr/domains/cdr2.com/www/job-tool/node_modules/chai/index.js:1700:25)\n    at /home/cdr/domains/cdr2.com/www/job-tool/tests/unit/store.test.js:255:44\n    at file:///home/cdr/domains/cdr2.com/www/job-tool/node_modules/@vitest/runner/dist/index.js:145:11\n    at file:///home/cdr/domains/cdr2.com/www/job-tool/node_modules/@vitest/runner/dist/index.js:915:26\n    at file:///home/cdr/domains/cdr2.com/www/job-tool/node_modules/@vitest/runner/dist/index.js:1243:20\n    at new Promise (<anonymous>)\n    at runWithTimeout (file:///home/cdr/domains/cdr2.com/www/job-tool/node_modules/@vitest/runner/dist/index.js:1209:10)\n    at file:///home/cdr/domains/cdr2.com/www/job-tool/node_modules/@vitest/runner/dist/index.js:1653:37"],"location":{"line":250,"column":9},"meta":{}},{"ancestorTitles":["Store Module","Convenience Methods","setCurrentResume"],"fullName":"Store Module Convenience Methods setCurrentResume should do nothing if store not ready","status":"passed","title":"should do nothing if store not ready","duration":4.001715999998851,"failureMessages":[],"location":{"line":258,"column":9},"meta":{}},{"ancestorTitles":["Store Module","Convenience Methods","addJob"],"fullName":"Store Module Convenience Methods addJob should call store.addJob","status":"failed","title":"should call store.addJob","duration":4.8674060000012105,"failureMessages":["AssertionError: expected \"vi.fn()\" to be called with arguments: [ { id: 1, title: 'Developer' } ]\u001b[90m\n\nNumber of calls: \u001b[1m0\u001b[22m\n\u001b[39m\n    at Proxy.<anonymous> (file:///home/cdr/domains/cdr2.com/www/job-tool/node_modules/@vitest/expect/dist/index.js:1420:10)\n    at Proxy.<anonymous> (file:///home/cdr/domains/cdr2.com/www/job-tool/node_modules/@vitest/expect/dist/index.js:1090:14)\n    at Proxy.methodWrapper (file:///home/cdr/domains/cdr2.com/www/job-tool/node_modules/chai/index.js:1700:25)\n    at /home/cdr/domains/cdr2.com/www/job-tool/tests/unit/store.test.js:273:34\n    at file:///home/cdr/domains/cdr2.com/www/job-tool/node_modules/@vitest/runner/dist/index.js:145:11\n    at file:///home/cdr/domains/cdr2.com/www/job-tool/node_modules/@vitest/runner/dist/index.js:915:26\n    at file:///home/cdr/domains/cdr2.com/www/job-tool/node_modules/@vitest/runner/dist/index.js:1243:20\n    at new Promise (<anonymous>)\n    at runWithTimeout (file:///home/cdr/domains/cdr2.com/www/job-tool/node_modules/@vitest/runner/dist/index.js:1209:10)\n    at file:///home/cdr/domains/cdr2.com/www/job-tool/node_modules/@vitest/runner/dist/index.js:1653:37"],"location":{"line":268,"column":9},"meta":{}},{"ancestorTitles":["Store Module","Convenience Methods","addJob"],"fullName":"Store Module Convenience Methods addJob should do nothing if store not ready","status":"passed","title":"should do nothing if store not ready","duration":6.712199999999939,"failureMessages":[],"location":{"line":276,"column":9},"meta":{}},{"ancestorTitles":["Store Module","Convenience Methods","updateJob"],"fullName":"Store Module Convenience Methods updateJob should call store.updateJob","status":"failed","title":"should call store.updateJob","duration":4.437141000000338,"failureMessages":["AssertionError: expected \"vi.fn()\" to be called with arguments: [ 'job_123', …(1) ]\u001b[90m\n\nNumber of calls: \u001b[1m0\u001b[22m\n\u001b[39m\n    at Proxy.<anonymous> (file:///home/cdr/domains/cdr2.com/www/job-tool/node_modules/@vitest/expect/dist/index.js:1420:10)\n    at Proxy.<anonymous> (file:///home/cdr/domains/cdr2.com/www/job-tool/node_modules/@vitest/expect/dist/index.js:1090:14)\n    at Proxy.methodWrapper (file:///home/cdr/domains/cdr2.com/www/job-tool/node_modules/chai/index.js:1700:25)\n    at /home/cdr/domains/cdr2.com/www/job-tool/tests/unit/store.test.js:292:37\n    at file:///home/cdr/domains/cdr2.com/www/job-tool/node_modules/@vitest/runner/dist/index.js:145:11\n    at file:///home/cdr/domains/cdr2.com/www/job-tool/node_modules/@vitest/runner/dist/index.js:915:26\n    at file:///home/cdr/domains/cdr2.com/www/job-tool/node_modules/@vitest/runner/dist/index.js:1243:20\n    at new Promise (<anonymous>)\n    at runWithTimeout (file:///home/cdr/domains/cdr2.com/www/job-tool/node_modules/@vitest/runner/dist/index.js:1209:10)\n    at file:///home/cdr/domains/cdr2.com/www/job-tool/node_modules/@vitest/runner/dist/index.js:1653:37"],"location":{"line":286,"column":9},"meta":{}},{"ancestorTitles":["Store Module","Convenience Methods","updateJob"],"fullName":"Store Module Convenience Methods updateJob should do nothing if store not ready","status":"passed","title":"should do nothing if store not ready","duration":4.317370000000665,"failureMessages":[],"location":{"line":295,"column":9},"meta":{}},{"ancestorTitles":["Store Module","Convenience Methods","deleteJob"],"fullName":"Store Module Convenience Methods deleteJob should call store.deleteJob","status":"failed","title":"should call store.deleteJob","duration":9.279540999999881,"failureMessages":["AssertionError: expected \"vi.fn()\" to be called with arguments: [ 'job_123' ]\u001b[90m\n\nNumber of calls: \u001b[1m0\u001b[22m\n\u001b[39m\n    at Proxy.<anonymous> (file:///home/cdr/domains/cdr2.com/www/job-tool/node_modules/@vitest/expect/dist/index.js:1420:10)\n    at Proxy.<anonymous> (file:///home/cdr/domains/cdr2.com/www/job-tool/node_modules/@vitest/expect/dist/index.js:1090:14)\n    at Proxy.methodWrapper (file:///home/cdr/domains/cdr2.com/www/job-tool/node_modules/chai/index.js:1700:25)\n    at /home/cdr/domains/cdr2.com/www/job-tool/tests/unit/store.test.js:310:37\n    at file:///home/cdr/domains/cdr2.com/www/job-tool/node_modules/@vitest/runner/dist/index.js:145:11\n    at file:///home/cdr/domains/cdr2.com/www/job-tool/node_modules/@vitest/runner/dist/index.js:915:26\n    at file:///home/cdr/domains/cdr2.com/www/job-tool/node_modules/@vitest/runner/dist/index.js:1243:20\n    at new Promise (<anonymous>)\n    at runWithTimeout (file:///home/cdr/domains/cdr2.com/www/job-tool/node_modules/@vitest/runner/dist/index.js:1209:10)\n    at file:///home/cdr/domains/cdr2.com/www/job-tool/node_modules/@vitest/runner/dist/index.js:1653:37"],"location":{"line":305,"column":9},"meta":{}},{"ancestorTitles":["Store Module","Convenience Methods","deleteJob"],"fullName":"Store Module Convenience Methods deleteJob should do nothing if store not ready","status":"passed","title":"should do nothing if store not ready","duration":4.15271600000051,"failureMessages":[],"location":{"line":313,"column":9},"meta":{}},{"ancestorTitles":["Store Module","Convenience Methods","addResume"],"fullName":"Store Module Convenience Methods addResume should call store.addResume","status":"failed","title":"should call store.addResume","duration":12.484207999999853,"failureMessages":["AssertionError: expected \"vi.fn()\" to be called with arguments: [ { id: 1, basics: { name: 'Test' } } ]\u001b[90m\n\nNumber of calls: \u001b[1m0\u001b[22m\n\u001b[39m\n    at Proxy.<anonymous> (file:///home/cdr/domains/cdr2.com/www/job-tool/node_modules/@vitest/expect/dist/index.js:1420:10)\n    at Proxy.<anonymous> (file:///home/cdr/domains/cdr2.com/www/job-tool/node_modules/@vitest/expect/dist/index.js:1090:14)\n    at Proxy.methodWrapper (file:///home/cdr/domains/cdr2.com/www/job-tool/node_modules/chai/index.js:1700:25)\n    at /home/cdr/domains/cdr2.com/www/job-tool/tests/unit/store.test.js:328:37\n    at file:///home/cdr/domains/cdr2.com/www/job-tool/node_modules/@vitest/runner/dist/index.js:145:11\n    at file:///home/cdr/domains/cdr2.com/www/job-tool/node_modules/@vitest/runner/dist/index.js:915:26\n    at file:///home/cdr/domains/cdr2.com/www/job-tool/node_modules/@vitest/runner/dist/index.js:1243:20\n    at new Promise (<anonymous>)\n    at runWithTimeout (file:///home/cdr/domains/cdr2.com/www/job-tool/node_modules/@vitest/runner/dist/index.js:1209:10)\n    at file:///home/cdr/domains/cdr2.com/www/job-tool/node_modules/@vitest/runner/dist/index.js:1653:37"],"location":{"line":323,"column":9},"meta":{}},{"ancestorTitles":["Store Module","Convenience Methods","addResume"],"fullName":"Store Module Convenience Methods addResume should do nothing if store not ready","status":"passed","title":"should do nothing if store not ready","duration":5.167282000000341,"failureMessages":[],"location":{"line":331,"column":9},"meta":{}},{"ancestorTitles":["Store Module","Convenience Methods","updateResume"],"fullName":"Store Module Convenience Methods updateResume should call store.updateResume","status":"failed","title":"should call store.updateResume","duration":10.071869000001243,"failureMessages":["AssertionError: expected \"vi.fn()\" to be called with arguments: [ 'resume_123', …(1) ]\u001b[90m\n\nNumber of calls: \u001b[1m0\u001b[22m\n\u001b[39m\n    at Proxy.<anonymous> (file:///home/cdr/domains/cdr2.com/www/job-tool/node_modules/@vitest/expect/dist/index.js:1420:10)\n    at Proxy.<anonymous> (file:///home/cdr/domains/cdr2.com/www/job-tool/node_modules/@vitest/expect/dist/index.js:1090:14)\n    at Proxy.methodWrapper (file:///home/cdr/domains/cdr2.com/www/job-tool/node_modules/chai/index.js:1700:25)\n    at /home/cdr/domains/cdr2.com/www/job-tool/tests/unit/store.test.js:347:40\n    at file:///home/cdr/domains/cdr2.com/www/job-tool/node_modules/@vitest/runner/dist/index.js:145:11\n    at file:///home/cdr/domains/cdr2.com/www/job-tool/node_modules/@vitest/runner/dist/index.js:915:26\n    at file:///home/cdr/domains/cdr2.com/www/job-tool/node_modules/@vitest/runner/dist/index.js:1243:20\n    at new Promise (<anonymous>)\n    at runWithTimeout (file:///home/cdr/domains/cdr2.com/www/job-tool/node_modules/@vitest/runner/dist/index.js:1209:10)\n    at file:///home/cdr/domains/cdr2.com/www/job-tool/node_modules/@vitest/runner/dist/index.js:1653:37"],"location":{"line":341,"column":9},"meta":{}},{"ancestorTitles":["Store Module","Convenience Methods","updateResume"],"fullName":"Store Module Convenience Methods updateResume should do nothing if store not ready","status":"passed","title":"should do nothing if store not ready","duration":6.797284000000218,"failureMessages":[],"location":{"line":350,"column":9},"meta":{}},{"ancestorTitles":["Store Module","Convenience Methods","deleteResume"],"fullName":"Store Module Convenience Methods deleteResume should call store.deleteResume","status":"failed","title":"should call store.deleteResume","duration":5.347404000000097,"failureMessages":["AssertionError: expected \"vi.fn()\" to be called with arguments: [ 'resume_123' ]\u001b[90m\n\nNumber of calls: \u001b[1m0\u001b[22m\n\u001b[39m\n    at Proxy.<anonymous> (file:///home/cdr/domains/cdr2.com/www/job-tool/node_modules/@vitest/expect/dist/index.js:1420:10)\n    at Proxy.<anonymous> (file:///home/cdr/domains/cdr2.com/www/job-tool/node_modules/@vitest/expect/dist/index.js:1090:14)\n    at Proxy.methodWrapper (file:///home/cdr/domains/cdr2.com/www/job-tool/node_modules/chai/index.js:1700:25)\n    at /home/cdr/domains/cdr2.com/www/job-tool/tests/unit/store.test.js:365:40\n    at file:///home/cdr/domains/cdr2.com/www/job-tool/node_modules/@vitest/runner/dist/index.js:145:11\n    at file:///home/cdr/domains/cdr2.com/www/job-tool/node_modules/@vitest/runner/dist/index.js:915:26\n    at file:///home/cdr/domains/cdr2.com/www/job-tool/node_modules/@vitest/runner/dist/index.js:1243:20\n    at new Promise (<anonymous>)\n    at runWithTimeout (file:///home/cdr/domains/cdr2.com/www/job-tool/node_modules/@vitest/runner/dist/index.js:1209:10)\n    at file:///home/cdr/domains/cdr2.com/www/job-tool/node_modules/@vitest/runner/dist/index.js:1653:37"],"location":{"line":360,"column":9},"meta":{}},{"ancestorTitles":["Store Module","Convenience Methods","deleteResume"],"fullName":"Store Module Convenience Methods deleteResume should do nothing if store not ready","status":"passed","title":"should do nothing if store not ready","duration":4.401578999999401,"failureMessages":[],"location":{"line":368,"column":9},"meta":{}},{"ancestorTitles":["Store Module","Convenience Methods","addLog"],"fullName":"Store Module Convenience Methods addLog should call store.addLog","status":"failed","title":"should call store.addLog","duration":10.183359000000564,"failureMessages":["AssertionError: expected \"vi.fn()\" to be called with arguments: [ { message: 'Test log', …(1) } ]\u001b[90m\n\nNumber of calls: \u001b[1m0\u001b[22m\n\u001b[39m\n    at Proxy.<anonymous> (file:///home/cdr/domains/cdr2.com/www/job-tool/node_modules/@vitest/expect/dist/index.js:1420:10)\n    at Proxy.<anonymous> (file:///home/cdr/domains/cdr2.com/www/job-tool/node_modules/@vitest/expect/dist/index.js:1090:14)\n    at Proxy.methodWrapper (file:///home/cdr/domains/cdr2.com/www/job-tool/node_modules/chai/index.js:1700:25)\n    at /home/cdr/domains/cdr2.com/www/job-tool/tests/unit/store.test.js:383:34\n    at file:///home/cdr/domains/cdr2.com/www/job-tool/node_modules/@vitest/runner/dist/index.js:145:11\n    at file:///home/cdr/domains/cdr2.com/www/job-tool/node_modules/@vitest/runner/dist/index.js:915:26\n    at file:///home/cdr/domains/cdr2.com/www/job-tool/node_modules/@vitest/runner/dist/index.js:1243:20\n    at new Promise (<anonymous>)\n    at runWithTimeout (file:///home/cdr/domains/cdr2.com/www/job-tool/node_modules/@vitest/runner/dist/index.js:1209:10)\n    at file:///home/cdr/domains/cdr2.com/www/job-tool/node_modules/@vitest/runner/dist/index.js:1653:37"],"location":{"line":378,"column":9},"meta":{}},{"ancestorTitles":["Store Module","Convenience Methods","addLog"],"fullName":"Store Module Convenience Methods addLog should do nothing if store not ready","status":"passed","title":"should do nothing if store not ready","duration":6.687346000000616,"failureMessages":[],"location":{"line":386,"column":9},"meta":{}},{"ancestorTitles":["Store Module","Convenience Methods","setLoading"],"fullName":"Store Module Convenience Methods setLoading should call store.setLoading with true","status":"failed","title":"should call store.setLoading with true","duration":5.89559299999928,"failureMessages":["AssertionError: expected \"vi.fn()\" to be called with arguments: [ true ]\u001b[90m\n\nNumber of calls: \u001b[1m0\u001b[22m\n\u001b[39m\n    at Proxy.<anonymous> (file:///home/cdr/domains/cdr2.com/www/job-tool/node_modules/@vitest/expect/dist/index.js:1420:10)\n    at Proxy.<anonymous> (file:///home/cdr/domains/cdr2.com/www/job-tool/node_modules/@vitest/expect/dist/index.js:1090:14)\n    at Proxy.methodWrapper (file:///home/cdr/domains/cdr2.com/www/job-tool/node_modules/chai/index.js:1700:25)\n    at /home/cdr/domains/cdr2.com/www/job-tool/tests/unit/store.test.js:399:38\n    at file:///home/cdr/domains/cdr2.com/www/job-tool/node_modules/@vitest/runner/dist/index.js:145:11\n    at file:///home/cdr/domains/cdr2.com/www/job-tool/node_modules/@vitest/runner/dist/index.js:915:26\n    at file:///home/cdr/domains/cdr2.com/www/job-tool/node_modules/@vitest/runner/dist/index.js:1243:20\n    at new Promise (<anonymous>)\n    at runWithTimeout (file:///home/cdr/domains/cdr2.com/www/job-tool/node_modules/@vitest/runner/dist/index.js:1209:10)\n    at file:///home/cdr/domains/cdr2.com/www/job-tool/node_modules/@vitest/runner/dist/index.js:1653:37"],"location":{"line":396,"column":9},"meta":{}},{"ancestorTitles":["Store Module","Convenience Methods","setLoading"],"fullName":"Store Module Convenience Methods setLoading should call store.setLoading with false","status":"failed","title":"should call store.setLoading with false","duration":35.943106000000625,"failureMessages":["AssertionError: expected \"vi.fn()\" to be called with arguments: [ false ]\u001b[90m\n\nNumber of calls: \u001b[1m0\u001b[22m\n\u001b[39m\n    at Proxy.<anonymous> (file:///home/cdr/domains/cdr2.com/www/job-tool/node_modules/@vitest/expect/dist/index.js:1420:10)\n    at Proxy.<anonymous> (file:///home/cdr/domains/cdr2.com/www/job-tool/node_modules/@vitest/expect/dist/index.js:1090:14)\n    at Proxy.methodWrapper (file:///home/cdr/domains/cdr2.com/www/job-tool/node_modules/chai/index.js:1700:25)\n    at /home/cdr/domains/cdr2.com/www/job-tool/tests/unit/store.test.js:405:38\n    at file:///home/cdr/domains/cdr2.com/www/job-tool/node_modules/@vitest/runner/dist/index.js:145:11\n    at file:///home/cdr/domains/cdr2.com/www/job-tool/node_modules/@vitest/runner/dist/index.js:915:26\n    at file:///home/cdr/domains/cdr2.com/www/job-tool/node_modules/@vitest/runner/dist/index.js:1243:20\n    at new Promise (<anonymous>)\n    at runWithTimeout (file:///home/cdr/domains/cdr2.com/www/job-tool/node_modules/@vitest/runner/dist/index.js:1209:10)\n    at file:///home/cdr/domains/cdr2.com/www/job-tool/node_modules/@vitest/runner/dist/index.js:1653:37"],"location":{"line":402,"column":9},"meta":{}},{"ancestorTitles":["Store Module","Convenience Methods","setLoading"],"fullName":"Store Module Convenience Methods setLoading should do nothing if store not ready","status":"passed","title":"should do nothing if store not ready","duration":7.218906000000061,"failureMessages":[],"location":{"line":408,"column":9},"meta":{}},{"ancestorTitles":["Store Module","Convenience Methods","updateSettings"],"fullName":"Store Module Convenience Methods updateSettings should call store.updateSettings","status":"failed","title":"should call store.updateSettings","duration":6.604460000000472,"failureMessages":["AssertionError: expected \"vi.fn()\" to be called with arguments: [ { theme: 'dark', language: 'en' } ]\u001b[90m\n\nNumber of calls: \u001b[1m0\u001b[22m\n\u001b[39m\n    at Proxy.<anonymous> (file:///home/cdr/domains/cdr2.com/www/job-tool/node_modules/@vitest/expect/dist/index.js:1420:10)\n    at Proxy.<anonymous> (file:///home/cdr/domains/cdr2.com/www/job-tool/node_modules/@vitest/expect/dist/index.js:1090:14)\n    at Proxy.methodWrapper (file:///home/cdr/domains/cdr2.com/www/job-tool/node_modules/chai/index.js:1700:25)\n    at /home/cdr/domains/cdr2.com/www/job-tool/tests/unit/store.test.js:423:42\n    at file:///home/cdr/domains/cdr2.com/www/job-tool/node_modules/@vitest/runner/dist/index.js:145:11\n    at file:///home/cdr/domains/cdr2.com/www/job-tool/node_modules/@vitest/runner/dist/index.js:915:26\n    at file:///home/cdr/domains/cdr2.com/www/job-tool/node_modules/@vitest/runner/dist/index.js:1243:20\n    at new Promise (<anonymous>)\n    at runWithTimeout (file:///home/cdr/domains/cdr2.com/www/job-tool/node_modules/@vitest/runner/dist/index.js:1209:10)\n    at file:///home/cdr/domains/cdr2.com/www/job-tool/node_modules/@vitest/runner/dist/index.js:1653:37"],"location":{"line":418,"column":9},"meta":{}},{"ancestorTitles":["Store Module","Convenience Methods","updateSettings"],"fullName":"Store Module Convenience Methods updateSettings should do nothing if store not ready","status":"passed","title":"should do nothing if store not ready","duration":5.6738639999985025,"failureMessages":[],"location":{"line":426,"column":9},"meta":{}},{"ancestorTitles":["Store Module","Convenience Methods","debugStore"],"fullName":"Store Module Convenience Methods debugStore should call store.debug","status":"failed","title":"should call store.debug","duration":15.34059999999954,"failureMessages":["AssertionError: expected \"vi.fn()\" to be called at least once\n    at Proxy.<anonymous> (file:///home/cdr/domains/cdr2.com/www/job-tool/node_modules/@vitest/expect/dist/index.js:1400:10)\n    at Proxy.<anonymous> (file:///home/cdr/domains/cdr2.com/www/job-tool/node_modules/@vitest/expect/dist/index.js:1090:14)\n    at Proxy.methodWrapper (file:///home/cdr/domains/cdr2.com/www/job-tool/node_modules/chai/index.js:1700:25)\n    at /home/cdr/domains/cdr2.com/www/job-tool/tests/unit/store.test.js:439:33\n    at file:///home/cdr/domains/cdr2.com/www/job-tool/node_modules/@vitest/runner/dist/index.js:145:11\n    at file:///home/cdr/domains/cdr2.com/www/job-tool/node_modules/@vitest/runner/dist/index.js:915:26\n    at file:///home/cdr/domains/cdr2.com/www/job-tool/node_modules/@vitest/runner/dist/index.js:1243:20\n    at new Promise (<anonymous>)\n    at runWithTimeout (file:///home/cdr/domains/cdr2.com/www/job-tool/node_modules/@vitest/runner/dist/index.js:1209:10)\n    at file:///home/cdr/domains/cdr2.com/www/job-tool/node_modules/@vitest/runner/dist/index.js:1653:37"],"location":{"line":436,"column":9},"meta":{}},{"ancestorTitles":["Store Module","Convenience Methods","debugStore"],"fullName":"Store Module Convenience Methods debugStore should return null if store not ready","status":"failed","title":"should return null if store not ready","duration":15.13791400000082,"failureMessages":["AssertionError: expected { state: 'debug info' } to be null\n    at /home/cdr/domains/cdr2.com/www/job-tool/tests/unit/store.test.js:448:27\n    at file:///home/cdr/domains/cdr2.com/www/job-tool/node_modules/@vitest/runner/dist/index.js:145:11\n    at file:///home/cdr/domains/cdr2.com/www/job-tool/node_modules/@vitest/runner/dist/index.js:915:26\n    at file:///home/cdr/domains/cdr2.com/www/job-tool/node_modules/@vitest/runner/dist/index.js:1243:20\n    at new Promise (<anonymous>)\n    at runWithTimeout (file:///home/cdr/domains/cdr2.com/www/job-tool/node_modules/@vitest/runner/dist/index.js:1209:10)\n    at file:///home/cdr/domains/cdr2.com/www/job-tool/node_modules/@vitest/runner/dist/index.js:1653:37\n    at Traces.$ (file:///home/cdr/domains/cdr2.com/www/job-tool/node_modules/vitest/dist/chunks/traces.CCmnQaNT.js:142:27)\n    at trace (file:///home/cdr/domains/cdr2.com/www/job-tool/node_modules/vitest/dist/chunks/test.B8ej_ZHS.js:239:21)\n    at runTest (file:///home/cdr/domains/cdr2.com/www/job-tool/node_modules/@vitest/runner/dist/index.js:1653:12)"],"location":{"line":443,"column":9},"meta":{}},{"ancestorTitles":["Store Module","Store Instance Caching"],"fullName":"Store Module Store Instance Caching should only query DOM once","status":"failed","title":"should only query DOM once","duration":12.483013999999457,"failureMessages":["AssertionError: expected \"vi.fn()\" to be called 1 times, but got 0 times\n    at /home/cdr/domains/cdr2.com/www/job-tool/tests/unit/store.test.js:461:38\n    at file:///home/cdr/domains/cdr2.com/www/job-tool/node_modules/@vitest/runner/dist/index.js:145:11\n    at file:///home/cdr/domains/cdr2.com/www/job-tool/node_modules/@vitest/runner/dist/index.js:915:26\n    at file:///home/cdr/domains/cdr2.com/www/job-tool/node_modules/@vitest/runner/dist/index.js:1243:20\n    at new Promise (<anonymous>)\n    at runWithTimeout (file:///home/cdr/domains/cdr2.com/www/job-tool/node_modules/@vitest/runner/dist/index.js:1209:10)\n    at file:///home/cdr/domains/cdr2.com/www/job-tool/node_modules/@vitest/runner/dist/index.js:1653:37\n    at Traces.$ (file:///home/cdr/domains/cdr2.com/www/job-tool/node_modules/vitest/dist/chunks/traces.CCmnQaNT.js:142:27)\n    at trace (file:///home/cdr/domains/cdr2.com/www/job-tool/node_modules/vitest/dist/chunks/test.B8ej_ZHS.js:239:21)\n    at runTest (file:///home/cdr/domains/cdr2.com/www/job-tool/node_modules/@vitest/runner/dist/index.js:1653:12)"],"location":{"line":454,"column":7},"meta":{}},{"ancestorTitles":["Store Module","Store Instance Caching"],"fullName":"Store Module Store Instance Caching should use cached instance for all operations","status":"failed","title":"should use cached instance for all operations","duration":13.755102000000988,"failureMessages":["AssertionError: expected \"vi.fn()\" to be called 1 times, but got 0 times\n    at /home/cdr/domains/cdr2.com/www/job-tool/tests/unit/store.test.js:472:24\n    at file:///home/cdr/domains/cdr2.com/www/job-tool/node_modules/@vitest/runner/dist/index.js:145:11\n    at file:///home/cdr/domains/cdr2.com/www/job-tool/node_modules/@vitest/runner/dist/index.js:915:26\n    at file:///home/cdr/domains/cdr2.com/www/job-tool/node_modules/@vitest/runner/dist/index.js:1243:20\n    at new Promise (<anonymous>)\n    at runWithTimeout (file:///home/cdr/domains/cdr2.com/www/job-tool/node_modules/@vitest/runner/dist/index.js:1209:10)\n    at file:///home/cdr/domains/cdr2.com/www/job-tool/node_modules/@vitest/runner/dist/index.js:1653:37\n    at Traces.$ (file:///home/cdr/domains/cdr2.com/www/job-tool/node_modules/vitest/dist/chunks/traces.CCmnQaNT.js:142:27)\n    at trace (file:///home/cdr/domains/cdr2.com/www/job-tool/node_modules/vitest/dist/chunks/test.B8ej_ZHS.js:239:21)\n    at runTest (file:///home/cdr/domains/cdr2.com/www/job-tool/node_modules/@vitest/runner/dist/index.js:1653:12)"],"location":{"line":464,"column":7},"meta":{}},{"ancestorTitles":["Store Module","Store Interface Validation"],"fullName":"Store Module Store Interface Validation should reject store without getState method","status":"failed","title":"should reject store without getState method","duration":7.544996000000538,"failureMessages":["AssertionError: expected { test: 'state' } to be null\n    at /home/cdr/domains/cdr2.com/www/job-tool/tests/unit/store.test.js:483:22\n    at file:///home/cdr/domains/cdr2.com/www/job-tool/node_modules/@vitest/runner/dist/index.js:145:11\n    at file:///home/cdr/domains/cdr2.com/www/job-tool/node_modules/@vitest/runner/dist/index.js:915:26\n    at file:///home/cdr/domains/cdr2.com/www/job-tool/node_modules/@vitest/runner/dist/index.js:1243:20\n    at new Promise (<anonymous>)\n    at runWithTimeout (file:///home/cdr/domains/cdr2.com/www/job-tool/node_modules/@vitest/runner/dist/index.js:1209:10)\n    at file:///home/cdr/domains/cdr2.com/www/job-tool/node_modules/@vitest/runner/dist/index.js:1653:37\n    at Traces.$ (file:///home/cdr/domains/cdr2.com/www/job-tool/node_modules/vitest/dist/chunks/traces.CCmnQaNT.js:142:27)\n    at trace (file:///home/cdr/domains/cdr2.com/www/job-tool/node_modules/vitest/dist/chunks/test.B8ej_ZHS.js:239:21)\n    at runTest (file:///home/cdr/domains/cdr2.com/www/job-tool/node_modules/@vitest/runner/dist/index.js:1653:12)"],"location":{"line":477,"column":7},"meta":{}},{"ancestorTitles":["Store Module","Store Interface Validation"],"fullName":"Store Module Store Interface Validation should reject store without setState method","status":"passed","title":"should reject store without setState method","duration":4.726354000000356,"failureMessages":[],"location":{"line":486,"column":7},"meta":{}},{"ancestorTitles":["Store Module","Store Interface Validation"],"fullName":"Store Module Store Interface Validation should accept valid store interface","status":"passed","title":"should accept valid store interface","duration":6.472165999999561,"failureMessages":[],"location":{"line":495,"column":7},"meta":{}}],"startTime":1769477825035,"endTime":1769477825635.4722,"status":"failed","message":"","name":"/home/cdr/domains/cdr2.com/www/job-tool/tests/unit/store.test.js"}]}